<?xml version="1.0" encoding="utf-8"?>
<!DOCTYPE coverage SYSTEM "http://cobertura.sourceforge.net/xml/coverage-04.dtd">
<coverage line-rate="0.941860465116279" branch-rate="0.928571428571429" lines-covered="162" lines-valid="172" branches-covered="26" branches-valid="28" complexity="43" version="0" timestamp="1677533804">
  <sources>
    <source>C:\</source>
  </sources>
  <packages>
    <package name="MasterMind" line-rate="0.896551724137931" branch-rate="0.928571428571429" complexity="30">
      <classes>
        <class name="MasterMind.SolutionWithDictionary" filename="C:\data\dev\MasterMind\MasterMind\SolutionWithDictionary.cs" line-rate="1" branch-rate="1" complexity="9">
          <methods>
            <method name="PlayMastermindRound" signature="(...)" line-rate="1" branch-rate="1" complexity="4">
              <lines>
                <line number="6" hits="4" branch="false" />
                <line number="7" hits="4" branch="false" />
                <line number="8" hits="4" branch="false" />
                <line number="10" hits="4" branch="false" />
                <line number="12" hits="26" branch="true" condition-coverage="100% (2/2)" />
                <line number="13" hits="7" branch="false" />
                <line number="14" hits="7" branch="false" />
                <line number="15" hits="7" branch="true" condition-coverage="100% (2/2)" />
                <line number="16" hits="3" branch="false" />
                <line number="17" hits="3" branch="false" />
                <line number="18" hits="3" branch="false" />
                <line number="19" hits="3" branch="false" />
                <line number="20" hits="3" branch="false" />
                <line number="21" hits="7" branch="false" />
                <line number="23" hits="4" branch="false" />
                <line number="24" hits="4" branch="false" />
              </lines>
            </method>
            <method name="PopulateColorIndex" signature="(...)" line-rate="1" branch-rate="1" complexity="4">
              <lines>
                <line number="27" hits="8" branch="false" />
                <line number="28" hits="8" branch="false" />
                <line number="30" hits="64" branch="true" condition-coverage="100% (2/2)" />
                <line number="31" hits="24" branch="false" />
                <line number="32" hits="24" branch="false" />
                <line number="33" hits="24" branch="true" condition-coverage="100% (2/2)" />
                <line number="34" hits="9" branch="false" />
                <line number="35" hits="9" branch="false" />
                <line number="36" hits="9" branch="false" />
                <line number="37" hits="24" branch="false" />
                <line number="39" hits="8" branch="false" />
                <line number="40" hits="8" branch="false" />
              </lines>
            </method>
            <method name="ComputeScorePerColor" signature="(...)" line-rate="1" branch-rate="1" complexity="1">
              <lines>
                <line number="44" hits="3" branch="false" />
                <line number="45" hits="3" branch="false" />
                <line number="47" hits="3" branch="false" />
                <line number="48" hits="3" branch="false" />
                <line number="50" hits="3" branch="false" />
                <line number="52" hits="3" branch="false" />
              </lines>
            </method>
          </methods>
          <lines>
            <line number="6" hits="4" branch="false" />
            <line number="7" hits="4" branch="false" />
            <line number="8" hits="4" branch="false" />
            <line number="10" hits="4" branch="false" />
            <line number="12" hits="26" branch="true" condition-coverage="100% (2/2)" />
            <line number="13" hits="7" branch="false" />
            <line number="14" hits="7" branch="false" />
            <line number="15" hits="7" branch="true" condition-coverage="100% (2/2)" />
            <line number="16" hits="3" branch="false" />
            <line number="17" hits="3" branch="false" />
            <line number="18" hits="3" branch="false" />
            <line number="19" hits="3" branch="false" />
            <line number="20" hits="3" branch="false" />
            <line number="21" hits="7" branch="false" />
            <line number="23" hits="4" branch="false" />
            <line number="24" hits="4" branch="false" />
            <line number="27" hits="8" branch="false" />
            <line number="28" hits="8" branch="false" />
            <line number="30" hits="64" branch="true" condition-coverage="100% (2/2)" />
            <line number="31" hits="24" branch="false" />
            <line number="32" hits="24" branch="false" />
            <line number="33" hits="24" branch="true" condition-coverage="100% (2/2)" />
            <line number="34" hits="9" branch="false" />
            <line number="35" hits="9" branch="false" />
            <line number="36" hits="9" branch="false" />
            <line number="37" hits="24" branch="false" />
            <line number="39" hits="8" branch="false" />
            <line number="40" hits="8" branch="false" />
            <line number="44" hits="3" branch="false" />
            <line number="45" hits="3" branch="false" />
            <line number="47" hits="3" branch="false" />
            <line number="48" hits="3" branch="false" />
            <line number="50" hits="3" branch="false" />
            <line number="52" hits="3" branch="false" />
          </lines>
        </class>
        <class name="MasterMind.SolutionWithDynamicListOfIndex" filename="C:\data\dev\MasterMind\MasterMind\SolutionWithDynamicListOfIndex.cs" line-rate="1" branch-rate="1" complexity="10">
          <methods>
            <method name="PlayMastermindRound" signature="(...)" line-rate="1" branch-rate="1" complexity="10">
              <lines>
                <line number="6" hits="7" branch="false" />
                <line number="7" hits="7" branch="false" />
                <line number="8" hits="7" branch="false" />
                <line number="10" hits="56" branch="true" condition-coverage="100% (2/2)" />
                <line number="11" hits="21" branch="false" />
                <line number="12" hits="21" branch="true" condition-coverage="100% (2/2)" />
                <line number="13" hits="4" branch="false" />
                <line number="14" hits="4" branch="false" />
                <line number="15" hits="4" branch="false" />
                <line number="16" hits="4" branch="false" />
                <line number="18" hits="17" branch="false" />
                <line number="19" hits="116" branch="true" condition-coverage="100% (2/2)" />
                <line number="20" hits="45" branch="false" />
                <line number="21" hits="45" branch="true" condition-coverage="100% (2/2)" />
                <line number="22" hits="37" branch="false" />
                <line number="23" hits="37" branch="true" condition-coverage="100% (2/2)" />
                <line number="24" hits="4" branch="false" />
                <line number="25" hits="4" branch="false" />
                <line number="26" hits="4" branch="false" />
                <line number="27" hits="4" branch="false" />
                <line number="29" hits="33" branch="false" />
                <line number="30" hits="41" branch="false" />
                <line number="31" hits="17" branch="false" />
                <line number="32" hits="21" branch="false" />
                <line number="34" hits="7" branch="false" />
                <line number="35" hits="7" branch="false" />
              </lines>
            </method>
          </methods>
          <lines>
            <line number="6" hits="7" branch="false" />
            <line number="7" hits="7" branch="false" />
            <line number="8" hits="7" branch="false" />
            <line number="10" hits="56" branch="true" condition-coverage="100% (2/2)" />
            <line number="11" hits="21" branch="false" />
            <line number="12" hits="21" branch="true" condition-coverage="100% (2/2)" />
            <line number="13" hits="4" branch="false" />
            <line number="14" hits="4" branch="false" />
            <line number="15" hits="4" branch="false" />
            <line number="16" hits="4" branch="false" />
            <line number="18" hits="17" branch="false" />
            <line number="19" hits="116" branch="true" condition-coverage="100% (2/2)" />
            <line number="20" hits="45" branch="false" />
            <line number="21" hits="45" branch="true" condition-coverage="100% (2/2)" />
            <line number="22" hits="37" branch="false" />
            <line number="23" hits="37" branch="true" condition-coverage="100% (2/2)" />
            <line number="24" hits="4" branch="false" />
            <line number="25" hits="4" branch="false" />
            <line number="26" hits="4" branch="false" />
            <line number="27" hits="4" branch="false" />
            <line number="29" hits="33" branch="false" />
            <line number="30" hits="41" branch="false" />
            <line number="31" hits="17" branch="false" />
            <line number="32" hits="21" branch="false" />
            <line number="34" hits="7" branch="false" />
            <line number="35" hits="7" branch="false" />
          </lines>
        </class>
        <class name="MasterMind.SolutionWithFixedListOfIndexes" filename="C:\data\dev\MasterMind\MasterMind\SolutionWithFixedListOfIndexes.cs" line-rate="0.692307692307692" branch-rate="0.8" complexity="10">
          <methods>
            <method name="PlayMastermindRound" signature="(...)" line-rate="0.692307692307692" branch-rate="0.8" complexity="10">
              <lines>
                <line number="8" hits="1" branch="false" />
                <line number="9" hits="4" branch="false" />
                <line number="10" hits="1" branch="false" />
                <line number="12" hits="8" branch="true" condition-coverage="100% (2/2)" />
                <line number="13" hits="3" branch="false" />
                <line number="14" hits="3" branch="true" condition-coverage="50% (1/2)" />
                <line number="15" hits="0" branch="false" />
                <line number="16" hits="0" branch="false" />
                <line number="17" hits="0" branch="false" />
                <line number="18" hits="0" branch="false" />
                <line number="20" hits="3" branch="false" />
                <line number="21" hits="24" branch="true" condition-coverage="100% (2/2)" />
                <line number="22" hits="9" branch="false" />
                <line number="23" hits="9" branch="true" condition-coverage="100% (2/2)" />
                <line number="24" hits="9" branch="false" />
                <line number="25" hits="9" branch="true" condition-coverage="50% (1/2)" />
                <line number="26" hits="0" branch="false" />
                <line number="27" hits="0" branch="false" />
                <line number="28" hits="0" branch="false" />
                <line number="29" hits="0" branch="false" />
                <line number="31" hits="9" branch="false" />
                <line number="32" hits="9" branch="false" />
                <line number="33" hits="3" branch="false" />
                <line number="34" hits="3" branch="false" />
                <line number="36" hits="1" branch="false" />
                <line number="37" hits="1" branch="false" />
              </lines>
            </method>
          </methods>
          <lines>
            <line number="8" hits="1" branch="false" />
            <line number="9" hits="4" branch="false" />
            <line number="10" hits="1" branch="false" />
            <line number="12" hits="8" branch="true" condition-coverage="100% (2/2)" />
            <line number="13" hits="3" branch="false" />
            <line number="14" hits="3" branch="true" condition-coverage="50% (1/2)" />
            <line number="15" hits="0" branch="false" />
            <line number="16" hits="0" branch="false" />
            <line number="17" hits="0" branch="false" />
            <line number="18" hits="0" branch="false" />
            <line number="20" hits="3" branch="false" />
            <line number="21" hits="24" branch="true" condition-coverage="100% (2/2)" />
            <line number="22" hits="9" branch="false" />
            <line number="23" hits="9" branch="true" condition-coverage="100% (2/2)" />
            <line number="24" hits="9" branch="false" />
            <line number="25" hits="9" branch="true" condition-coverage="50% (1/2)" />
            <line number="26" hits="0" branch="false" />
            <line number="27" hits="0" branch="false" />
            <line number="28" hits="0" branch="false" />
            <line number="29" hits="0" branch="false" />
            <line number="31" hits="9" branch="false" />
            <line number="32" hits="9" branch="false" />
            <line number="33" hits="3" branch="false" />
            <line number="34" hits="3" branch="false" />
            <line number="36" hits="1" branch="false" />
            <line number="37" hits="1" branch="false" />
          </lines>
        </class>
        <class name="Program" filename="C:\data\dev\MasterMind\MasterMind\Program.cs" line-rate="0" branch-rate="1" complexity="1">
          <methods>
            <method name="&lt;Main&gt;$" signature="(...)" line-rate="0" branch-rate="1" complexity="1">
              <lines>
                <line number="3" hits="0" branch="false" />
              </lines>
            </method>
          </methods>
          <lines>
            <line number="3" hits="0" branch="false" />
          </lines>
        </class>
      </classes>
    </package>
    <package name="MasterMindTest" line-rate="0.988235294117647" branch-rate="1" complexity="13">
      <classes>
        <class name="AutoGeneratedProgram" filename="C:\Users\filippogentile\.nuget\packages\microsoft.net.test.sdk\17.3.2\build\netcoreapp2.1\Microsoft.NET.Test.Sdk.Program.cs" line-rate="0" branch-rate="1" complexity="1">
          <methods>
            <method name="Main" signature="(...)" line-rate="0" branch-rate="1" complexity="1">
              <lines>
                <line number="4" hits="0" branch="false" />
              </lines>
            </method>
          </methods>
          <lines>
            <line number="4" hits="0" branch="false" />
          </lines>
        </class>
        <class name="MasterMindTest.SolutionWithDictionaryTests" filename="C:\data\dev\MasterMind\MasterMindTest\SolutionWithDictionaryTests.cs" line-rate="1" branch-rate="1" complexity="4">
          <methods>
            <method name="No_Correct_Guessed_Color_ShouldReturn_0_0" signature="()" line-rate="1" branch-rate="1" complexity="1">
              <lines>
                <line number="9" hits="1" branch="false" />
                <line number="11" hits="1" branch="false" />
                <line number="12" hits="1" branch="false" />
                <line number="15" hits="1" branch="false" />
                <line number="18" hits="1" branch="false" />
                <line number="19" hits="1" branch="false" />
                <line number="20" hits="1" branch="false" />
              </lines>
            </method>
            <method name="One_Correct_Guessed_Color_ShouldReturn_0_1" signature="()" line-rate="1" branch-rate="1" complexity="1">
              <lines>
                <line number="24" hits="1" branch="false" />
                <line number="26" hits="1" branch="false" />
                <line number="27" hits="1" branch="false" />
                <line number="30" hits="1" branch="false" />
                <line number="33" hits="1" branch="false" />
                <line number="34" hits="1" branch="false" />
                <line number="35" hits="1" branch="false" />
              </lines>
            </method>
            <method name="One_Correct_Guessed_Color_With_Position_ShouldReturn_1_0" signature="()" line-rate="1" branch-rate="1" complexity="1">
              <lines>
                <line number="39" hits="1" branch="false" />
                <line number="41" hits="1" branch="false" />
                <line number="42" hits="1" branch="false" />
                <line number="45" hits="1" branch="false" />
                <line number="48" hits="1" branch="false" />
                <line number="49" hits="1" branch="false" />
                <line number="50" hits="1" branch="false" />
              </lines>
            </method>
            <method name="One_Correct_Guessed_Color_With_Position_And_One_Guessed_Color_ShouldReturn_1_1" signature="()" line-rate="1" branch-rate="1" complexity="1">
              <lines>
                <line number="54" hits="1" branch="false" />
                <line number="56" hits="1" branch="false" />
                <line number="57" hits="1" branch="false" />
                <line number="60" hits="1" branch="false" />
                <line number="63" hits="1" branch="false" />
                <line number="64" hits="1" branch="false" />
                <line number="65" hits="1" branch="false" />
              </lines>
            </method>
          </methods>
          <lines>
            <line number="9" hits="1" branch="false" />
            <line number="11" hits="1" branch="false" />
            <line number="12" hits="1" branch="false" />
            <line number="15" hits="1" branch="false" />
            <line number="18" hits="1" branch="false" />
            <line number="19" hits="1" branch="false" />
            <line number="20" hits="1" branch="false" />
            <line number="24" hits="1" branch="false" />
            <line number="26" hits="1" branch="false" />
            <line number="27" hits="1" branch="false" />
            <line number="30" hits="1" branch="false" />
            <line number="33" hits="1" branch="false" />
            <line number="34" hits="1" branch="false" />
            <line number="35" hits="1" branch="false" />
            <line number="39" hits="1" branch="false" />
            <line number="41" hits="1" branch="false" />
            <line number="42" hits="1" branch="false" />
            <line number="45" hits="1" branch="false" />
            <line number="48" hits="1" branch="false" />
            <line number="49" hits="1" branch="false" />
            <line number="50" hits="1" branch="false" />
            <line number="54" hits="1" branch="false" />
            <line number="56" hits="1" branch="false" />
            <line number="57" hits="1" branch="false" />
            <line number="60" hits="1" branch="false" />
            <line number="63" hits="1" branch="false" />
            <line number="64" hits="1" branch="false" />
            <line number="65" hits="1" branch="false" />
          </lines>
        </class>
        <class name="MasterMindTest.SolutionWithDynamicListTests" filename="C:\data\dev\MasterMind\MasterMindTest\SolutionWithDynamicListTests.cs" line-rate="1" branch-rate="1" complexity="4">
          <methods>
            <method name="No_Correct_Guessed_Color_ShouldReturn_0_0" signature="()" line-rate="1" branch-rate="1" complexity="1">
              <lines>
                <line number="9" hits="1" branch="false" />
                <line number="11" hits="1" branch="false" />
                <line number="12" hits="1" branch="false" />
                <line number="15" hits="1" branch="false" />
                <line number="18" hits="1" branch="false" />
                <line number="19" hits="1" branch="false" />
                <line number="20" hits="1" branch="false" />
              </lines>
            </method>
            <method name="One_Correct_Guessed_Color_ShouldReturn_0_1" signature="()" line-rate="1" branch-rate="1" complexity="1">
              <lines>
                <line number="24" hits="1" branch="false" />
                <line number="26" hits="1" branch="false" />
                <line number="27" hits="1" branch="false" />
                <line number="30" hits="1" branch="false" />
                <line number="33" hits="1" branch="false" />
                <line number="34" hits="1" branch="false" />
                <line number="35" hits="1" branch="false" />
              </lines>
            </method>
            <method name="One_Correct_Guessed_Color_With_Position_ShouldReturn_1_0" signature="()" line-rate="1" branch-rate="1" complexity="1">
              <lines>
                <line number="39" hits="1" branch="false" />
                <line number="41" hits="1" branch="false" />
                <line number="42" hits="1" branch="false" />
                <line number="45" hits="1" branch="false" />
                <line number="48" hits="1" branch="false" />
                <line number="49" hits="1" branch="false" />
                <line number="50" hits="1" branch="false" />
              </lines>
            </method>
            <method name="One_Correct_Guessed_Color_With_Position_And_One_Guessed_Color_ShouldReturn_1_1" signature="()" line-rate="1" branch-rate="1" complexity="1">
              <lines>
                <line number="54" hits="1" branch="false" />
                <line number="56" hits="1" branch="false" />
                <line number="57" hits="1" branch="false" />
                <line number="60" hits="1" branch="false" />
                <line number="63" hits="1" branch="false" />
                <line number="64" hits="1" branch="false" />
                <line number="65" hits="1" branch="false" />
              </lines>
            </method>
          </methods>
          <lines>
            <line number="9" hits="1" branch="false" />
            <line number="11" hits="1" branch="false" />
            <line number="12" hits="1" branch="false" />
            <line number="15" hits="1" branch="false" />
            <line number="18" hits="1" branch="false" />
            <line number="19" hits="1" branch="false" />
            <line number="20" hits="1" branch="false" />
            <line number="24" hits="1" branch="false" />
            <line number="26" hits="1" branch="false" />
            <line number="27" hits="1" branch="false" />
            <line number="30" hits="1" branch="false" />
            <line number="33" hits="1" branch="false" />
            <line number="34" hits="1" branch="false" />
            <line number="35" hits="1" branch="false" />
            <line number="39" hits="1" branch="false" />
            <line number="41" hits="1" branch="false" />
            <line number="42" hits="1" branch="false" />
            <line number="45" hits="1" branch="false" />
            <line number="48" hits="1" branch="false" />
            <line number="49" hits="1" branch="false" />
            <line number="50" hits="1" branch="false" />
            <line number="54" hits="1" branch="false" />
            <line number="56" hits="1" branch="false" />
            <line number="57" hits="1" branch="false" />
            <line number="60" hits="1" branch="false" />
            <line number="63" hits="1" branch="false" />
            <line number="64" hits="1" branch="false" />
            <line number="65" hits="1" branch="false" />
          </lines>
        </class>
        <class name="MasterMindTest.SolutionWithFixedListTests" filename="C:\data\dev\MasterMind\MasterMindTest\SolutionWithFixedListTests.cs" line-rate="1" branch-rate="1" complexity="4">
          <methods>
            <method name="No_Correct_Guessed_Color_ShouldReturn_0_0" signature="()" line-rate="1" branch-rate="1" complexity="1">
              <lines>
                <line number="9" hits="1" branch="false" />
                <line number="11" hits="1" branch="false" />
                <line number="12" hits="1" branch="false" />
                <line number="15" hits="1" branch="false" />
                <line number="18" hits="1" branch="false" />
                <line number="19" hits="1" branch="false" />
                <line number="20" hits="1" branch="false" />
              </lines>
            </method>
            <method name="One_Correct_Guessed_Color_ShouldReturn_0_1" signature="()" line-rate="1" branch-rate="1" complexity="1">
              <lines>
                <line number="24" hits="1" branch="false" />
                <line number="26" hits="1" branch="false" />
                <line number="27" hits="1" branch="false" />
                <line number="30" hits="1" branch="false" />
                <line number="33" hits="1" branch="false" />
                <line number="34" hits="1" branch="false" />
                <line number="35" hits="1" branch="false" />
              </lines>
            </method>
            <method name="One_Correct_Guessed_Color_With_Position_ShouldReturn_1_0" signature="()" line-rate="1" branch-rate="1" complexity="1">
              <lines>
                <line number="39" hits="1" branch="false" />
                <line number="41" hits="1" branch="false" />
                <line number="42" hits="1" branch="false" />
                <line number="45" hits="1" branch="false" />
                <line number="48" hits="1" branch="false" />
                <line number="49" hits="1" branch="false" />
                <line number="50" hits="1" branch="false" />
              </lines>
            </method>
            <method name="One_Correct_Guessed_Color_With_Position_And_One_Guessed_Color_ShouldReturn_1_1" signature="()" line-rate="1" branch-rate="1" complexity="1">
              <lines>
                <line number="54" hits="1" branch="false" />
                <line number="56" hits="1" branch="false" />
                <line number="57" hits="1" branch="false" />
                <line number="60" hits="1" branch="false" />
                <line number="63" hits="1" branch="false" />
                <line number="64" hits="1" branch="false" />
                <line number="65" hits="1" branch="false" />
              </lines>
            </method>
          </methods>
          <lines>
            <line number="9" hits="1" branch="false" />
            <line number="11" hits="1" branch="false" />
            <line number="12" hits="1" branch="false" />
            <line number="15" hits="1" branch="false" />
            <line number="18" hits="1" branch="false" />
            <line number="19" hits="1" branch="false" />
            <line number="20" hits="1" branch="false" />
            <line number="24" hits="1" branch="false" />
            <line number="26" hits="1" branch="false" />
            <line number="27" hits="1" branch="false" />
            <line number="30" hits="1" branch="false" />
            <line number="33" hits="1" branch="false" />
            <line number="34" hits="1" branch="false" />
            <line number="35" hits="1" branch="false" />
            <line number="39" hits="1" branch="false" />
            <line number="41" hits="1" branch="false" />
            <line number="42" hits="1" branch="false" />
            <line number="45" hits="1" branch="false" />
            <line number="48" hits="1" branch="false" />
            <line number="49" hits="1" branch="false" />
            <line number="50" hits="1" branch="false" />
            <line number="54" hits="1" branch="false" />
            <line number="56" hits="1" branch="false" />
            <line number="57" hits="1" branch="false" />
            <line number="60" hits="1" branch="false" />
            <line number="63" hits="1" branch="false" />
            <line number="64" hits="1" branch="false" />
            <line number="65" hits="1" branch="false" />
          </lines>
        </class>
      </classes>
    </package>
  </packages>
</coverage>