TpTrace Verbose: 0 : 14420, 1, 2023/02/27, 21:36:40.555, 5196843292614, vstest.console.dll, Version: 17.4.0-release-20221019-01 Current process architecture: X64
TpTrace Verbose: 0 : 14420, 1, 2023/02/27, 21:36:40.557, 5196843311924, vstest.console.dll, Runtime location: C:\Program Files\dotnet\shared\Microsoft.NETCore.App\7.0.2
TpTrace Verbose: 0 : 14420, 1, 2023/02/27, 21:36:40.563, 5196843368372, vstest.console.dll, ArtifactProcessingPostProcessModeProcessorExecutor.Initialize: ArtifactProcessingMode.Collect
TpTrace Verbose: 0 : 14420, 1, 2023/02/27, 21:36:40.563, 5196843369814, vstest.console.dll, TestSessionCorrelationIdProcessorModeProcessorExecutor.Initialize: TestSessionCorrelationId '37864_f44a771a-b31b-4043-94bc-3ed50b21d9a4'
TpTrace Information: 0 : 14420, 1, 2023/02/27, 21:36:40.575, 5196843490752, vstest.console.dll, FilePatternParser: The given file C:\data\dev\MasterMind\MasterMindTest\bin\Debug\net6.0\fine-code-coverage\build-output\MasterMindTest.dll is a full path.
TpTrace Verbose: 0 : 14420, 1, 2023/02/27, 21:36:40.591, 5196843643870, vstest.console.dll, TestPluginCache.DiscoverTestExtensions: finding test extensions in assemblies ends with: RuntimeProvider.dll TPluginInfo: Microsoft.VisualStudio.TestPlatform.Common.ExtensionFramework.Utilities.TestRuntimePluginInformation TExtension: Microsoft.VisualStudio.TestPlatform.ObjectModel.Host.ITestRuntimeProvider
TpTrace Verbose: 0 : 14420, 1, 2023/02/27, 21:36:40.591, 5196843646938, vstest.console.dll, TestPluginCache.GetExtensionPaths: Filtered extension paths: 
TpTrace Verbose: 0 : 14420, 1, 2023/02/27, 21:36:40.591, 5196843648006, vstest.console.dll, TestPluginCache.GetExtensionPaths: Added default extension paths: C:\Program Files\dotnet\sdk\7.0.102\Extensions\Microsoft.Diagnostics.NETCore.Client.dll
C:\Program Files\dotnet\sdk\7.0.102\Extensions\Microsoft.TestPlatform.Extensions.BlameDataCollector.dll
C:\Program Files\dotnet\sdk\7.0.102\Extensions\Microsoft.TestPlatform.Extensions.EventLogCollector.dll
C:\Program Files\dotnet\sdk\7.0.102\Extensions\Microsoft.TestPlatform.TestHostRuntimeProvider.dll
C:\Program Files\dotnet\sdk\7.0.102\Extensions\Microsoft.VisualStudio.TestPlatform.Extensions.Html.TestLogger.dll
C:\Program Files\dotnet\sdk\7.0.102\Extensions\Microsoft.VisualStudio.TestPlatform.Extensions.Trx.TestLogger.dll
TpTrace Verbose: 0 : 14420, 1, 2023/02/27, 21:36:40.591, 5196843648366, vstest.console.dll, TestPluginCache.GetExtensionPaths: Added unfilterableExtensionPaths: 
TpTrace Information: 0 : 14420, 1, 2023/02/27, 21:36:40.592, 5196843658010, vstest.console.dll, AssemblyResolver.ctor: Creating AssemblyResolver with searchDirectories C:\Program Files\dotnet\sdk\7.0.102\Extensions,C:\Program Files\dotnet\sdk\7.0.102
TpTrace Verbose: 0 : 14420, 1, 2023/02/27, 21:36:40.594, 5196843676055, vstest.console.dll, TestPluginCache.DiscoverTestExtensions: Discovering the extensions using extension path.
TpTrace Verbose: 0 : 14420, 1, 2023/02/27, 21:36:40.594, 5196843677767, vstest.console.dll, TestPluginCache.GetExtensionPaths: Filtered extension paths: 
TpTrace Verbose: 0 : 14420, 1, 2023/02/27, 21:36:40.594, 5196843678243, vstest.console.dll, TestPluginCache.GetExtensionPaths: Added default extension paths: C:\Program Files\dotnet\sdk\7.0.102\Extensions\Microsoft.Diagnostics.NETCore.Client.dll
C:\Program Files\dotnet\sdk\7.0.102\Extensions\Microsoft.TestPlatform.Extensions.BlameDataCollector.dll
C:\Program Files\dotnet\sdk\7.0.102\Extensions\Microsoft.TestPlatform.Extensions.EventLogCollector.dll
C:\Program Files\dotnet\sdk\7.0.102\Extensions\Microsoft.TestPlatform.TestHostRuntimeProvider.dll
C:\Program Files\dotnet\sdk\7.0.102\Extensions\Microsoft.VisualStudio.TestPlatform.Extensions.Html.TestLogger.dll
C:\Program Files\dotnet\sdk\7.0.102\Extensions\Microsoft.VisualStudio.TestPlatform.Extensions.Trx.TestLogger.dll
TpTrace Verbose: 0 : 14420, 1, 2023/02/27, 21:36:40.594, 5196843678504, vstest.console.dll, TestPluginCache.GetExtensionPaths: Added unfilterableExtensionPaths: 
TpTrace Verbose: 0 : 14420, 1, 2023/02/27, 21:36:40.594, 5196843679442, vstest.console.dll, TestPluginCache.DiscoverTestExtensions: Discovering the extensions using allExtensionPaths: C:\Program Files\dotnet\sdk\7.0.102\Extensions\Microsoft.Diagnostics.NETCore.Client.dll
C:\Program Files\dotnet\sdk\7.0.102\Extensions\Microsoft.TestPlatform.Extensions.BlameDataCollector.dll
C:\Program Files\dotnet\sdk\7.0.102\Extensions\Microsoft.TestPlatform.Extensions.EventLogCollector.dll
C:\Program Files\dotnet\sdk\7.0.102\Extensions\Microsoft.TestPlatform.TestHostRuntimeProvider.dll
C:\Program Files\dotnet\sdk\7.0.102\Extensions\Microsoft.VisualStudio.TestPlatform.Extensions.Html.TestLogger.dll
C:\Program Files\dotnet\sdk\7.0.102\Extensions\Microsoft.VisualStudio.TestPlatform.Extensions.Trx.TestLogger.dll
TpTrace Information: 0 : 14420, 1, 2023/02/27, 21:36:40.594, 5196843681014, vstest.console.dll, AssemblyResolver.AddSearchDirectories: Adding more searchDirectories C:\Program Files\dotnet\sdk\7.0.102\Extensions,C:\Program Files\dotnet\sdk\7.0.102
TpTrace Information: 0 : 14420, 1, 2023/02/27, 21:36:40.594, 5196843681617, vstest.console.dll, AssemblyResolver.AddSearchDirectories: Adding more searchDirectories C:\Program Files\dotnet\sdk\7.0.102\Extensions,C:\Program Files\dotnet\sdk\7.0.102
TpTrace Information: 0 : 14420, 1, 2023/02/27, 21:36:40.594, 5196843681888, vstest.console.dll, AssemblyResolver.AddSearchDirectories: Adding more searchDirectories C:\Program Files\dotnet\sdk\7.0.102\Extensions,C:\Program Files\dotnet\sdk\7.0.102
TpTrace Information: 0 : 14420, 1, 2023/02/27, 21:36:40.594, 5196843682123, vstest.console.dll, AssemblyResolver.AddSearchDirectories: Adding more searchDirectories C:\Program Files\dotnet\sdk\7.0.102\Extensions,C:\Program Files\dotnet\sdk\7.0.102
TpTrace Information: 0 : 14420, 1, 2023/02/27, 21:36:40.594, 5196843682351, vstest.console.dll, AssemblyResolver.AddSearchDirectories: Adding more searchDirectories C:\Program Files\dotnet\sdk\7.0.102\Extensions,C:\Program Files\dotnet\sdk\7.0.102
TpTrace Information: 0 : 14420, 1, 2023/02/27, 21:36:40.594, 5196843682619, vstest.console.dll, AssemblyResolver.AddSearchDirectories: Adding more searchDirectories C:\Program Files\dotnet\sdk\7.0.102\Extensions,C:\Program Files\dotnet\sdk\7.0.102
TpTrace Information: 0 : 14420, 1, 2023/02/27, 21:36:40.595, 5196843687061, vstest.console.dll, AssemblyResolver.OnResolve: Microsoft.Diagnostics.NETCore.Client: Resolving assembly.
TpTrace Information: 0 : 14420, 1, 2023/02/27, 21:36:40.595, 5196843687785, vstest.console.dll, AssemblyResolver.OnResolve: Microsoft.Diagnostics.NETCore.Client: Searching in: 'C:\Program Files\dotnet\sdk\7.0.102\Extensions'.
TpTrace Information: 0 : 14420, 1, 2023/02/27, 21:36:40.605, 5196843788031, vstest.console.dll, AssemblyResolver.OnResolve: Microsoft.Diagnostics.NETCore.Client: Loading assembly 'C:\Program Files\dotnet\sdk\7.0.102\Extensions\Microsoft.Diagnostics.NETCore.Client.dll'.
TpTrace Information: 0 : 14420, 1, 2023/02/27, 21:36:40.607, 5196843805690, vstest.console.dll, AssemblyResolver.OnResolve: Resolved assembly: Microsoft.Diagnostics.NETCore.Client, from path: C:\Program Files\dotnet\sdk\7.0.102\Extensions\Microsoft.Diagnostics.NETCore.Client.dll
TpTrace Verbose: 0 : 14420, 1, 2023/02/27, 21:36:40.608, 5196843819708, vstest.console.dll, MetadataReaderExtensionsHelper: Discovering extensions inside assembly 'Microsoft.Diagnostics.NETCore.Client, Version=0.2.6.42401, Culture=neutral, PublicKeyToken=31bf3856ad364e35' file path 'C:\Program Files\dotnet\sdk\7.0.102\Extensions\Microsoft.Diagnostics.NETCore.Client.dll'
TpTrace Information: 0 : 14420, 1, 2023/02/27, 21:36:40.616, 5196843899702, vstest.console.dll, AssemblyResolver.OnResolve: Microsoft.Bcl.AsyncInterfaces: Resolving assembly.
TpTrace Information: 0 : 14420, 1, 2023/02/27, 21:36:40.616, 5196843901599, vstest.console.dll, AssemblyResolver.OnResolve: Microsoft.Bcl.AsyncInterfaces: Searching in: 'C:\Program Files\dotnet\sdk\7.0.102\Extensions'.
TpTrace Information: 0 : 14420, 1, 2023/02/27, 21:36:40.616, 5196843902763, vstest.console.dll, AssemblyResolver.OnResolve: Microsoft.Bcl.AsyncInterfaces: Assembly path does not exist: 'C:\Program Files\dotnet\sdk\7.0.102\Extensions\Microsoft.Bcl.AsyncInterfaces.dll', returning.
TpTrace Information: 0 : 14420, 1, 2023/02/27, 21:36:40.617, 5196843903973, vstest.console.dll, AssemblyResolver.OnResolve: Microsoft.Bcl.AsyncInterfaces: Assembly path does not exist: 'C:\Program Files\dotnet\sdk\7.0.102\Extensions\Microsoft.Bcl.AsyncInterfaces.exe', returning.
TpTrace Information: 0 : 14420, 1, 2023/02/27, 21:36:40.617, 5196843904296, vstest.console.dll, AssemblyResolver.OnResolve: Microsoft.Bcl.AsyncInterfaces: Searching in: 'C:\Program Files\dotnet\sdk\7.0.102'.
TpTrace Information: 0 : 14420, 1, 2023/02/27, 21:36:40.617, 5196843904793, vstest.console.dll, AssemblyResolver.OnResolve: Microsoft.Bcl.AsyncInterfaces: Assembly path does not exist: 'C:\Program Files\dotnet\sdk\7.0.102\Microsoft.Bcl.AsyncInterfaces.dll', returning.
TpTrace Information: 0 : 14420, 1, 2023/02/27, 21:36:40.617, 5196843905195, vstest.console.dll, AssemblyResolver.OnResolve: Microsoft.Bcl.AsyncInterfaces: Assembly path does not exist: 'C:\Program Files\dotnet\sdk\7.0.102\Microsoft.Bcl.AsyncInterfaces.exe', returning.
TpTrace Information: 0 : 14420, 1, 2023/02/27, 21:36:40.617, 5196843905464, vstest.console.dll, AssemblyResolver.OnResolve: Microsoft.Bcl.AsyncInterfaces: Failed to load assembly.
TpTrace Verbose: 0 : 14420, 1, 2023/02/27, 21:36:40.617, 5196843905825, vstest.console.dll, CurrentDomainAssemblyResolve: Resolving assembly 'Microsoft.Bcl.AsyncInterfaces'.
TpTrace Information: 0 : 14420, 1, 2023/02/27, 21:36:40.617, 5196843906591, vstest.console.dll, AssemblyResolver.OnResolve: Microsoft.Bcl.AsyncInterfaces: Resolving assembly.
TpTrace Information: 0 : 14420, 1, 2023/02/27, 21:36:40.617, 5196843907107, vstest.console.dll, AssemblyResolver.OnResolve: Microsoft.Bcl.AsyncInterfaces: Resolved from cache.
TpTrace Verbose: 0 : 14420, 1, 2023/02/27, 21:36:40.617, 5196843907462, vstest.console.dll, CurrentDomainAssemblyResolve: Resolving assembly 'Microsoft.Bcl.AsyncInterfaces'.
TpTrace Verbose: 0 : 14420, 1, 2023/02/27, 21:36:40.617, 5196843907834, vstest.console.dll, CurrentDomainAssemblyResolve: Failed to resolve assembly 'Microsoft.Bcl.AsyncInterfaces'.
TpTrace Verbose: 0 : 14420, 1, 2023/02/27, 21:36:40.619, 5196843925557, vstest.console.dll, CurrentDomainAssemblyResolve: Failed to resolve assembly 'Microsoft.Bcl.AsyncInterfaces'.
TpTrace Warning: 0 : 14420, 1, 2023/02/27, 21:36:40.629, 5196844024218, vstest.console.dll, TestPluginDiscoverer: Failed to get types from assembly 'Microsoft.Diagnostics.NETCore.Client, Version=0.2.6.42401, Culture=neutral, PublicKeyToken=31bf3856ad364e35'. Error: System.Reflection.ReflectionTypeLoadException: Unable to load one or more of the requested types.
Could not load file or assembly 'Microsoft.Bcl.AsyncInterfaces, Version=1.0.0.0, Culture=neutral, PublicKeyToken=cc7b13ffcd2ddd51'. The system cannot find the file specified.
   at System.Reflection.RuntimeModule.GetTypes(RuntimeModule module)
   at System.Reflection.Assembly.GetTypes()
   at Microsoft.VisualStudio.TestPlatform.Common.ExtensionFramework.TestPluginDiscoverer.GetTestExtensionsFromAssembly[TPluginInfo,TExtension](Assembly assembly, Dictionary`2 pluginInfos, String filePath)
System.IO.FileNotFoundException: Could not load file or assembly 'Microsoft.Bcl.AsyncInterfaces, Version=1.0.0.0, Culture=neutral, PublicKeyToken=cc7b13ffcd2ddd51'. The system cannot find the file specified.
File name: 'Microsoft.Bcl.AsyncInterfaces, Version=1.0.0.0, Culture=neutral, PublicKeyToken=cc7b13ffcd2ddd51'
 ---> System.IO.FileNotFoundException: Could not load file or assembly 'Microsoft.Bcl.AsyncInterfaces, Culture=neutral, PublicKeyToken=null'. The system cannot find the file specified.
File name: 'Microsoft.Bcl.AsyncInterfaces, Culture=neutral, PublicKeyToken=null'
   at System.Reflection.RuntimeAssembly.InternalLoad(AssemblyName assemblyName, StackCrawlMark& stackMark, AssemblyLoadContext assemblyLoadContext, RuntimeAssembly requestingAssembly, Boolean throwOnFileNotFound)
   at System.Reflection.Assembly.Load(AssemblyName assemblyRef)
   at Microsoft.VisualStudio.TestPlatform.Common.ExtensionFramework.TestPluginCache.CurrentDomainAssemblyResolve(Object sender, AssemblyResolveEventArgs args)
   at System.Runtime.Loader.AssemblyLoadContext.GetFirstResolvedAssemblyFromResolvingEvent(AssemblyName assemblyName)
   at System.Runtime.Loader.AssemblyLoadContext.ResolveUsingEvent(AssemblyName assemblyName)
   at System.Runtime.Loader.AssemblyLoadContext.ResolveUsingResolvingEvent(IntPtr gchManagedAssemblyLoadContext, AssemblyName assemblyName)
TpTrace Warning: 0 : 14420, 1, 2023/02/27, 21:36:40.630, 5196844033305, vstest.console.dll, LoaderExceptions: System.IO.FileNotFoundException: Could not load file or assembly 'Microsoft.Bcl.AsyncInterfaces, Version=1.0.0.0, Culture=neutral, PublicKeyToken=cc7b13ffcd2ddd51'. The system cannot find the file specified.
File name: 'Microsoft.Bcl.AsyncInterfaces, Version=1.0.0.0, Culture=neutral, PublicKeyToken=cc7b13ffcd2ddd51'
 ---> System.IO.FileNotFoundException: Could not load file or assembly 'Microsoft.Bcl.AsyncInterfaces, Culture=neutral, PublicKeyToken=null'. The system cannot find the file specified.
File name: 'Microsoft.Bcl.AsyncInterfaces, Culture=neutral, PublicKeyToken=null'
   at System.Reflection.RuntimeAssembly.InternalLoad(AssemblyName assemblyName, StackCrawlMark& stackMark, AssemblyLoadContext assemblyLoadContext, RuntimeAssembly requestingAssembly, Boolean throwOnFileNotFound)
   at System.Reflection.Assembly.Load(AssemblyName assemblyRef)
   at Microsoft.VisualStudio.TestPlatform.Common.ExtensionFramework.TestPluginCache.CurrentDomainAssemblyResolve(Object sender, AssemblyResolveEventArgs args)
   at System.Runtime.Loader.AssemblyLoadContext.GetFirstResolvedAssemblyFromResolvingEvent(AssemblyName assemblyName)
   at System.Runtime.Loader.AssemblyLoadContext.ResolveUsingEvent(AssemblyName assemblyName)
   at System.Runtime.Loader.AssemblyLoadContext.ResolveUsingResolvingEvent(IntPtr gchManagedAssemblyLoadContext, AssemblyName assemblyName)
TpTrace Information: 0 : 14420, 1, 2023/02/27, 21:36:40.630, 5196844035651, vstest.console.dll, AssemblyResolver.OnResolve: Microsoft.TestPlatform.Extensions.BlameDataCollector: Resolving assembly.
TpTrace Information: 0 : 14420, 1, 2023/02/27, 21:36:40.630, 5196844036146, vstest.console.dll, AssemblyResolver.OnResolve: Microsoft.TestPlatform.Extensions.BlameDataCollector: Searching in: 'C:\Program Files\dotnet\sdk\7.0.102\Extensions'.
TpTrace Information: 0 : 14420, 1, 2023/02/27, 21:36:40.632, 5196844054645, vstest.console.dll, AssemblyResolver.OnResolve: Microsoft.TestPlatform.Extensions.BlameDataCollector: Loading assembly 'C:\Program Files\dotnet\sdk\7.0.102\Extensions\Microsoft.TestPlatform.Extensions.BlameDataCollector.dll'.
TpTrace Information: 0 : 14420, 1, 2023/02/27, 21:36:40.633, 5196844066467, vstest.console.dll, AssemblyResolver.OnResolve: Resolved assembly: Microsoft.TestPlatform.Extensions.BlameDataCollector, from path: C:\Program Files\dotnet\sdk\7.0.102\Extensions\Microsoft.TestPlatform.Extensions.BlameDataCollector.dll
TpTrace Verbose: 0 : 14420, 1, 2023/02/27, 21:36:40.633, 5196844067843, vstest.console.dll, MetadataReaderExtensionsHelper: Discovering extensions inside assembly 'Microsoft.TestPlatform.Extensions.BlameDataCollector, Version=15.0.0.0, Culture=neutral, PublicKeyToken=b03f5f7f11d50a3a' file path 'C:\Program Files\dotnet\sdk\7.0.102\Extensions\Microsoft.TestPlatform.Extensions.BlameDataCollector.dll'
TpTrace Information: 0 : 14420, 1, 2023/02/27, 21:36:40.636, 5196844094700, vstest.console.dll, AssemblyResolver.OnResolve: Microsoft.TestPlatform.Extensions.EventLogCollector: Resolving assembly.
TpTrace Information: 0 : 14420, 1, 2023/02/27, 21:36:40.636, 5196844095733, vstest.console.dll, AssemblyResolver.OnResolve: Microsoft.TestPlatform.Extensions.EventLogCollector: Searching in: 'C:\Program Files\dotnet\sdk\7.0.102\Extensions'.
TpTrace Information: 0 : 14420, 1, 2023/02/27, 21:36:40.637, 5196844109057, vstest.console.dll, AssemblyResolver.OnResolve: Microsoft.TestPlatform.Extensions.EventLogCollector: Loading assembly 'C:\Program Files\dotnet\sdk\7.0.102\Extensions\Microsoft.TestPlatform.Extensions.EventLogCollector.dll'.
TpTrace Information: 0 : 14420, 1, 2023/02/27, 21:36:40.638, 5196844116240, vstest.console.dll, AssemblyResolver.OnResolve: Resolved assembly: Microsoft.TestPlatform.Extensions.EventLogCollector, from path: C:\Program Files\dotnet\sdk\7.0.102\Extensions\Microsoft.TestPlatform.Extensions.EventLogCollector.dll
TpTrace Verbose: 0 : 14420, 1, 2023/02/27, 21:36:40.638, 5196844117193, vstest.console.dll, MetadataReaderExtensionsHelper: Discovering extensions inside assembly 'Microsoft.TestPlatform.Extensions.EventLogCollector, Version=15.0.0.0, Culture=neutral, PublicKeyToken=b03f5f7f11d50a3a' file path 'C:\Program Files\dotnet\sdk\7.0.102\Extensions\Microsoft.TestPlatform.Extensions.EventLogCollector.dll'
TpTrace Information: 0 : 14420, 1, 2023/02/27, 21:36:40.642, 5196844157243, vstest.console.dll, AssemblyResolver.OnResolve: Microsoft.TestPlatform.TestHostRuntimeProvider: Resolving assembly.
TpTrace Information: 0 : 14420, 1, 2023/02/27, 21:36:40.642, 5196844158501, vstest.console.dll, AssemblyResolver.OnResolve: Microsoft.TestPlatform.TestHostRuntimeProvider: Searching in: 'C:\Program Files\dotnet\sdk\7.0.102\Extensions'.
TpTrace Information: 0 : 14420, 1, 2023/02/27, 21:36:40.643, 5196844172168, vstest.console.dll, AssemblyResolver.OnResolve: Microsoft.TestPlatform.TestHostRuntimeProvider: Loading assembly 'C:\Program Files\dotnet\sdk\7.0.102\Extensions\Microsoft.TestPlatform.TestHostRuntimeProvider.dll'.
TpTrace Information: 0 : 14420, 1, 2023/02/27, 21:36:40.645, 5196844184481, vstest.console.dll, AssemblyResolver.OnResolve: Resolved assembly: Microsoft.TestPlatform.TestHostRuntimeProvider, from path: C:\Program Files\dotnet\sdk\7.0.102\Extensions\Microsoft.TestPlatform.TestHostRuntimeProvider.dll
TpTrace Verbose: 0 : 14420, 1, 2023/02/27, 21:36:40.645, 5196844185776, vstest.console.dll, MetadataReaderExtensionsHelper: Discovering extensions inside assembly 'Microsoft.TestPlatform.TestHostRuntimeProvider, Version=15.0.0.0, Culture=neutral, PublicKeyToken=b03f5f7f11d50a3a' file path 'C:\Program Files\dotnet\sdk\7.0.102\Extensions\Microsoft.TestPlatform.TestHostRuntimeProvider.dll'
TpTrace Information: 0 : 14420, 1, 2023/02/27, 21:36:40.648, 5196844213855, vstest.console.dll, GetTestExtensionFromType: Register extension with identifier data 'HostProvider://DefaultTestHost' and type 'Microsoft.VisualStudio.TestPlatform.CrossPlatEngine.Hosting.DefaultTestHostManager, Microsoft.TestPlatform.TestHostRuntimeProvider, Version=15.0.0.0, Culture=neutral, PublicKeyToken=b03f5f7f11d50a3a' inside file 'C:\Program Files\dotnet\sdk\7.0.102\Extensions\Microsoft.TestPlatform.TestHostRuntimeProvider.dll'
TpTrace Information: 0 : 14420, 1, 2023/02/27, 21:36:40.648, 5196844217146, vstest.console.dll, GetTestExtensionFromType: Register extension with identifier data 'HostProvider://DotnetTestHost' and type 'Microsoft.VisualStudio.TestPlatform.CrossPlatEngine.Hosting.DotnetTestHostManager, Microsoft.TestPlatform.TestHostRuntimeProvider, Version=15.0.0.0, Culture=neutral, PublicKeyToken=b03f5f7f11d50a3a' inside file 'C:\Program Files\dotnet\sdk\7.0.102\Extensions\Microsoft.TestPlatform.TestHostRuntimeProvider.dll'
TpTrace Information: 0 : 14420, 1, 2023/02/27, 21:36:40.648, 5196844218222, vstest.console.dll, AssemblyResolver.OnResolve: Microsoft.VisualStudio.TestPlatform.Extensions.Html.TestLogger: Resolving assembly.
TpTrace Information: 0 : 14420, 1, 2023/02/27, 21:36:40.648, 5196844218517, vstest.console.dll, AssemblyResolver.OnResolve: Microsoft.VisualStudio.TestPlatform.Extensions.Html.TestLogger: Searching in: 'C:\Program Files\dotnet\sdk\7.0.102\Extensions'.
TpTrace Information: 0 : 14420, 1, 2023/02/27, 21:36:40.650, 5196844238196, vstest.console.dll, AssemblyResolver.OnResolve: Microsoft.VisualStudio.TestPlatform.Extensions.Html.TestLogger: Loading assembly 'C:\Program Files\dotnet\sdk\7.0.102\Extensions\Microsoft.VisualStudio.TestPlatform.Extensions.Html.TestLogger.dll'.
TpTrace Information: 0 : 14420, 1, 2023/02/27, 21:36:40.651, 5196844248438, vstest.console.dll, AssemblyResolver.OnResolve: Resolved assembly: Microsoft.VisualStudio.TestPlatform.Extensions.Html.TestLogger, from path: C:\Program Files\dotnet\sdk\7.0.102\Extensions\Microsoft.VisualStudio.TestPlatform.Extensions.Html.TestLogger.dll
TpTrace Verbose: 0 : 14420, 1, 2023/02/27, 21:36:40.651, 5196844249329, vstest.console.dll, MetadataReaderExtensionsHelper: Discovering extensions inside assembly 'Microsoft.VisualStudio.TestPlatform.Extensions.Html.TestLogger, Version=15.0.0.0, Culture=neutral, PublicKeyToken=b03f5f7f11d50a3a' file path 'C:\Program Files\dotnet\sdk\7.0.102\Extensions\Microsoft.VisualStudio.TestPlatform.Extensions.Html.TestLogger.dll'
TpTrace Information: 0 : 14420, 1, 2023/02/27, 21:36:40.652, 5196844257928, vstest.console.dll, AssemblyResolver.OnResolve: Microsoft.VisualStudio.TestPlatform.Extensions.Trx.TestLogger: Resolving assembly.
TpTrace Information: 0 : 14420, 1, 2023/02/27, 21:36:40.652, 5196844258513, vstest.console.dll, AssemblyResolver.OnResolve: Microsoft.VisualStudio.TestPlatform.Extensions.Trx.TestLogger: Searching in: 'C:\Program Files\dotnet\sdk\7.0.102\Extensions'.
TpTrace Information: 0 : 14420, 1, 2023/02/27, 21:36:40.654, 5196844277493, vstest.console.dll, AssemblyResolver.OnResolve: Microsoft.VisualStudio.TestPlatform.Extensions.Trx.TestLogger: Loading assembly 'C:\Program Files\dotnet\sdk\7.0.102\Extensions\Microsoft.VisualStudio.TestPlatform.Extensions.Trx.TestLogger.dll'.
TpTrace Information: 0 : 14420, 1, 2023/02/27, 21:36:40.655, 5196844289504, vstest.console.dll, AssemblyResolver.OnResolve: Resolved assembly: Microsoft.VisualStudio.TestPlatform.Extensions.Trx.TestLogger, from path: C:\Program Files\dotnet\sdk\7.0.102\Extensions\Microsoft.VisualStudio.TestPlatform.Extensions.Trx.TestLogger.dll
TpTrace Verbose: 0 : 14420, 1, 2023/02/27, 21:36:40.655, 5196844290263, vstest.console.dll, MetadataReaderExtensionsHelper: Discovering extensions inside assembly 'Microsoft.VisualStudio.TestPlatform.Extensions.Trx.TestLogger, Version=15.0.0.0, Culture=neutral, PublicKeyToken=b03f5f7f11d50a3a' file path 'C:\Program Files\dotnet\sdk\7.0.102\Extensions\Microsoft.VisualStudio.TestPlatform.Extensions.Trx.TestLogger.dll'
TpTrace Verbose: 0 : 14420, 1, 2023/02/27, 21:36:40.657, 5196844309517, vstest.console.dll, TestPluginCache: Discovered the extensions using extension path ''.
TpTrace Verbose: 0 : 14420, 1, 2023/02/27, 21:36:40.657, 5196844310504, vstest.console.dll, TestPluginCache: Discoverers are ''.
TpTrace Verbose: 0 : 14420, 1, 2023/02/27, 21:36:40.657, 5196844310791, vstest.console.dll, TestPluginCache: Executors are ''.
TpTrace Verbose: 0 : 14420, 1, 2023/02/27, 21:36:40.657, 5196844310995, vstest.console.dll, TestPluginCache: Executors2 are ''.
TpTrace Verbose: 0 : 14420, 1, 2023/02/27, 21:36:40.657, 5196844311191, vstest.console.dll, TestPluginCache: Setting providers are ''.
TpTrace Verbose: 0 : 14420, 1, 2023/02/27, 21:36:40.657, 5196844311398, vstest.console.dll, TestPluginCache: Loggers are ''.
TpTrace Verbose: 0 : 14420, 1, 2023/02/27, 21:36:40.657, 5196844312140, vstest.console.dll, TestPluginCache: TestHosts are 'HostProvider://DefaultTestHost,HostProvider://DotnetTestHost'.
TpTrace Verbose: 0 : 14420, 1, 2023/02/27, 21:36:40.657, 5196844312426, vstest.console.dll, TestPluginCache: DataCollectors are ''.
TpTrace Information: 0 : 14420, 1, 2023/02/27, 21:36:40.675, 5196844488624, vstest.console.dll, RunTestsArgumentProcessor:Execute: Test run is starting.
TpTrace Verbose: 0 : 14420, 1, 2023/02/27, 21:36:40.675, 5196844490173, vstest.console.dll, RunTestsArgumentProcessor:Execute: Queuing Test run.
TpTrace Information: 0 : 14420, 1, 2023/02/27, 21:36:40.676, 5196844495492, vstest.console.dll, TestRequestManager.RunTests: run tests started.
TpTrace Information: 0 : 14420, 1, 2023/02/27, 21:36:40.678, 5196844514295, vstest.console.dll, AssemblyMetadataProvider.GetFrameworkName: Determined framework:'.NETCoreApp,Version=v6.0' for source: 'C:\data\dev\MasterMind\MasterMindTest\bin\Debug\net6.0\fine-code-coverage\build-output\MasterMindTest.dll'
TpTrace Information: 0 : 14420, 1, 2023/02/27, 21:36:40.678, 5196844517111, vstest.console.dll, Determined framework for all sources: .NETCoreApp,Version=v6.0
TpTrace Verbose: 0 : 14420, 1, 2023/02/27, 21:36:40.679, 5196844524299, vstest.console.dll, TestRequestManager.UpdateRunSettingsIfRequired: Default architecture: X64 IsDefaultTargetArchitecture: True, Current process architecture: X64 OperatingSystem: Windows.
TpTrace Information: 0 : 14420, 1, 2023/02/27, 21:36:40.682, 5196844558234, vstest.console.dll, AssemblyMetadataProvider.GetArchitecture: Determined architecture:AnyCPU info for assembly: C:\data\dev\MasterMind\MasterMindTest\bin\Debug\net6.0\fine-code-coverage\build-output\MasterMindTest.dll
TpTrace Information: 0 : 14420, 1, 2023/02/27, 21:36:40.682, 5196844559140, vstest.console.dll, Determined platform for source 'C:\data\dev\MasterMind\MasterMindTest\bin\Debug\net6.0\fine-code-coverage\build-output\MasterMindTest.dll' was AnyCPU and it will use the default plaform X64.
TpTrace Information: 0 : 14420, 1, 2023/02/27, 21:36:40.682, 5196844559424, vstest.console.dll, None of the sources provided any runnable platform, using the default platform: X64
TpTrace Information: 0 : 14420, 1, 2023/02/27, 21:36:40.682, 5196844560670, vstest.console.dll, Platform was updated to 'X64'.
TpTrace Information: 0 : 14420, 1, 2023/02/27, 21:36:40.688, 5196844620605, vstest.console.dll, InferRunSettingsHelper.IsTestSettingsEnabled: Unable to navigate to RunSettings/MSTest. Current node: RunSettings
TpTrace Information: 0 : 14420, 1, 2023/02/27, 21:36:40.689, 5196844630110, vstest.console.dll, AssemblyResolver.OnResolve: Microsoft.VisualStudio.TestPlatform.Fakes: Resolving assembly.
TpTrace Information: 0 : 14420, 1, 2023/02/27, 21:36:40.689, 5196844630982, vstest.console.dll, AssemblyResolver.OnResolve: Microsoft.VisualStudio.TestPlatform.Fakes: Searching in: 'C:\Program Files\dotnet\sdk\7.0.102\Extensions'.
TpTrace Information: 0 : 14420, 1, 2023/02/27, 21:36:40.689, 5196844631835, vstest.console.dll, AssemblyResolver.OnResolve: Microsoft.VisualStudio.TestPlatform.Fakes: Assembly path does not exist: 'C:\Program Files\dotnet\sdk\7.0.102\Extensions\Microsoft.VisualStudio.TestPlatform.Fakes.dll', returning.
TpTrace Information: 0 : 14420, 1, 2023/02/27, 21:36:40.689, 5196844632377, vstest.console.dll, AssemblyResolver.OnResolve: Microsoft.VisualStudio.TestPlatform.Fakes: Assembly path does not exist: 'C:\Program Files\dotnet\sdk\7.0.102\Extensions\Microsoft.VisualStudio.TestPlatform.Fakes.exe', returning.
TpTrace Information: 0 : 14420, 1, 2023/02/27, 21:36:40.689, 5196844632623, vstest.console.dll, AssemblyResolver.OnResolve: Microsoft.VisualStudio.TestPlatform.Fakes: Searching in: 'C:\Program Files\dotnet\sdk\7.0.102'.
TpTrace Information: 0 : 14420, 1, 2023/02/27, 21:36:40.690, 5196844633113, vstest.console.dll, AssemblyResolver.OnResolve: Microsoft.VisualStudio.TestPlatform.Fakes: Assembly path does not exist: 'C:\Program Files\dotnet\sdk\7.0.102\Microsoft.VisualStudio.TestPlatform.Fakes.dll', returning.
TpTrace Information: 0 : 14420, 1, 2023/02/27, 21:36:40.690, 5196844633542, vstest.console.dll, AssemblyResolver.OnResolve: Microsoft.VisualStudio.TestPlatform.Fakes: Assembly path does not exist: 'C:\Program Files\dotnet\sdk\7.0.102\Microsoft.VisualStudio.TestPlatform.Fakes.exe', returning.
TpTrace Information: 0 : 14420, 1, 2023/02/27, 21:36:40.690, 5196844633833, vstest.console.dll, AssemblyResolver.OnResolve: Microsoft.VisualStudio.TestPlatform.Fakes: Failed to load assembly.
TpTrace Information: 0 : 14420, 1, 2023/02/27, 21:36:40.690, 5196844637106, vstest.console.dll, Failed to load assembly Microsoft.VisualStudio.TestPlatform.Fakes, Version=17.0.0.0, Culture=neutral. Reason:System.IO.FileNotFoundException: Could not load file or assembly 'Microsoft.VisualStudio.TestPlatform.Fakes, Version=17.0.0.0, Culture=neutral, PublicKeyToken=null'. The system cannot find the file specified.
File name: 'Microsoft.VisualStudio.TestPlatform.Fakes, Version=17.0.0.0, Culture=neutral, PublicKeyToken=null'
   at System.Reflection.RuntimeAssembly.InternalLoad(AssemblyName assemblyName, StackCrawlMark& stackMark, AssemblyLoadContext assemblyLoadContext, RuntimeAssembly requestingAssembly, Boolean throwOnFileNotFound)
   at System.Reflection.Assembly.Load(AssemblyName assemblyRef)
   at Microsoft.VisualStudio.TestPlatform.Common.Utilities.FakesUtilities.LoadTestPlatformAssembly()
TpTrace Verbose: 0 : 14420, 1, 2023/02/27, 21:36:40.697, 5196844703505, vstest.console.dll, TestPluginCache.DiscoverTestExtensions: finding test extensions in assemblies ends with: TestLogger.dll TPluginInfo: Microsoft.VisualStudio.TestPlatform.Common.ExtensionFramework.Utilities.TestLoggerPluginInformation TExtension: Microsoft.VisualStudio.TestPlatform.ObjectModel.Client.ITestLogger
TpTrace Verbose: 0 : 14420, 1, 2023/02/27, 21:36:40.697, 5196844705472, vstest.console.dll, TestPluginCache.GetExtensionPaths: Filtered extension paths: 
TpTrace Verbose: 0 : 14420, 1, 2023/02/27, 21:36:40.697, 5196844706090, vstest.console.dll, TestPluginCache.GetExtensionPaths: Added default extension paths: C:\Program Files\dotnet\sdk\7.0.102\Extensions\Microsoft.Diagnostics.NETCore.Client.dll
C:\Program Files\dotnet\sdk\7.0.102\Extensions\Microsoft.TestPlatform.Extensions.BlameDataCollector.dll
C:\Program Files\dotnet\sdk\7.0.102\Extensions\Microsoft.TestPlatform.Extensions.EventLogCollector.dll
C:\Program Files\dotnet\sdk\7.0.102\Extensions\Microsoft.TestPlatform.TestHostRuntimeProvider.dll
C:\Program Files\dotnet\sdk\7.0.102\Extensions\Microsoft.VisualStudio.TestPlatform.Extensions.Html.TestLogger.dll
C:\Program Files\dotnet\sdk\7.0.102\Extensions\Microsoft.VisualStudio.TestPlatform.Extensions.Trx.TestLogger.dll
TpTrace Verbose: 0 : 14420, 1, 2023/02/27, 21:36:40.697, 5196844706516, vstest.console.dll, TestPluginCache.GetExtensionPaths: Added unfilterableExtensionPaths: 
TpTrace Information: 0 : 14420, 1, 2023/02/27, 21:36:40.697, 5196844708343, vstest.console.dll, AssemblyResolver.AddSearchDirectories: Adding more searchDirectories C:\Program Files\dotnet\sdk\7.0.102\Extensions,C:\Program Files\dotnet\sdk\7.0.102
TpTrace Verbose: 0 : 14420, 1, 2023/02/27, 21:36:40.697, 5196844708954, vstest.console.dll, TestPluginCache.DiscoverTestExtensions: Discovering the extensions using extension path.
TpTrace Verbose: 0 : 14420, 1, 2023/02/27, 21:36:40.697, 5196844709351, vstest.console.dll, TestPluginCache.GetExtensionPaths: Filtered extension paths: 
TpTrace Verbose: 0 : 14420, 1, 2023/02/27, 21:36:40.697, 5196844709595, vstest.console.dll, TestPluginCache.GetExtensionPaths: Added default extension paths: C:\Program Files\dotnet\sdk\7.0.102\Extensions\Microsoft.Diagnostics.NETCore.Client.dll
C:\Program Files\dotnet\sdk\7.0.102\Extensions\Microsoft.TestPlatform.Extensions.BlameDataCollector.dll
C:\Program Files\dotnet\sdk\7.0.102\Extensions\Microsoft.TestPlatform.Extensions.EventLogCollector.dll
C:\Program Files\dotnet\sdk\7.0.102\Extensions\Microsoft.TestPlatform.TestHostRuntimeProvider.dll
C:\Program Files\dotnet\sdk\7.0.102\Extensions\Microsoft.VisualStudio.TestPlatform.Extensions.Html.TestLogger.dll
C:\Program Files\dotnet\sdk\7.0.102\Extensions\Microsoft.VisualStudio.TestPlatform.Extensions.Trx.TestLogger.dll
TpTrace Verbose: 0 : 14420, 1, 2023/02/27, 21:36:40.697, 5196844709926, vstest.console.dll, TestPluginCache.GetExtensionPaths: Added unfilterableExtensionPaths: 
TpTrace Verbose: 0 : 14420, 1, 2023/02/27, 21:36:40.697, 5196844710228, vstest.console.dll, TestPluginCache.DiscoverTestExtensions: Discovering the extensions using allExtensionPaths: C:\Program Files\dotnet\sdk\7.0.102\Extensions\Microsoft.Diagnostics.NETCore.Client.dll
C:\Program Files\dotnet\sdk\7.0.102\Extensions\Microsoft.TestPlatform.Extensions.BlameDataCollector.dll
C:\Program Files\dotnet\sdk\7.0.102\Extensions\Microsoft.TestPlatform.Extensions.EventLogCollector.dll
C:\Program Files\dotnet\sdk\7.0.102\Extensions\Microsoft.TestPlatform.TestHostRuntimeProvider.dll
C:\Program Files\dotnet\sdk\7.0.102\Extensions\Microsoft.VisualStudio.TestPlatform.Extensions.Html.TestLogger.dll
C:\Program Files\dotnet\sdk\7.0.102\Extensions\Microsoft.VisualStudio.TestPlatform.Extensions.Trx.TestLogger.dll
TpTrace Information: 0 : 14420, 1, 2023/02/27, 21:36:40.697, 5196844711289, vstest.console.dll, AssemblyResolver.AddSearchDirectories: Adding more searchDirectories C:\Program Files\dotnet\sdk\7.0.102\Extensions,C:\Program Files\dotnet\sdk\7.0.102
TpTrace Information: 0 : 14420, 1, 2023/02/27, 21:36:40.697, 5196844711640, vstest.console.dll, AssemblyResolver.AddSearchDirectories: Adding more searchDirectories C:\Program Files\dotnet\sdk\7.0.102\Extensions,C:\Program Files\dotnet\sdk\7.0.102
TpTrace Information: 0 : 14420, 1, 2023/02/27, 21:36:40.697, 5196844711896, vstest.console.dll, AssemblyResolver.AddSearchDirectories: Adding more searchDirectories C:\Program Files\dotnet\sdk\7.0.102\Extensions,C:\Program Files\dotnet\sdk\7.0.102
TpTrace Information: 0 : 14420, 1, 2023/02/27, 21:36:40.697, 5196844712265, vstest.console.dll, AssemblyResolver.AddSearchDirectories: Adding more searchDirectories C:\Program Files\dotnet\sdk\7.0.102\Extensions,C:\Program Files\dotnet\sdk\7.0.102
TpTrace Information: 0 : 14420, 1, 2023/02/27, 21:36:40.697, 5196844712514, vstest.console.dll, AssemblyResolver.AddSearchDirectories: Adding more searchDirectories C:\Program Files\dotnet\sdk\7.0.102\Extensions,C:\Program Files\dotnet\sdk\7.0.102
TpTrace Information: 0 : 14420, 1, 2023/02/27, 21:36:40.697, 5196844712754, vstest.console.dll, AssemblyResolver.AddSearchDirectories: Adding more searchDirectories C:\Program Files\dotnet\sdk\7.0.102\Extensions,C:\Program Files\dotnet\sdk\7.0.102
TpTrace Verbose: 0 : 14420, 1, 2023/02/27, 21:36:40.698, 5196844713894, vstest.console.dll, MetadataReaderExtensionsHelper: Discovering extensions inside assembly 'Microsoft.Diagnostics.NETCore.Client, Version=0.2.6.42401, Culture=neutral, PublicKeyToken=31bf3856ad364e35' file path 'C:\Program Files\dotnet\sdk\7.0.102\Extensions\Microsoft.Diagnostics.NETCore.Client.dll'
TpTrace Information: 0 : 14420, 1, 2023/02/27, 21:36:40.698, 5196844721873, vstest.console.dll, AssemblyResolver.OnResolve: Microsoft.Bcl.AsyncInterfaces: Resolving assembly.
TpTrace Information: 0 : 14420, 1, 2023/02/27, 21:36:40.698, 5196844722736, vstest.console.dll, AssemblyResolver.OnResolve: Microsoft.Bcl.AsyncInterfaces: Resolved from cache.
TpTrace Verbose: 0 : 14420, 1, 2023/02/27, 21:36:40.698, 5196844722998, vstest.console.dll, CurrentDomainAssemblyResolve: Resolving assembly 'Microsoft.Bcl.AsyncInterfaces'.
TpTrace Information: 0 : 14420, 1, 2023/02/27, 21:36:40.699, 5196844723436, vstest.console.dll, AssemblyResolver.OnResolve: Microsoft.Bcl.AsyncInterfaces: Resolving assembly.
TpTrace Information: 0 : 14420, 1, 2023/02/27, 21:36:40.699, 5196844723735, vstest.console.dll, AssemblyResolver.OnResolve: Microsoft.Bcl.AsyncInterfaces: Resolved from cache.
TpTrace Verbose: 0 : 14420, 1, 2023/02/27, 21:36:40.699, 5196844723955, vstest.console.dll, CurrentDomainAssemblyResolve: Resolving assembly 'Microsoft.Bcl.AsyncInterfaces'.
TpTrace Verbose: 0 : 14420, 1, 2023/02/27, 21:36:40.699, 5196844724169, vstest.console.dll, CurrentDomainAssemblyResolve: Failed to resolve assembly 'Microsoft.Bcl.AsyncInterfaces'.
TpTrace Verbose: 0 : 14420, 1, 2023/02/27, 21:36:40.699, 5196844725813, vstest.console.dll, CurrentDomainAssemblyResolve: Failed to resolve assembly 'Microsoft.Bcl.AsyncInterfaces'.
TpTrace Warning: 0 : 14420, 1, 2023/02/27, 21:36:40.699, 5196844729734, vstest.console.dll, TestPluginDiscoverer: Failed to get types from assembly 'Microsoft.Diagnostics.NETCore.Client, Version=0.2.6.42401, Culture=neutral, PublicKeyToken=31bf3856ad364e35'. Error: System.Reflection.ReflectionTypeLoadException: Unable to load one or more of the requested types.
Could not load file or assembly 'Microsoft.Bcl.AsyncInterfaces, Version=1.0.0.0, Culture=neutral, PublicKeyToken=cc7b13ffcd2ddd51'. The system cannot find the file specified.
   at System.Reflection.RuntimeModule.GetTypes(RuntimeModule module)
   at System.Reflection.Assembly.GetTypes()
   at Microsoft.VisualStudio.TestPlatform.Common.ExtensionFramework.TestPluginDiscoverer.GetTestExtensionsFromAssembly[TPluginInfo,TExtension](Assembly assembly, Dictionary`2 pluginInfos, String filePath)
System.IO.FileNotFoundException: Could not load file or assembly 'Microsoft.Bcl.AsyncInterfaces, Version=1.0.0.0, Culture=neutral, PublicKeyToken=cc7b13ffcd2ddd51'. The system cannot find the file specified.
File name: 'Microsoft.Bcl.AsyncInterfaces, Version=1.0.0.0, Culture=neutral, PublicKeyToken=cc7b13ffcd2ddd51'
 ---> System.IO.FileNotFoundException: Could not load file or assembly 'Microsoft.Bcl.AsyncInterfaces, Culture=neutral, PublicKeyToken=null'. The system cannot find the file specified.
File name: 'Microsoft.Bcl.AsyncInterfaces, Culture=neutral, PublicKeyToken=null'
   at System.Reflection.RuntimeAssembly.InternalLoad(AssemblyName assemblyName, StackCrawlMark& stackMark, AssemblyLoadContext assemblyLoadContext, RuntimeAssembly requestingAssembly, Boolean throwOnFileNotFound)
   at System.Reflection.Assembly.Load(AssemblyName assemblyRef)
   at Microsoft.VisualStudio.TestPlatform.Common.ExtensionFramework.TestPluginCache.CurrentDomainAssemblyResolve(Object sender, AssemblyResolveEventArgs args)
   at System.Runtime.Loader.AssemblyLoadContext.GetFirstResolvedAssemblyFromResolvingEvent(AssemblyName assemblyName)
   at System.Runtime.Loader.AssemblyLoadContext.ResolveUsingEvent(AssemblyName assemblyName)
   at System.Runtime.Loader.AssemblyLoadContext.ResolveUsingResolvingEvent(IntPtr gchManagedAssemblyLoadContext, AssemblyName assemblyName)
TpTrace Warning: 0 : 14420, 1, 2023/02/27, 21:36:40.699, 5196844732914, vstest.console.dll, LoaderExceptions: System.IO.FileNotFoundException: Could not load file or assembly 'Microsoft.Bcl.AsyncInterfaces, Version=1.0.0.0, Culture=neutral, PublicKeyToken=cc7b13ffcd2ddd51'. The system cannot find the file specified.
File name: 'Microsoft.Bcl.AsyncInterfaces, Version=1.0.0.0, Culture=neutral, PublicKeyToken=cc7b13ffcd2ddd51'
 ---> System.IO.FileNotFoundException: Could not load file or assembly 'Microsoft.Bcl.AsyncInterfaces, Culture=neutral, PublicKeyToken=null'. The system cannot find the file specified.
File name: 'Microsoft.Bcl.AsyncInterfaces, Culture=neutral, PublicKeyToken=null'
   at System.Reflection.RuntimeAssembly.InternalLoad(AssemblyName assemblyName, StackCrawlMark& stackMark, AssemblyLoadContext assemblyLoadContext, RuntimeAssembly requestingAssembly, Boolean throwOnFileNotFound)
   at System.Reflection.Assembly.Load(AssemblyName assemblyRef)
   at Microsoft.VisualStudio.TestPlatform.Common.ExtensionFramework.TestPluginCache.CurrentDomainAssemblyResolve(Object sender, AssemblyResolveEventArgs args)
   at System.Runtime.Loader.AssemblyLoadContext.GetFirstResolvedAssemblyFromResolvingEvent(AssemblyName assemblyName)
   at System.Runtime.Loader.AssemblyLoadContext.ResolveUsingEvent(AssemblyName assemblyName)
   at System.Runtime.Loader.AssemblyLoadContext.ResolveUsingResolvingEvent(IntPtr gchManagedAssemblyLoadContext, AssemblyName assemblyName)
TpTrace Verbose: 0 : 14420, 1, 2023/02/27, 21:36:40.700, 5196844734034, vstest.console.dll, MetadataReaderExtensionsHelper: Discovering extensions inside assembly 'Microsoft.TestPlatform.Extensions.BlameDataCollector, Version=15.0.0.0, Culture=neutral, PublicKeyToken=b03f5f7f11d50a3a' file path 'C:\Program Files\dotnet\sdk\7.0.102\Extensions\Microsoft.TestPlatform.Extensions.BlameDataCollector.dll'
TpTrace Information: 0 : 14420, 1, 2023/02/27, 21:36:40.700, 5196844739604, vstest.console.dll, GetTestExtensionFromType: Register extension with identifier data 'logger://Microsoft/TestPlatform/Extensions/Blame/v1' and type 'Microsoft.TestPlatform.Extensions.BlameDataCollector.BlameLogger, Microsoft.TestPlatform.Extensions.BlameDataCollector, Version=15.0.0.0, Culture=neutral, PublicKeyToken=b03f5f7f11d50a3a' inside file 'C:\Program Files\dotnet\sdk\7.0.102\Extensions\Microsoft.TestPlatform.Extensions.BlameDataCollector.dll'
TpTrace Verbose: 0 : 14420, 1, 2023/02/27, 21:36:40.700, 5196844740441, vstest.console.dll, MetadataReaderExtensionsHelper: Discovering extensions inside assembly 'Microsoft.TestPlatform.Extensions.EventLogCollector, Version=15.0.0.0, Culture=neutral, PublicKeyToken=b03f5f7f11d50a3a' file path 'C:\Program Files\dotnet\sdk\7.0.102\Extensions\Microsoft.TestPlatform.Extensions.EventLogCollector.dll'
TpTrace Verbose: 0 : 14420, 1, 2023/02/27, 21:36:40.701, 5196844744237, vstest.console.dll, MetadataReaderExtensionsHelper: Discovering extensions inside assembly 'Microsoft.TestPlatform.TestHostRuntimeProvider, Version=15.0.0.0, Culture=neutral, PublicKeyToken=b03f5f7f11d50a3a' file path 'C:\Program Files\dotnet\sdk\7.0.102\Extensions\Microsoft.TestPlatform.TestHostRuntimeProvider.dll'
TpTrace Verbose: 0 : 14420, 1, 2023/02/27, 21:36:40.701, 5196844748313, vstest.console.dll, MetadataReaderExtensionsHelper: Discovering extensions inside assembly 'Microsoft.VisualStudio.TestPlatform.Extensions.Html.TestLogger, Version=15.0.0.0, Culture=neutral, PublicKeyToken=b03f5f7f11d50a3a' file path 'C:\Program Files\dotnet\sdk\7.0.102\Extensions\Microsoft.VisualStudio.TestPlatform.Extensions.Html.TestLogger.dll'
TpTrace Information: 0 : 14420, 1, 2023/02/27, 21:36:40.702, 5196844754354, vstest.console.dll, GetTestExtensionFromType: Register extension with identifier data 'logger://Microsoft/TestPlatform/HtmlLogger/v1' and type 'Microsoft.VisualStudio.TestPlatform.Extensions.HtmlLogger.HtmlLogger, Microsoft.VisualStudio.TestPlatform.Extensions.Html.TestLogger, Version=15.0.0.0, Culture=neutral, PublicKeyToken=b03f5f7f11d50a3a' inside file 'C:\Program Files\dotnet\sdk\7.0.102\Extensions\Microsoft.VisualStudio.TestPlatform.Extensions.Html.TestLogger.dll'
TpTrace Verbose: 0 : 14420, 1, 2023/02/27, 21:36:40.702, 5196844755142, vstest.console.dll, MetadataReaderExtensionsHelper: Discovering extensions inside assembly 'Microsoft.VisualStudio.TestPlatform.Extensions.Trx.TestLogger, Version=15.0.0.0, Culture=neutral, PublicKeyToken=b03f5f7f11d50a3a' file path 'C:\Program Files\dotnet\sdk\7.0.102\Extensions\Microsoft.VisualStudio.TestPlatform.Extensions.Trx.TestLogger.dll'
TpTrace Information: 0 : 14420, 1, 2023/02/27, 21:36:40.702, 5196844758839, vstest.console.dll, GetTestExtensionFromType: Register extension with identifier data 'logger://Microsoft/TestPlatform/TrxLogger/v1' and type 'Microsoft.VisualStudio.TestPlatform.Extensions.TrxLogger.TrxLogger, Microsoft.VisualStudio.TestPlatform.Extensions.Trx.TestLogger, Version=15.0.0.0, Culture=neutral, PublicKeyToken=b03f5f7f11d50a3a' inside file 'C:\Program Files\dotnet\sdk\7.0.102\Extensions\Microsoft.VisualStudio.TestPlatform.Extensions.Trx.TestLogger.dll'
TpTrace Verbose: 0 : 14420, 1, 2023/02/27, 21:36:40.702, 5196844759873, vstest.console.dll, TestPluginCache: Discovered the extensions using extension path ''.
TpTrace Verbose: 0 : 14420, 1, 2023/02/27, 21:36:40.702, 5196844760185, vstest.console.dll, TestPluginCache: Discoverers are ''.
TpTrace Verbose: 0 : 14420, 1, 2023/02/27, 21:36:40.702, 5196844760403, vstest.console.dll, TestPluginCache: Executors are ''.
TpTrace Verbose: 0 : 14420, 1, 2023/02/27, 21:36:40.702, 5196844760607, vstest.console.dll, TestPluginCache: Executors2 are ''.
TpTrace Verbose: 0 : 14420, 1, 2023/02/27, 21:36:40.702, 5196844760809, vstest.console.dll, TestPluginCache: Setting providers are ''.
TpTrace Verbose: 0 : 14420, 1, 2023/02/27, 21:36:40.702, 5196844761512, vstest.console.dll, TestPluginCache: Loggers are 'logger://Microsoft/TestPlatform/Extensions/Blame/v1,logger://Microsoft/TestPlatform/HtmlLogger/v1,logger://Microsoft/TestPlatform/TrxLogger/v1'.
TpTrace Verbose: 0 : 14420, 1, 2023/02/27, 21:36:40.702, 5196844761839, vstest.console.dll, TestPluginCache: TestHosts are 'HostProvider://DefaultTestHost,HostProvider://DotnetTestHost'.
TpTrace Verbose: 0 : 14420, 1, 2023/02/27, 21:36:40.702, 5196844762110, vstest.console.dll, TestPluginCache: DataCollectors are ''.
TpTrace Information: 0 : 14420, 1, 2023/02/27, 21:36:40.703, 5196844772669, vstest.console.dll, TestPluginManager.CreateTestExtension: Attempting to load test extension: Microsoft.TestPlatform.Extensions.BlameDataCollector.BlameLogger
TpTrace Verbose: 0 : 14420, 1, 2023/02/27, 21:36:40.717, 5196844903469, vstest.console.dll, TestEngine: Initializing Parallel Execution as MaxCpuCount is set to: 1
TpTrace Information: 0 : 14420, 1, 2023/02/27, 21:36:40.719, 5196844925579, vstest.console.dll, TestPluginManager.CreateTestExtension: Attempting to load test extension: Microsoft.VisualStudio.TestPlatform.CrossPlatEngine.Hosting.DefaultTestHostManager
TpTrace Information: 0 : 14420, 1, 2023/02/27, 21:36:40.720, 5196844936454, vstest.console.dll, TestPluginManager.CreateTestExtension: Attempting to load test extension: Microsoft.VisualStudio.TestPlatform.CrossPlatEngine.Hosting.DotnetTestHostManager
TpTrace Information: 0 : 14420, 1, 2023/02/27, 21:36:40.721, 5196844944514, vstest.console.dll, InferRunSettingsHelper.IsTestSettingsEnabled: Unable to navigate to RunSettings/MSTest. Current node: RunSettings
TpTrace Verbose: 0 : 14420, 1, 2023/02/27, 21:36:40.726, 5196844998467, vstest.console.dll, TestEngine.GetExecutionManager: Chosen execution manager 'Microsoft.VisualStudio.TestPlatform.CrossPlatEngine.Client.Parallel.ParallelProxyExecutionManager, Microsoft.TestPlatform.CrossPlatEngine, Version=15.0.0.0, Culture=neutral, PublicKeyToken=b03f5f7f11d50a3a' ParallelLevel '1'.
TpTrace Verbose: 0 : 14420, 1, 2023/02/27, 21:36:40.726, 5196845000390, vstest.console.dll, TestRunRequest.ExecuteAsync: Creating test run request.
TpTrace Verbose: 0 : 14420, 1, 2023/02/27, 21:36:40.727, 5196845003128, vstest.console.dll, TestRunRequest.ExecuteAsync: Starting.
TpTrace Information: 0 : 14420, 1, 2023/02/27, 21:36:40.727, 5196845006495, vstest.console.dll, TestRunRequest.ExecuteAsync: Starting run with settings:TestRunCriteria:
   KeepAlive=False,FrequencyOfRunStatsChangeEvent=10,RunStatsChangeEventTimeout=00:00:01.5000000,TestCaseFilter=,TestExecutorLauncher=
   Settingsxml=<RunSettings>
  <RunConfiguration>
    <ResultsDirectory>C:\data\dev\MasterMind\MasterMindTest\bin\Debug\net6.0\fine-code-coverage\coverage-tool-output</ResultsDirectory>
    <TargetPlatform>X64</TargetPlatform>
    <TargetFrameworkVersion>.NETCoreApp,Version=v6.0</TargetFrameworkVersion>
    <DesignMode>False</DesignMode>
    <CollectSourceInformation>False</CollectSourceInformation>
  </RunConfiguration>
  <LoggerRunSettings>
    <Loggers>
      <Logger friendlyName="blame" enabled="True" />
      <Logger friendlyName="Console" uri="logger://microsoft/TestPlatform/ConsoleLogger/v1" assemblyQualifiedName="Microsoft.VisualStudio.TestPlatform.CommandLine.Internal.ConsoleLogger, vstest.console, Version=15.0.0.0, Culture=neutral, PublicKeyToken=b03f5f7f11d50a3a" codeBase="C:\Program Files\dotnet\sdk\7.0.102\vstest.console.dll" enabled="True" />
    </Loggers>
  </LoggerRunSettings>
  <DataCollectionRunSettings>
    <DataCollectors>
      <DataCollector friendlyName="blame" enabled="True">
        <Configuration>
          <ResultsDirectory>C:\data\dev\MasterMind\MasterMindTest\bin\Debug\net6.0\fine-code-coverage\coverage-tool-output</ResultsDirectory>
        </Configuration>
      </DataCollector>
    </DataCollectors>
  </DataCollectionRunSettings>
</RunSettings>

TpTrace Verbose: 0 : 14420, 1, 2023/02/27, 21:36:40.727, 5196845007133, vstest.console.dll, TestRunRequest.ExecuteAsync: Wait for the first run request is over.
TpTrace Verbose: 0 : 14420, 1, 2023/02/27, 21:36:40.727, 5196845010601, vstest.console.dll, MulticastDelegateUtilities.SafeInvoke: TestRun.TestRunStart: Invoking callbacks was skipped because there are no subscribers.
TpTrace Verbose: 0 : 14420, 4, 2023/02/27, 21:36:40.728, 5196845014542, vstest.console.dll, MulticastDelegateUtilities.SafeInvoke: InternalTestLoggerEvents.SendTestRunStart: Invoking callback 1/1 for Microsoft.VisualStudio.TestPlatform.CommandLine.Internal.ConsoleLogger., took 0 ms.
TpTrace Verbose: 0 : 14420, 1, 2023/02/27, 21:36:40.729, 5196845029883, vstest.console.dll, ParallelProxyExecutionManager: Start execution. Total sources: 1
TpTrace Verbose: 0 : 14420, 1, 2023/02/27, 21:36:40.732, 5196845057961, vstest.console.dll, TestRequestSender is acting as server.
TpTrace Verbose: 0 : 14420, 1, 2023/02/27, 21:36:40.734, 5196845074697, vstest.console.dll, DataCollectionRequestSender.InitializeCommunication : Initialize communication. 
TpTrace Information: 0 : 14420, 1, 2023/02/27, 21:36:40.740, 5196845136880, vstest.console.dll, Listening on Endpoint : 127.0.0.1:63081
TpTrace Verbose: 0 : 14420, 1, 2023/02/27, 21:36:40.748, 5196845220490, vstest.console.dll, DotnetDataCollectionLauncher: Adding  --runtimeconfig "C:\Program Files\dotnet\sdk\7.0.102\datacollector.runtimeconfig.json" in args
TpTrace Verbose: 0 : 14420, 1, 2023/02/27, 21:36:40.748, 5196845222812, vstest.console.dll, DotnetDataCollectionLauncher: Adding  --depsfile "C:\Program Files\dotnet\sdk\7.0.102\datacollector.deps.json" in args
TpTrace Verbose: 0 : 14420, 1, 2023/02/27, 21:36:40.749, 5196845225378, vstest.console.dll, DotnetDataCollectionLauncher: Full path of dotnet.exe is C:\Program Files\dotnet\dotnet.exe
TpTrace Information: 0 : 14420, 1, 2023/02/27, 21:36:40.758, 5196845317974, vstest.console.dll, ProxyDataCollectionManager.Initialize: Launched datacollector processId: 7492 port: 63081
TpTrace Information: 0 : 14420, 1, 2023/02/27, 21:36:40.758, 5196845320208, vstest.console.dll, ProxyDataCollectionManager.Initialize: waiting for connection with timeout: 90 seconds
TpTrace Verbose: 0 : 14420, 1, 2023/02/27, 21:36:40.758, 5196845321095, vstest.console.dll, DataCollectionRequestSender.WaitForRequestHandlerConnection : Waiting for connection with timeout: 90000
TpTrace Information: 0 : 14420, 7, 2023/02/27, 21:36:40.963, 5196847367248, vstest.console.dll, Using the buffer size of 16384 bytes
TpTrace Verbose: 0 : 14420, 1, 2023/02/27, 21:36:40.963, 5196847367248, vstest.console.dll, SocketCommunicationManager.WaitForClientConnection took: 204 ms, with 90000 ms timeout, and finished with True.
TpTrace Information: 0 : 14420, 7, 2023/02/27, 21:36:40.963, 5196847369143, vstest.console.dll, Accepted Client request and set the flag
TpTrace Verbose: 0 : 14420, 1, 2023/02/27, 21:36:40.963, 5196847370550, vstest.console.dll, ProxyDataCollectionManager.InvokeDataCollectionServiceAction: Starting.
TpTrace Information: 0 : 14420, 1, 2023/02/27, 21:36:40.963, 5196847371747, vstest.console.dll, ProxyDataCollectionManager.BeforeTestRunStart: Get environment variable and port for datacollector processId: 7492 port: 63081
TpTrace Verbose: 0 : 14420, 1, 2023/02/27, 21:36:40.964, 5196847373875, vstest.console.dll, DataCollectionRequestSender.SendBeforeTestRunStartAndGetResult: Send BeforeTestRunStart message with settingsXml <RunSettings><RunConfiguration><ResultsDirectory>C:\data\dev\MasterMind\MasterMindTest\bin\Debug\net6.0\fine-code-coverage\coverage-tool-output</ResultsDirectory><TargetPlatform>X64</TargetPlatform><TargetFrameworkVersion>.NETCoreApp,Version=v6.0</TargetFrameworkVersion><DesignMode>False</DesignMode><CollectSourceInformation>False</CollectSourceInformation><TestAdaptersPaths>C:\Program Files\dotnet\sdk\7.0.102\Extensions</TestAdaptersPaths></RunConfiguration><LoggerRunSettings><Loggers><Logger friendlyName="blame" enabled="True" /><Logger friendlyName="Console" uri="logger://microsoft/TestPlatform/ConsoleLogger/v1" assemblyQualifiedName="Microsoft.VisualStudio.TestPlatform.CommandLine.Internal.ConsoleLogger, vstest.console, Version=15.0.0.0, Culture=neutral, PublicKeyToken=b03f5f7f11d50a3a" codeBase="C:\Program Files\dotnet\sdk\7.0.102\vstest.console.dll" enabled="True" /></Loggers></LoggerRunSettings><DataCollectionRunSettings><DataCollectors><DataCollector friendlyName="blame" enabled="True"><Configuration><ResultsDirectory>C:\data\dev\MasterMind\MasterMindTest\bin\Debug\net6.0\fine-code-coverage\coverage-tool-output</ResultsDirectory></Configuration></DataCollector></DataCollectors></DataCollectionRunSettings></RunSettings> and sources System.Collections.Generic.List`1[System.String]: 
TpTrace Verbose: 0 : 14420, 1, 2023/02/27, 21:36:41.056, 5196848295526, vstest.console.dll, DataCollectionRequestSender.SendBeforeTestRunStartAndGetResult: Received message: (DataCollection.SendMessage) -> {"MessageType":"DataCollection.SendMessage","Payload":{"FriendlyName":null,"Uri":null,"TestCaseId":"00000000-0000-0000-0000-000000000000","Message":"Logging DataCollector Diagnostics in file: C:\\data\\dev\\MasterMind\\MasterMindTest\\bin\\Debug\\net6.0\\fine-code-coverage\\coverage-tool-output\\diagnostics.datacollector.23-02-27_21-36-40_74835_1.log","Level":0}}
TpTrace Verbose: 0 : 14420, 1, 2023/02/27, 21:36:41.195, 5196849693035, vstest.console.dll, DataCollectionRequestSender.SendBeforeTestRunStartAndGetResult: Received message: (DataCollection.BeforeTestRunStartResult) -> {"MessageType":"DataCollection.BeforeTestRunStartResult","Payload":{"EnvironmentVariables":{},"DataCollectionEventsPort":63083}}
TpTrace Information: 0 : 14420, 1, 2023/02/27, 21:36:41.204, 5196849781537, vstest.console.dll, ProxyDataCollectionManager.BeforeTestRunStart: SendBeforeTestRunStartAndGetResult successful, env variable from datacollector:   and testhost port: 63083
TpTrace Information: 0 : 14420, 1, 2023/02/27, 21:36:41.205, 5196849783443, vstest.console.dll, ProxyDataCollectionManager.InvokeDataCollectionServiceAction: Completed.
TpTrace Verbose: 0 : 14420, 7, 2023/02/27, 21:36:41.205, 5196849785090, vstest.console.dll, ParallelProxyExecutionManager: Execution started. Started clients: 1
TpTrace Verbose: 0 : 14420, 1, 2023/02/27, 21:36:41.205, 5196849785715, vstest.console.dll, ProxyParallelExecutionManager: No sources available for execution.
TpTrace Information: 0 : 14420, 1, 2023/02/27, 21:36:41.205, 5196849786715, vstest.console.dll, TestRunRequest.ExecuteAsync: Started.
TpTrace Verbose: 0 : 14420, 1, 2023/02/27, 21:36:41.205, 5196849787930, vstest.console.dll, TestRunRequest.WaitForCompletion: Waiting with timeout -1.
TpTrace Verbose: 0 : 14420, 7, 2023/02/27, 21:36:41.205, 5196849789371, vstest.console.dll, TestRunRequest:SendTestRunMessage: Starting.
TpTrace Verbose: 0 : 14420, 7, 2023/02/27, 21:36:41.205, 5196849791535, vstest.console.dll, MulticastDelegateUtilities.SafeInvoke: TestRun.LogMessages: Invoking callback 1/1 for Microsoft.VisualStudio.TestPlatform.CommandLine.TestRunResultAggregator., took 0 ms.
TpTrace Information: 0 : 14420, 7, 2023/02/27, 21:36:41.205, 5196849791973, vstest.console.dll, TestRunRequest:SendTestRunMessage: Completed.
TpTrace Verbose: 0 : 14420, 4, 2023/02/27, 21:36:41.206, 5196849794935, vstest.console.dll, MulticastDelegateUtilities.SafeInvoke: InternalTestLoggerEvents.SendTestRunMessage: Invoking callback 1/1 for Microsoft.VisualStudio.TestPlatform.CommandLine.Internal.ConsoleLogger., took 0 ms.
TpTrace Verbose: 0 : 14420, 7, 2023/02/27, 21:36:41.206, 5196849795190, vstest.console.dll, ProxyExecutionManager: Test host is always Lazy initialize.
TpTrace Verbose: 0 : 14420, 7, 2023/02/27, 21:36:41.206, 5196849799698, vstest.console.dll, TestRequestSender.InitializeCommunication: initialize communication. 
TpTrace Information: 0 : 14420, 7, 2023/02/27, 21:36:41.207, 5196849806458, vstest.console.dll, SocketServer.Start: Listening on endpoint : 127.0.0.1:63084
TpTrace Verbose: 0 : 14420, 7, 2023/02/27, 21:36:41.208, 5196849816643, vstest.console.dll, DotnetTestHostmanager.GetTestHostProcessStartInfo: Platform environment 'X64' target architecture 'X64' framework '.NETCoreApp,Version=v6.0' OS 'Windows'
TpTrace Verbose: 0 : 14420, 7, 2023/02/27, 21:36:41.208, 5196849819274, vstest.console.dll, DotnetTestHostmanager: Adding  --runtimeconfig "C:\data\dev\MasterMind\MasterMindTest\bin\Debug\net6.0\fine-code-coverage\build-output\MasterMindTest.runtimeconfig.json" in args
TpTrace Verbose: 0 : 14420, 7, 2023/02/27, 21:36:41.208, 5196849820355, vstest.console.dll, DotnetTestHostmanager: Adding  --depsfile "C:\data\dev\MasterMind\MasterMindTest\bin\Debug\net6.0\fine-code-coverage\build-output\MasterMindTest.deps.json" in args
TpTrace Verbose: 0 : 14420, 7, 2023/02/27, 21:36:41.208, 5196849822452, vstest.console.dll, DotnetTestHostmanager.IsWinOnArm: Current PROCESSOR_ARCHITECTURE from environment variable 'AMD64'
TpTrace Verbose: 0 : 14420, 7, 2023/02/27, 21:36:41.209, 5196849823173, vstest.console.dll, DotnetTestHostmanager.IsWinOnArm: Is Windows on ARM 'False'
TpTrace Verbose: 0 : 14420, 7, 2023/02/27, 21:36:41.209, 5196849824183, vstest.console.dll, DotnetTestHostManager: testhost.exe found at path: C:\data\dev\MasterMind\MasterMindTest\bin\Debug\net6.0\fine-code-coverage\build-output\testhost.exe
TpTrace Verbose: 0 : 14420, 7, 2023/02/27, 21:36:41.209, 5196849824741, vstest.console.dll, DotnetTestHostmanager: Full path of host exe is C:\data\dev\MasterMind\MasterMindTest\bin\Debug\net6.0\fine-code-coverage\build-output\testhost.exe
TpTrace Verbose: 0 : 14420, 7, 2023/02/27, 21:36:41.209, 5196849826182, vstest.console.dll, DotnetTestHostmanager.LaunchTestHostAsync: Found 'VSTEST_WINAPPHOST_DOTNET_ROOT' in env variables, value 'C:\Program Files\dotnet', forwarding to 'DOTNET_ROOT'
TpTrace Verbose: 0 : 14420, 7, 2023/02/27, 21:36:41.209, 5196849829967, vstest.console.dll, DotnetTestHostManager: Starting process 'C:\data\dev\MasterMind\MasterMindTest\bin\Debug\net6.0\fine-code-coverage\build-output\testhost.exe' with command line ' --runtimeconfig "C:\data\dev\MasterMind\MasterMindTest\bin\Debug\net6.0\fine-code-coverage\build-output\MasterMindTest.runtimeconfig.json" --depsfile "C:\data\dev\MasterMind\MasterMindTest\bin\Debug\net6.0\fine-code-coverage\build-output\MasterMindTest.deps.json" --port 63084 --endpoint 127.0.0.1:063084 --role client --parentprocessid 14420 --diag "C:\data\dev\MasterMind\MasterMindTest\bin\Debug\net6.0\fine-code-coverage\coverage-tool-output\diagnostics.host.23-02-27_21-36-41_20788_7.log" --tracelevel 4 --datacollectionport 63083 --telemetryoptedin false'
TpTrace Verbose: 0 : 14420, 7, 2023/02/27, 21:36:41.229, 5196850023878, vstest.console.dll, MulticastDelegateUtilities.SafeInvoke: HostProviderEvents.OnHostLaunched: Invoking callback 1/2 for Microsoft.VisualStudio.TestPlatform.CrossPlatEngine.Client.ProxyExecutionManagerWithDataCollection., took 2 ms.
TpTrace Verbose: 0 : 14420, 7, 2023/02/27, 21:36:41.229, 5196850028687, vstest.console.dll, Test Runtime launched
TpTrace Verbose: 0 : 14420, 7, 2023/02/27, 21:36:41.229, 5196850031499, vstest.console.dll, MulticastDelegateUtilities.SafeInvoke: HostProviderEvents.OnHostLaunched: Invoking callback 2/2 for Microsoft.VisualStudio.TestPlatform.CrossPlatEngine.Client.ProxyOperationManager., took 0 ms.
TpTrace Verbose: 0 : 14420, 7, 2023/02/27, 21:36:41.230, 5196850034255, vstest.console.dll, TestRequestSender.WaitForRequestHandlerConnection: waiting for connection with timeout: 90000.
TpTrace Verbose: 0 : 14420, 7, 2023/02/27, 21:36:41.557, 5196853309280, vstest.console.dll, TestRequestSender.WaitForRequestHandlerConnection: waiting took 327 ms, with timeout 90000 ms, and result 0, which is success.
TpTrace Verbose: 0 : 14420, 12, 2023/02/27, 21:36:41.557, 5196853309185, vstest.console.dll, MulticastDelegateUtilities.SafeInvoke: SocketServer: ClientConnected: Invoking callback 1/1 for Microsoft.VisualStudio.TestPlatform.CommunicationUtilities.TestRequestSender., took 0 ms.
TpTrace Verbose: 0 : 14420, 12, 2023/02/27, 21:36:41.558, 5196853313108, vstest.console.dll, SocketServer.OnClientConnected: Client connected for endPoint: 127.0.0.1:63084, starting MessageLoopAsync:
TpTrace Verbose: 0 : 14420, 13, 2023/02/27, 21:36:41.558, 5196853317225, vstest.console.dll, TcpClientExtensions.MessageLoopAsync: Polling on remoteEndPoint: 127.0.0.1:63085 localEndPoint: 127.0.0.1:63084
TpTrace Verbose: 0 : 14420, 7, 2023/02/27, 21:36:41.559, 5196853332376, vstest.console.dll, TestRequestSender.CheckVersionWithTestHost: Sending check version message: {"MessageType":"ProtocolVersion","Payload":7}
TpTrace Verbose: 0 : 14420, 13, 2023/02/27, 21:36:41.774, 5196855478667, vstest.console.dll, TcpClientExtensions.MessageLoopAsync: NotifyDataAvailable remoteEndPoint: 127.0.0.1:63085 localEndPoint: 127.0.0.1:63084
TpTrace Verbose: 0 : 14420, 13, 2023/02/27, 21:36:41.775, 5196855483675, vstest.console.dll, TestRequestSender.CheckVersionWithTestHost: onMessageReceived received message: (ProtocolVersion) -> {"MessageType":"ProtocolVersion","Payload":7}
TpTrace Verbose: 0 : 14420, 13, 2023/02/27, 21:36:41.776, 5196855493994, vstest.console.dll, MulticastDelegateUtilities.SafeInvoke: LengthPrefixCommunicationChannel: MessageReceived: Invoking callback 1/1 for Microsoft.VisualStudio.TestPlatform.CommunicationUtilities.TestRequestSender+<>c__DisplayClass26_0., took 1 ms.
TpTrace Verbose: 0 : 14420, 7, 2023/02/27, 21:36:41.776, 5196855495290, vstest.console.dll, TestPluginCache.GetExtensionPaths: Filtered extension paths: 
TpTrace Verbose: 0 : 14420, 13, 2023/02/27, 21:36:41.776, 5196855495662, vstest.console.dll, TcpClientExtensions.MessageLoopAsync: Polling on remoteEndPoint: 127.0.0.1:63085 localEndPoint: 127.0.0.1:63084
TpTrace Verbose: 0 : 14420, 7, 2023/02/27, 21:36:41.776, 5196855496577, vstest.console.dll, TestPluginCache.GetExtensionPaths: Added default extension paths: C:\Program Files\dotnet\sdk\7.0.102\Extensions\Microsoft.Diagnostics.NETCore.Client.dll
C:\Program Files\dotnet\sdk\7.0.102\Extensions\Microsoft.TestPlatform.Extensions.BlameDataCollector.dll
C:\Program Files\dotnet\sdk\7.0.102\Extensions\Microsoft.TestPlatform.Extensions.EventLogCollector.dll
C:\Program Files\dotnet\sdk\7.0.102\Extensions\Microsoft.TestPlatform.TestHostRuntimeProvider.dll
C:\Program Files\dotnet\sdk\7.0.102\Extensions\Microsoft.VisualStudio.TestPlatform.Extensions.Html.TestLogger.dll
C:\Program Files\dotnet\sdk\7.0.102\Extensions\Microsoft.VisualStudio.TestPlatform.Extensions.Trx.TestLogger.dll
TpTrace Verbose: 0 : 14420, 7, 2023/02/27, 21:36:41.776, 5196855497447, vstest.console.dll, TestPluginCache.GetExtensionPaths: Added unfilterableExtensionPaths: 
TpTrace Verbose: 0 : 14420, 7, 2023/02/27, 21:36:41.780, 5196855541457, vstest.console.dll, TestRequestSender.InitializeExecution: Sending initialize execution with message: {"Version":7,"MessageType":"TestExecution.Initialize","Payload":["C:\\data\\dev\\MasterMind\\MasterMindTest\\bin\\Debug\\net6.0\\fine-code-coverage\\build-output\\xunit.runner.visualstudio.dotnetcore.testadapter.dll"]}
TpTrace Warning: 0 : 14420, 7, 2023/02/27, 21:36:41.781, 5196855548235, vstest.console.dll, InferRunSettingsHelper.MakeRunsettingsCompatible: Removing the following settings: TargetPlatform from RunSettings file. To use those settings please move to latest version of Microsoft.NET.Test.Sdk
TpTrace Verbose: 0 : 14420, 13, 2023/02/27, 21:36:41.783, 5196855570251, vstest.console.dll, TcpClientExtensions.MessageLoopAsync: NotifyDataAvailable remoteEndPoint: 127.0.0.1:63085 localEndPoint: 127.0.0.1:63084
TpTrace Verbose: 0 : 14420, 13, 2023/02/27, 21:36:41.784, 5196855574770, vstest.console.dll, TestRequestSender.OnExecutionMessageReceived: Received message: {"Version":7,"MessageType":"TestSession.Message","Payload":{"MessageLevel":0,"Message":"Logging TestHost Diagnostics in file: C:\\data\\dev\\MasterMind\\MasterMindTest\\bin\\Debug\\net6.0\\fine-code-coverage\\coverage-tool-output\\diagnostics.host.23-02-27_21-36-41_20788_7.log"}}
TpTrace Verbose: 0 : 14420, 13, 2023/02/27, 21:36:41.787, 5196855605538, vstest.console.dll, TestRunRequest:SendTestRunMessage: Starting.
TpTrace Verbose: 0 : 14420, 13, 2023/02/27, 21:36:41.787, 5196855607480, vstest.console.dll, MulticastDelegateUtilities.SafeInvoke: TestRun.LogMessages: Invoking callback 1/1 for Microsoft.VisualStudio.TestPlatform.CommandLine.TestRunResultAggregator., took 0 ms.
TpTrace Information: 0 : 14420, 13, 2023/02/27, 21:36:41.787, 5196855607879, vstest.console.dll, TestRunRequest:SendTestRunMessage: Completed.
TpTrace Verbose: 0 : 14420, 13, 2023/02/27, 21:36:41.787, 5196855608287, vstest.console.dll, MulticastDelegateUtilities.SafeInvoke: LengthPrefixCommunicationChannel: MessageReceived: Invoking callback 1/1 for Microsoft.VisualStudio.TestPlatform.CommunicationUtilities.TestRequestSender+<>c__DisplayClass31_0., took 3 ms.
TpTrace Verbose: 0 : 14420, 13, 2023/02/27, 21:36:41.787, 5196855608600, vstest.console.dll, TcpClientExtensions.MessageLoopAsync: Polling on remoteEndPoint: 127.0.0.1:63085 localEndPoint: 127.0.0.1:63084
TpTrace Verbose: 0 : 14420, 4, 2023/02/27, 21:36:41.787, 5196855608634, vstest.console.dll, MulticastDelegateUtilities.SafeInvoke: InternalTestLoggerEvents.SendTestRunMessage: Invoking callback 1/1 for Microsoft.VisualStudio.TestPlatform.CommandLine.Internal.ConsoleLogger., took 0 ms.
TpTrace Verbose: 0 : 14420, 7, 2023/02/27, 21:36:41.791, 5196855647355, vstest.console.dll, TestRequestSender.StartTestRun: Sending test run with message: {"Version":7,"MessageType":"TestExecution.StartWithSources","Payload":{"AdapterSourceMap":{"_none_":["C:\\data\\dev\\MasterMind\\MasterMindTest\\bin\\Debug\\net6.0\\fine-code-coverage\\build-output\\MasterMindTest.dll"]},"RunSettings":"<RunSettings>\r\n  <RunConfiguration>\r\n    <ResultsDirectory>C:\\data\\dev\\MasterMind\\MasterMindTest\\bin\\Debug\\net6.0\\fine-code-coverage\\coverage-tool-output</ResultsDirectory>\r\n    <TargetFrameworkVersion>.NETCoreApp,Version=v6.0</TargetFrameworkVersion>\r\n    <DesignMode>False</DesignMode>\r\n    <CollectSourceInformation>False</CollectSourceInformation>\r\n  </RunConfiguration>\r\n  <LoggerRunSettings>\r\n    <Loggers>\r\n      <Logger friendlyName=\"blame\" enabled=\"True\" />\r\n      <Logger friendlyName=\"Console\" uri=\"logger://microsoft/TestPlatform/ConsoleLogger/v1\" assemblyQualifiedName=\"Microsoft.VisualStudio.TestPlatform.CommandLine.Internal.ConsoleLogger, vstest.console, Version=15.0.0.0, Culture=neutral, PublicKeyToken=b03f5f7f11d50a3a\" codeBase=\"C:\\Program Files\\dotnet\\sdk\\7.0.102\\vstest.console.dll\" enabled=\"True\" />\r\n    </Loggers>\r\n  </LoggerRunSettings>\r\n  <DataCollectionRunSettings>\r\n    <DataCollectors>\r\n      <DataCollector friendlyName=\"blame\" enabled=\"True\">\r\n        <Configuration>\r\n          <ResultsDirectory>C:\\data\\dev\\MasterMind\\MasterMindTest\\bin\\Debug\\net6.0\\fine-code-coverage\\coverage-tool-output</ResultsDirectory>\r\n        </Configuration>\r\n      </DataCollector>\r\n    </DataCollectors>\r\n  </DataCollectionRunSettings>\r\n</RunSettings>","TestExecutionContext":{"FrequencyOfRunStatsChangeEvent":10,"RunStatsChangeEventTimeout":"00:00:01.5000000","InIsolation":false,"KeepAlive":false,"AreTestCaseLevelEventsRequired":false,"IsDebug":false,"TestCaseFilter":null,"FilterOptions":null},"Package":null}}
TpTrace Verbose: 0 : 14420, 13, 2023/02/27, 21:36:41.988, 5196857618295, vstest.console.dll, TcpClientExtensions.MessageLoopAsync: NotifyDataAvailable remoteEndPoint: 127.0.0.1:63085 localEndPoint: 127.0.0.1:63084
TpTrace Verbose: 0 : 14420, 13, 2023/02/27, 21:36:41.988, 5196857620664, vstest.console.dll, TestRequestSender.OnExecutionMessageReceived: Received message: {"Version":7,"MessageType":"TestSession.Message","Payload":{"MessageLevel":0,"Message":"[xUnit.net 00:00:00.00] xUnit.net VSTest Adapter v2.4.5+1caef2f33e (64-bit .NET 6.0.13)"}}
TpTrace Verbose: 0 : 14420, 13, 2023/02/27, 21:36:41.989, 5196857623924, vstest.console.dll, TestRunRequest:SendTestRunMessage: Starting.
TpTrace Verbose: 0 : 14420, 13, 2023/02/27, 21:36:41.989, 5196857624719, vstest.console.dll, MulticastDelegateUtilities.SafeInvoke: TestRun.LogMessages: Invoking callback 1/1 for Microsoft.VisualStudio.TestPlatform.CommandLine.TestRunResultAggregator., took 0 ms.
TpTrace Information: 0 : 14420, 13, 2023/02/27, 21:36:41.989, 5196857625039, vstest.console.dll, TestRunRequest:SendTestRunMessage: Completed.
TpTrace Verbose: 0 : 14420, 13, 2023/02/27, 21:36:41.989, 5196857625273, vstest.console.dll, MulticastDelegateUtilities.SafeInvoke: LengthPrefixCommunicationChannel: MessageReceived: Invoking callback 1/1 for Microsoft.VisualStudio.TestPlatform.CommunicationUtilities.TestRequestSender+<>c__DisplayClass31_0., took 0 ms.
TpTrace Verbose: 0 : 14420, 13, 2023/02/27, 21:36:41.989, 5196857625531, vstest.console.dll, TcpClientExtensions.MessageLoopAsync: Polling on remoteEndPoint: 127.0.0.1:63085 localEndPoint: 127.0.0.1:63084
TpTrace Verbose: 0 : 14420, 4, 2023/02/27, 21:36:41.989, 5196857625583, vstest.console.dll, MulticastDelegateUtilities.SafeInvoke: InternalTestLoggerEvents.SendTestRunMessage: Invoking callback 1/1 for Microsoft.VisualStudio.TestPlatform.CommandLine.Internal.ConsoleLogger., took 0 ms.
TpTrace Verbose: 0 : 14420, 13, 2023/02/27, 21:36:42.498, 5196862716405, vstest.console.dll, TcpClientExtensions.MessageLoopAsync: NotifyDataAvailable remoteEndPoint: 127.0.0.1:63085 localEndPoint: 127.0.0.1:63084
TpTrace Verbose: 0 : 14420, 13, 2023/02/27, 21:36:42.498, 5196862718761, vstest.console.dll, TestRequestSender.OnExecutionMessageReceived: Received message: {"Version":7,"MessageType":"TestSession.Message","Payload":{"MessageLevel":0,"Message":"[xUnit.net 00:00:00.51]   Discovering: MasterMindTest"}}
TpTrace Verbose: 0 : 14420, 13, 2023/02/27, 21:36:42.498, 5196862720733, vstest.console.dll, TestRunRequest:SendTestRunMessage: Starting.
TpTrace Verbose: 0 : 14420, 13, 2023/02/27, 21:36:42.498, 5196862721756, vstest.console.dll, MulticastDelegateUtilities.SafeInvoke: TestRun.LogMessages: Invoking callback 1/1 for Microsoft.VisualStudio.TestPlatform.CommandLine.TestRunResultAggregator., took 0 ms.
TpTrace Verbose: 0 : 14420, 4, 2023/02/27, 21:36:42.498, 5196862722062, vstest.console.dll, MulticastDelegateUtilities.SafeInvoke: InternalTestLoggerEvents.SendTestRunMessage: Invoking callback 1/1 for Microsoft.VisualStudio.TestPlatform.CommandLine.Internal.ConsoleLogger., took 0 ms.
TpTrace Information: 0 : 14420, 13, 2023/02/27, 21:36:42.498, 5196862722228, vstest.console.dll, TestRunRequest:SendTestRunMessage: Completed.
TpTrace Verbose: 0 : 14420, 13, 2023/02/27, 21:36:42.499, 5196862723544, vstest.console.dll, MulticastDelegateUtilities.SafeInvoke: LengthPrefixCommunicationChannel: MessageReceived: Invoking callback 1/1 for Microsoft.VisualStudio.TestPlatform.CommunicationUtilities.TestRequestSender+<>c__DisplayClass31_0., took 0 ms.
TpTrace Verbose: 0 : 14420, 13, 2023/02/27, 21:36:42.499, 5196862723954, vstest.console.dll, TcpClientExtensions.MessageLoopAsync: Polling on remoteEndPoint: 127.0.0.1:63085 localEndPoint: 127.0.0.1:63084
TpTrace Verbose: 0 : 14420, 13, 2023/02/27, 21:36:42.537, 5196863111692, vstest.console.dll, TcpClientExtensions.MessageLoopAsync: NotifyDataAvailable remoteEndPoint: 127.0.0.1:63085 localEndPoint: 127.0.0.1:63084
TpTrace Verbose: 0 : 14420, 13, 2023/02/27, 21:36:42.538, 5196863113460, vstest.console.dll, TestRequestSender.OnExecutionMessageReceived: Received message: {"Version":7,"MessageType":"TestSession.Message","Payload":{"MessageLevel":0,"Message":"[xUnit.net 00:00:00.55]   Discovered:  MasterMindTest"}}
TpTrace Verbose: 0 : 14420, 13, 2023/02/27, 21:36:42.538, 5196863114876, vstest.console.dll, TestRunRequest:SendTestRunMessage: Starting.
TpTrace Verbose: 0 : 14420, 13, 2023/02/27, 21:36:42.538, 5196863115401, vstest.console.dll, MulticastDelegateUtilities.SafeInvoke: TestRun.LogMessages: Invoking callback 1/1 for Microsoft.VisualStudio.TestPlatform.CommandLine.TestRunResultAggregator., took 0 ms.
TpTrace Information: 0 : 14420, 13, 2023/02/27, 21:36:42.538, 5196863115608, vstest.console.dll, TestRunRequest:SendTestRunMessage: Completed.
TpTrace Verbose: 0 : 14420, 13, 2023/02/27, 21:36:42.538, 5196863115918, vstest.console.dll, MulticastDelegateUtilities.SafeInvoke: LengthPrefixCommunicationChannel: MessageReceived: Invoking callback 1/1 for Microsoft.VisualStudio.TestPlatform.CommunicationUtilities.TestRequestSender+<>c__DisplayClass31_0., took 0 ms.
TpTrace Verbose: 0 : 14420, 13, 2023/02/27, 21:36:42.538, 5196863116131, vstest.console.dll, TcpClientExtensions.MessageLoopAsync: Polling on remoteEndPoint: 127.0.0.1:63085 localEndPoint: 127.0.0.1:63084
TpTrace Verbose: 0 : 14420, 4, 2023/02/27, 21:36:42.538, 5196863116255, vstest.console.dll, MulticastDelegateUtilities.SafeInvoke: InternalTestLoggerEvents.SendTestRunMessage: Invoking callback 1/1 for Microsoft.VisualStudio.TestPlatform.CommandLine.Internal.ConsoleLogger., took 0 ms.
TpTrace Verbose: 0 : 14420, 13, 2023/02/27, 21:36:42.540, 5196863134203, vstest.console.dll, TcpClientExtensions.MessageLoopAsync: NotifyDataAvailable remoteEndPoint: 127.0.0.1:63085 localEndPoint: 127.0.0.1:63084
TpTrace Verbose: 0 : 14420, 13, 2023/02/27, 21:36:42.540, 5196863135012, vstest.console.dll, TestRequestSender.OnExecutionMessageReceived: Received message: {"Version":7,"MessageType":"TestSession.Message","Payload":{"MessageLevel":0,"Message":"[xUnit.net 00:00:00.55]   Starting:    MasterMindTest"}}
TpTrace Verbose: 0 : 14420, 13, 2023/02/27, 21:36:42.540, 5196863135944, vstest.console.dll, TestRunRequest:SendTestRunMessage: Starting.
TpTrace Verbose: 0 : 14420, 13, 2023/02/27, 21:36:42.540, 5196863136382, vstest.console.dll, MulticastDelegateUtilities.SafeInvoke: TestRun.LogMessages: Invoking callback 1/1 for Microsoft.VisualStudio.TestPlatform.CommandLine.TestRunResultAggregator., took 0 ms.
TpTrace Verbose: 0 : 14420, 4, 2023/02/27, 21:36:42.540, 5196863136633, vstest.console.dll, MulticastDelegateUtilities.SafeInvoke: InternalTestLoggerEvents.SendTestRunMessage: Invoking callback 1/1 for Microsoft.VisualStudio.TestPlatform.CommandLine.Internal.ConsoleLogger., took 0 ms.
TpTrace Information: 0 : 14420, 13, 2023/02/27, 21:36:42.540, 5196863136690, vstest.console.dll, TestRunRequest:SendTestRunMessage: Completed.
TpTrace Verbose: 0 : 14420, 13, 2023/02/27, 21:36:42.540, 5196863137503, vstest.console.dll, MulticastDelegateUtilities.SafeInvoke: LengthPrefixCommunicationChannel: MessageReceived: Invoking callback 1/1 for Microsoft.VisualStudio.TestPlatform.CommunicationUtilities.TestRequestSender+<>c__DisplayClass31_0., took 0 ms.
TpTrace Verbose: 0 : 14420, 13, 2023/02/27, 21:36:42.540, 5196863137727, vstest.console.dll, TcpClientExtensions.MessageLoopAsync: Polling on remoteEndPoint: 127.0.0.1:63085 localEndPoint: 127.0.0.1:63084
TpTrace Verbose: 0 : 14420, 13, 2023/02/27, 21:36:42.714, 5196864878839, vstest.console.dll, TcpClientExtensions.MessageLoopAsync: NotifyDataAvailable remoteEndPoint: 127.0.0.1:63085 localEndPoint: 127.0.0.1:63084
TpTrace Verbose: 0 : 14420, 13, 2023/02/27, 21:36:42.714, 5196864882098, vstest.console.dll, TestRequestSender.OnExecutionMessageReceived: Received message: {"Version":7,"MessageType":"TestExecution.StatsChange","Payload":{"NewTestResults":[{"TestCase":{"Id":"e002f10a-60a6-5252-658d-828839f7a90f","FullyQualifiedName":"MasterMindTest.SolutionWithDictionaryTests.One_Correct_Guessed_Color_With_Position_ShouldReturn_1_0","DisplayName":"MasterMindTest.SolutionWithDictionaryTests.One_Correct_Guessed_Color_With_Position_ShouldReturn_1_0","ExecutorUri":"executor://xunit/VsTestRunner2/netcoreapp","Source":"C:\\data\\dev\\MasterMind\\MasterMindTest\\bin\\Debug\\net6.0\\fine-code-coverage\\build-output\\MasterMindTest.dll","CodeFilePath":null,"LineNumber":0,"Properties":[]},"Attachments":[],"Outcome":1,"ErrorMessage":null,"ErrorStackTrace":null,"DisplayName":"MasterMindTest.SolutionWithDictionaryTests.One_Correct_Guessed_Color_With_Position_ShouldReturn_1_0","Messages":[],"ComputerName":"LT-CH-221","Duration":"00:00:00.0121026","StartTime":"2023-02-27T20:36:42.6422835+00:00","EndTime":"2023-02-27T20:36:42.6423101+00:00","Properties":[]},{"TestCase":{"Id":"acbcc183-597f-f700-23df-de1b581643d4","FullyQualifiedName":"MasterMindTest.SolutionWithFixedListTests.No_Correct_Guessed_Color_ShouldReturn_0_0","DisplayName":"MasterMindTest.SolutionWithFixedListTests.No_Correct_Guessed_Color_ShouldReturn_0_0","ExecutorUri":"executor://xunit/VsTestRunner2/netcoreapp","Source":"C:\\data\\dev\\MasterMind\\MasterMindTest\\bin\\Debug\\net6.0\\fine-code-coverage\\build-output\\MasterMindTest.dll","CodeFilePath":null,"LineNumber":0,"Properties":[]},"Attachments":[],"Outcome":1,"ErrorMessage":null,"ErrorStackTrace":null,"DisplayName":"MasterMindTest.SolutionWithFixedListTests.No_Correct_Guessed_Color_ShouldReturn_0_0","Messages":[],"ComputerName":"LT-CH-221","Duration":"00:00:00.0078548","StartTime":"2023-02-27T20:36:42.6643203+00:00","EndTime":"2023-02-27T20:36:42.6643205+00:00","Properties":[]},{"TestCase":{"Id":"6edb4e66-1bfa-cc20-bd90-9b741a790f73","FullyQualifiedName":"MasterMindTest.SolutionWithDynamicListTests.No_Correct_Guessed_Color_ShouldReturn_0_0","DisplayName":"MasterMindTest.SolutionWithDynamicListTests.No_Correct_Guessed_Color_ShouldReturn_0_0","ExecutorUri":"executor://xunit/VsTestRunner2/netcoreapp","Source":"C:\\data\\dev\\MasterMind\\MasterMindTest\\bin\\Debug\\net6.0\\fine-code-coverage\\build-output\\MasterMindTest.dll","CodeFilePath":null,"LineNumber":0,"Properties":[]},"Attachments":[],"Outcome":1,"ErrorMessage":null,"ErrorStackTrace":null,"DisplayName":"MasterMindTest.SolutionWithDynamicListTests.No_Correct_Guessed_Color_ShouldReturn_0_0","Messages":[],"ComputerName":"LT-CH-221","Duration":"00:00:00.0078760","StartTime":"2023-02-27T20:36:42.6663839+00:00","EndTime":"2023-02-27T20:36:42.666384+00:00","Properties":[]},{"TestCase":{"Id":"d79f0d6d-9592-4b49-21ac-0ad5c5a4b211","FullyQualifiedName":"MasterMindTest.SolutionWithFixedListTests.One_Correct_Guessed_Color_ShouldReturn_0_1","DisplayName":"MasterMindTest.SolutionWithFixedListTests.One_Correct_Guessed_Color_ShouldReturn_0_1","ExecutorUri":"executor://xunit/VsTestRunner2/netcoreapp","Source":"C:\\data\\dev\\MasterMind\\MasterMindTest\\bin\\Debug\\net6.0\\fine-code-coverage\\build-output\\MasterMindTest.dll","CodeFilePath":null,"LineNumber":0,"Properties":[]},"Attachments":[],"Outcome":1,"ErrorMessage":null,"ErrorStackTrace":null,"DisplayName":"MasterMindTest.SolutionWithFixedListTests.One_Correct_Guessed_Color_ShouldReturn_0_1","Messages":[],"ComputerName":"LT-CH-221","Duration":"00:00:00.0002001","StartTime":"2023-02-27T20:36:42.6728856+00:00","EndTime":"2023-02-27T20:36:42.6728857+00:00","Properties":[]},{"TestCase":{"Id":"eb5c7187-7d34-e84c-71e8-d3e230b3fbbb","FullyQualifiedName":"MasterMindTest.SolutionWithDynamicListTests.One_Correct_Guessed_Color_With_Position_ShouldReturn_1_0","DisplayName":"MasterMindTest.SolutionWithDynamicListTests.One_Correct_Guessed_Color_With_Position_ShouldReturn_1_0","ExecutorUri":"executor://xunit/VsTestRunner2/netcoreapp","Source":"C:\\data\\dev\\MasterMind\\MasterMindTest\\bin\\Debug\\net6.0\\fine-code-coverage\\build-output\\MasterMindTest.dll","CodeFilePath":null,"LineNumber":0,"Properties":[]},"Attachments":[],"Outcome":1,"ErrorMessage":null,"ErrorStackTrace":null,"DisplayName":"MasterMindTest.SolutionWithDynamicListTests.One_Correct_Guessed_Color_With_Position_ShouldReturn_1_0","Messages":[],"ComputerName":"LT-CH-221","Duration":"00:00:00.0003481","StartTime":"2023-02-27T20:36:42.6758205+00:00","EndTime":"2023-02-27T20:36:42.6758206+00:00","Properties":[]},{"TestCase":{"Id":"4bb28ba5-ada6-c571-e187-e900b263c040","FullyQualifiedName":"MasterMindTest.SolutionWithDictionaryTests.One_Correct_Guessed_Color_With_Position_And_One_Guessed_Color_ShouldReturn_1_1","DisplayName":"MasterMindTest.SolutionWithDictionaryTests.One_Correct_Guessed_Color_With_Position_And_One_Guessed_Color_ShouldReturn_1_1","ExecutorUri":"executor://xunit/VsTestRunner2/netcoreapp","Source":"C:\\data\\dev\\MasterMind\\MasterMindTest\\bin\\Debug\\net6.0\\fine-code-coverage\\build-output\\MasterMindTest.dll","CodeFilePath":null,"LineNumber":0,"Properties":[]},"Attachments":[],"Outcome":1,"ErrorMessage":null,"ErrorStackTrace":null,"DisplayName":"MasterMindTest.SolutionWithDictionaryTests.One_Correct_Guessed_Color_With_Position_And_One_Guessed_Color_ShouldReturn_1_1","Messages":[],"ComputerName":"LT-CH-221","Duration":"00:00:00.0003489","StartTime":"2023-02-27T20:36:42.6772488+00:00","EndTime":"2023-02-27T20:36:42.6772488+00:00","Properties":[]},{"TestCase":{"Id":"abd32497-7cff-08a8-ce1a-1f778e0f6c07","FullyQualifiedName":"MasterMindTest.SolutionWithFixedListTests.One_Correct_Guessed_Color_With_Position_ShouldReturn_1_0","DisplayName":"MasterMindTest.SolutionWithFixedListTests.One_Correct_Guessed_Color_With_Position_ShouldReturn_1_0","ExecutorUri":"executor://xunit/VsTestRunner2/netcoreapp","Source":"C:\\data\\dev\\MasterMind\\MasterMindTest\\bin\\Debug\\net6.0\\fine-code-coverage\\build-output\\MasterMindTest.dll","CodeFilePath":null,"LineNumber":0,"Properties":[]},"Attachments":[],"Outcome":1,"ErrorMessage":null,"ErrorStackTrace":null,"DisplayName":"MasterMindTest.SolutionWithFixedListTests.One_Correct_Guessed_Color_With_Position_ShouldReturn_1_0","Messages":[],"ComputerName":"LT-CH-221","Duration":"00:00:00.0001494","StartTime":"2023-02-27T20:36:42.6808125+00:00","EndTime":"2023-02-27T20:36:42.6808126+00:00","Properties":[]}],"TestRunStatistics":{"ExecutedTests":7,"Stats":{"Passed":7}},"ActiveTests":[{"Id":"da0cab54-6354-57ab-ca61-72058c558f9d","FullyQualifiedName":"MasterMindTest.SolutionWithDynamicListTests.One_Correct_Guessed_Color_ShouldReturn_0_1","DisplayName":"MasterMindTest.SolutionWithDynamicListTests.One_Correct_Guessed_Color_ShouldReturn_0_1","ExecutorUri":"executor://xunit/VsTestRunner2/netcoreapp","Source":"C:\\data\\dev\\MasterMind\\MasterMindTest\\bin\\Debug\\net6.0\\fine-code-coverage\\build-output\\MasterMindTest.dll","CodeFilePath":null,"LineNumber":0,"Properties":[]},{"Id":"952d601d-e3be-74e7-5cbd-29577d4ffb0e","FullyQualifiedName":"MasterMindTest.SolutionWithDictionaryTests.One_Correct_Guessed_Color_ShouldReturn_0_1","DisplayName":"MasterMindTest.SolutionWithDictionaryTests.One_Correct_Guessed_Color_ShouldReturn_0_1","ExecutorUri":"executor://xunit/VsTestRunner2/netcoreapp","Source":"C:\\data\\dev\\MasterMind\\MasterMindTest\\bin\\Debug\\net6.0\\fine-code-coverage\\build-output\\MasterMindTest.dll","CodeFilePath":null,"LineNumber":0,"Properties":[]},{"Id":"f1c32401-a126-4fdf-dba8-cd94662520dd","FullyQualifiedName":"MasterMindTest.SolutionWithFixedListTests.One_Correct_Guessed_Color_With_Position_And_One_Guessed_Color_ShouldReturn_1_1","DisplayName":"MasterMindTest.SolutionWithFixedListTests.One_Correct_Guessed_Color_With_Position_And_One_Guessed_Color_ShouldReturn_1_1","ExecutorUri":"executor://xunit/VsTestRunner2/netcoreapp","Source":"C:\\data\\dev\\MasterMind\\MasterMindTest\\bin\\Debug\\net6.0\\fine-code-coverage\\build-output\\MasterMindTest.dll","CodeFilePath":null,"LineNumber":0,"Properties":[]}]}}
TpTrace Verbose: 0 : 14420, 13, 2023/02/27, 21:36:42.746, 5196865198098, vstest.console.dll, TestRunRequest:SendTestRunStatsChange: Starting.
TpTrace Verbose: 0 : 14420, 13, 2023/02/27, 21:36:42.746, 5196865200780, vstest.console.dll, InProgress is MasterMindTest.SolutionWithDynamicListTests.One_Correct_Guessed_Color_ShouldReturn_0_1
TpTrace Verbose: 0 : 14420, 13, 2023/02/27, 21:36:42.746, 5196865201162, vstest.console.dll, InProgress is MasterMindTest.SolutionWithDictionaryTests.One_Correct_Guessed_Color_ShouldReturn_0_1
TpTrace Verbose: 0 : 14420, 13, 2023/02/27, 21:36:42.746, 5196865201378, vstest.console.dll, InProgress is MasterMindTest.SolutionWithFixedListTests.One_Correct_Guessed_Color_With_Position_And_One_Guessed_Color_ShouldReturn_1_1
TpTrace Verbose: 0 : 14420, 13, 2023/02/27, 21:36:42.747, 5196865206546, vstest.console.dll, MulticastDelegateUtilities.SafeInvoke: TestRun.RunStatsChanged: Invoking callbacks was skipped because there are no subscribers.
TpTrace Information: 0 : 14420, 13, 2023/02/27, 21:36:42.747, 5196865207162, vstest.console.dll, TestRunRequest:SendTestRunStatsChange: Completed.
TpTrace Verbose: 0 : 14420, 13, 2023/02/27, 21:36:42.747, 5196865207557, vstest.console.dll, MulticastDelegateUtilities.SafeInvoke: LengthPrefixCommunicationChannel: MessageReceived: Invoking callback 1/1 for Microsoft.VisualStudio.TestPlatform.CommunicationUtilities.TestRequestSender+<>c__DisplayClass31_0., took 32 ms.
TpTrace Verbose: 0 : 14420, 13, 2023/02/27, 21:36:42.747, 5196865207861, vstest.console.dll, TcpClientExtensions.MessageLoopAsync: Polling on remoteEndPoint: 127.0.0.1:63085 localEndPoint: 127.0.0.1:63084
TpTrace Verbose: 0 : 14420, 13, 2023/02/27, 21:36:42.747, 5196865208299, vstest.console.dll, TcpClientExtensions.MessageLoopAsync: NotifyDataAvailable remoteEndPoint: 127.0.0.1:63085 localEndPoint: 127.0.0.1:63084
TpTrace Verbose: 0 : 14420, 13, 2023/02/27, 21:36:42.747, 5196865209009, vstest.console.dll, TestRequestSender.OnExecutionMessageReceived: Received message: {"Version":7,"MessageType":"TestSession.Message","Payload":{"MessageLevel":0,"Message":"[xUnit.net 00:00:00.74]   Finished:    MasterMindTest"}}
TpTrace Verbose: 0 : 14420, 13, 2023/02/27, 21:36:42.747, 5196865209903, vstest.console.dll, TestRunRequest:SendTestRunMessage: Starting.
TpTrace Verbose: 0 : 14420, 13, 2023/02/27, 21:36:42.747, 5196865210433, vstest.console.dll, MulticastDelegateUtilities.SafeInvoke: TestRun.LogMessages: Invoking callback 1/1 for Microsoft.VisualStudio.TestPlatform.CommandLine.TestRunResultAggregator., took 0 ms.
TpTrace Information: 0 : 14420, 13, 2023/02/27, 21:36:42.747, 5196865210660, vstest.console.dll, TestRunRequest:SendTestRunMessage: Completed.
TpTrace Verbose: 0 : 14420, 13, 2023/02/27, 21:36:42.747, 5196865210880, vstest.console.dll, MulticastDelegateUtilities.SafeInvoke: LengthPrefixCommunicationChannel: MessageReceived: Invoking callback 1/1 for Microsoft.VisualStudio.TestPlatform.CommunicationUtilities.TestRequestSender+<>c__DisplayClass31_0., took 0 ms.
TpTrace Verbose: 0 : 14420, 13, 2023/02/27, 21:36:42.747, 5196865211101, vstest.console.dll, TcpClientExtensions.MessageLoopAsync: Polling on remoteEndPoint: 127.0.0.1:63085 localEndPoint: 127.0.0.1:63084
TpTrace Verbose: 0 : 14420, 4, 2023/02/27, 21:36:42.752, 5196865255346, vstest.console.dll, MulticastDelegateUtilities.SafeInvoke: InternalTestLoggerEvents.SendTestResult: Invoking callback 1/1 for Microsoft.VisualStudio.TestPlatform.CommandLine.Internal.ConsoleLogger., took 4 ms.
TpTrace Verbose: 0 : 14420, 4, 2023/02/27, 21:36:42.752, 5196865258948, vstest.console.dll, MulticastDelegateUtilities.SafeInvoke: InternalTestLoggerEvents.SendTestResult: Invoking callback 1/1 for Microsoft.VisualStudio.TestPlatform.CommandLine.Internal.ConsoleLogger., took 0 ms.
TpTrace Verbose: 0 : 14420, 4, 2023/02/27, 21:36:42.752, 5196865259736, vstest.console.dll, MulticastDelegateUtilities.SafeInvoke: InternalTestLoggerEvents.SendTestResult: Invoking callback 1/1 for Microsoft.VisualStudio.TestPlatform.CommandLine.Internal.ConsoleLogger., took 0 ms.
TpTrace Verbose: 0 : 14420, 4, 2023/02/27, 21:36:42.752, 5196865260212, vstest.console.dll, MulticastDelegateUtilities.SafeInvoke: InternalTestLoggerEvents.SendTestResult: Invoking callback 1/1 for Microsoft.VisualStudio.TestPlatform.CommandLine.Internal.ConsoleLogger., took 0 ms.
TpTrace Verbose: 0 : 14420, 4, 2023/02/27, 21:36:42.752, 5196865260545, vstest.console.dll, MulticastDelegateUtilities.SafeInvoke: InternalTestLoggerEvents.SendTestResult: Invoking callback 1/1 for Microsoft.VisualStudio.TestPlatform.CommandLine.Internal.ConsoleLogger., took 0 ms.
TpTrace Verbose: 0 : 14420, 4, 2023/02/27, 21:36:42.752, 5196865260919, vstest.console.dll, MulticastDelegateUtilities.SafeInvoke: InternalTestLoggerEvents.SendTestResult: Invoking callback 1/1 for Microsoft.VisualStudio.TestPlatform.CommandLine.Internal.ConsoleLogger., took 0 ms.
TpTrace Verbose: 0 : 14420, 4, 2023/02/27, 21:36:42.752, 5196865261214, vstest.console.dll, MulticastDelegateUtilities.SafeInvoke: InternalTestLoggerEvents.SendTestResult: Invoking callback 1/1 for Microsoft.VisualStudio.TestPlatform.CommandLine.Internal.ConsoleLogger., took 0 ms.
TpTrace Verbose: 0 : 14420, 4, 2023/02/27, 21:36:42.752, 5196865261578, vstest.console.dll, MulticastDelegateUtilities.SafeInvoke: InternalTestLoggerEvents.SendTestRunMessage: Invoking callback 1/1 for Microsoft.VisualStudio.TestPlatform.CommandLine.Internal.ConsoleLogger., took 0 ms.
TpTrace Verbose: 0 : 14420, 13, 2023/02/27, 21:36:42.757, 5196865303165, vstest.console.dll, TcpClientExtensions.MessageLoopAsync: NotifyDataAvailable remoteEndPoint: 127.0.0.1:63085 localEndPoint: 127.0.0.1:63084
TpTrace Verbose: 0 : 14420, 13, 2023/02/27, 21:36:42.757, 5196865304998, vstest.console.dll, TestRequestSender.OnExecutionMessageReceived: Received message: {"Version":7,"MessageType":"TestExecution.Completed","Payload":{"TestRunCompleteArgs":{"TestRunStatistics":{"ExecutedTests":12,"Stats":{"Passed":12}},"IsCanceled":false,"IsAborted":false,"Error":null,"AttachmentSets":[],"InvokedDataCollectors":[],"ElapsedTimeInRunningTests":"00:00:00.7559141","Metrics":{},"DiscoveredExtensions":{"TestDiscoverers":["Xunit.Runner.VisualStudio.VsTestRunner, xunit.runner.visualstudio.dotnetcore.testadapter, Version=2.4.0.0, Culture=neutral, PublicKeyToken=8d05b1bb7a6fdb6c"],"TestExecutors":["executor://xunit/VsTestRunner2/netcoreapp"],"TestExecutors2":[],"TestSettingsProviders":[]}},"LastRunTests":{"NewTestResults":[{"TestCase":{"Id":"f1c32401-a126-4fdf-dba8-cd94662520dd","FullyQualifiedName":"MasterMindTest.SolutionWithFixedListTests.One_Correct_Guessed_Color_With_Position_And_One_Guessed_Color_ShouldReturn_1_1","DisplayName":"MasterMindTest.SolutionWithFixedListTests.One_Correct_Guessed_Color_With_Position_And_One_Guessed_Color_ShouldReturn_1_1","ExecutorUri":"executor://xunit/VsTestRunner2/netcoreapp","Source":"C:\\data\\dev\\MasterMind\\MasterMindTest\\bin\\Debug\\net6.0\\fine-code-coverage\\build-output\\MasterMindTest.dll","CodeFilePath":null,"LineNumber":0,"Properties":[]},"Attachments":[],"Outcome":1,"ErrorMessage":null,"ErrorStackTrace":null,"DisplayName":"MasterMindTest.SolutionWithFixedListTests.One_Correct_Guessed_Color_With_Position_And_One_Guessed_Color_ShouldReturn_1_1","Messages":[],"ComputerName":"LT-CH-221","Duration":"00:00:00.0001324","StartTime":"2023-02-27T20:36:42.716153+00:00","EndTime":"2023-02-27T20:36:42.7161531+00:00","Properties":[]},{"TestCase":{"Id":"da0cab54-6354-57ab-ca61-72058c558f9d","FullyQualifiedName":"MasterMindTest.SolutionWithDynamicListTests.One_Correct_Guessed_Color_ShouldReturn_0_1","DisplayName":"MasterMindTest.SolutionWithDynamicListTests.One_Correct_Guessed_Color_ShouldReturn_0_1","ExecutorUri":"executor://xunit/VsTestRunner2/netcoreapp","Source":"C:\\data\\dev\\MasterMind\\MasterMindTest\\bin\\Debug\\net6.0\\fine-code-coverage\\build-output\\MasterMindTest.dll","CodeFilePath":null,"LineNumber":0,"Properties":[]},"Attachments":[],"Outcome":1,"ErrorMessage":null,"ErrorStackTrace":null,"DisplayName":"MasterMindTest.SolutionWithDynamicListTests.One_Correct_Guessed_Color_ShouldReturn_0_1","Messages":[],"ComputerName":"LT-CH-221","Duration":"00:00:00.0002376","StartTime":"2023-02-27T20:36:42.7185885+00:00","EndTime":"2023-02-27T20:36:42.7185886+00:00","Properties":[]},{"TestCase":{"Id":"952d601d-e3be-74e7-5cbd-29577d4ffb0e","FullyQualifiedName":"MasterMindTest.SolutionWithDictionaryTests.One_Correct_Guessed_Color_ShouldReturn_0_1","DisplayName":"MasterMindTest.SolutionWithDictionaryTests.One_Correct_Guessed_Color_ShouldReturn_0_1","ExecutorUri":"executor://xunit/VsTestRunner2/netcoreapp","Source":"C:\\data\\dev\\MasterMind\\MasterMindTest\\bin\\Debug\\net6.0\\fine-code-coverage\\build-output\\MasterMindTest.dll","CodeFilePath":null,"LineNumber":0,"Properties":[]},"Attachments":[],"Outcome":1,"ErrorMessage":null,"ErrorStackTrace":null,"DisplayName":"MasterMindTest.SolutionWithDictionaryTests.One_Correct_Guessed_Color_ShouldReturn_0_1","Messages":[],"ComputerName":"LT-CH-221","Duration":"00:00:00.0002445","StartTime":"2023-02-27T20:36:42.7200109+00:00","EndTime":"2023-02-27T20:36:42.7200109+00:00","Properties":[]},{"TestCase":{"Id":"9e90e2fc-f343-d93b-bd2f-7d4d28b74db3","FullyQualifiedName":"MasterMindTest.SolutionWithDynamicListTests.One_Correct_Guessed_Color_With_Position_And_One_Guessed_Color_ShouldReturn_1_1","DisplayName":"MasterMindTest.SolutionWithDynamicListTests.One_Correct_Guessed_Color_With_Position_And_One_Guessed_Color_ShouldReturn_1_1","ExecutorUri":"executor://xunit/VsTestRunner2/netcoreapp","Source":"C:\\data\\dev\\MasterMind\\MasterMindTest\\bin\\Debug\\net6.0\\fine-code-coverage\\build-output\\MasterMindTest.dll","CodeFilePath":null,"LineNumber":0,"Properties":[]},"Attachments":[],"Outcome":1,"ErrorMessage":null,"ErrorStackTrace":null,"DisplayName":"MasterMindTest.SolutionWithDynamicListTests.One_Correct_Guessed_Color_With_Position_And_One_Guessed_Color_ShouldReturn_1_1","Messages":[],"ComputerName":"LT-CH-221","Duration":"00:00:00.0002119","StartTime":"2023-02-27T20:36:42.7235046+00:00","EndTime":"2023-02-27T20:36:42.7235046+00:00","Properties":[]},{"TestCase":{"Id":"064d1b23-b3b2-fbf1-a972-1f46f5330254","FullyQualifiedName":"MasterMindTest.SolutionWithDictionaryTests.No_Correct_Guessed_Color_ShouldReturn_0_0","DisplayName":"MasterMindTest.SolutionWithDictionaryTests.No_Correct_Guessed_Color_ShouldReturn_0_0","ExecutorUri":"executor://xunit/VsTestRunner2/netcoreapp","Source":"C:\\data\\dev\\MasterMind\\MasterMindTest\\bin\\Debug\\net6.0\\fine-code-coverage\\build-output\\MasterMindTest.dll","CodeFilePath":null,"LineNumber":0,"Properties":[]},"Attachments":[],"Outcome":1,"ErrorMessage":null,"ErrorStackTrace":null,"DisplayName":"MasterMindTest.SolutionWithDictionaryTests.No_Correct_Guessed_Color_ShouldReturn_0_0","Messages":[],"ComputerName":"LT-CH-221","Duration":"00:00:00.0002326","StartTime":"2023-02-27T20:36:42.7246314+00:00","EndTime":"2023-02-27T20:36:42.7246314+00:00","Properties":[]}],"TestRunStatistics":{"ExecutedTests":12,"Stats":{"Passed":12}},"ActiveTests":[]},"RunAttachments":[],"ExecutorUris":["executor://xunit/VsTestRunner2/netcoreapp"]}}
TpTrace Verbose: 0 : 14420, 13, 2023/02/27, 21:36:42.757, 5196865306241, vstest.console.dll, TestRequestSender.EndSession: Sending end session.
TpTrace Verbose: 0 : 14420, 13, 2023/02/27, 21:36:42.757, 5196865308158, vstest.console.dll, ProxyOperationManager.Close: waiting for test host to exit for 100 ms
TpTrace Warning: 0 : 14420, 10, 2023/02/27, 21:36:42.782, 5196865562708, vstest.console.dll, TestHostManagerCallbacks.ErrorReceivedCallback Test host standard error line: 
TpTrace Verbose: 0 : 14420, 10, 2023/02/27, 21:36:42.796, 5196865698129, vstest.console.dll, TestHostProvider.ExitCallBack: Host exited starting callback.
TpTrace Information: 0 : 14420, 10, 2023/02/27, 21:36:42.796, 5196865700277, vstest.console.dll, TestHostManagerCallbacks.ExitCallBack: Testhost processId: 27544 exited with exitcode: 0 error: ''
TpTrace Verbose: 0 : 14420, 10, 2023/02/27, 21:36:42.796, 5196865700685, vstest.console.dll, DotnetTestHostManager.OnHostExited: invoking OnHostExited callback
TpTrace Verbose: 0 : 14420, 10, 2023/02/27, 21:36:42.796, 5196865701165, vstest.console.dll, CrossPlatEngine.TestHostManagerHostExited: calling on client process exit callback.
TpTrace Information: 0 : 14420, 10, 2023/02/27, 21:36:42.796, 5196865701711, vstest.console.dll, TestRequestSender.OnClientProcessExit: Test host process exited. Standard error: 
TpTrace Information: 0 : 14420, 10, 2023/02/27, 21:36:42.796, 5196865702028, vstest.console.dll, SocketServer.Stop: Stop server endPoint: 127.0.0.1:63084
TpTrace Information: 0 : 14420, 10, 2023/02/27, 21:36:42.796, 5196865702225, vstest.console.dll, SocketServer.Stop: Cancellation requested. Stopping message loop.
TpTrace Verbose: 0 : 14420, 10, 2023/02/27, 21:36:42.797, 5196865703073, vstest.console.dll, MulticastDelegateUtilities.SafeInvoke: HostProviderEvents.OnHostExited: Invoking callback 1/1 for Microsoft.VisualStudio.TestPlatform.CrossPlatEngine.Client.ProxyOperationManager., took 0 ms.
TpTrace Information: 0 : 14420, 13, 2023/02/27, 21:36:42.797, 5196865703913, vstest.console.dll, SocketServer.Stop: Stop server endPoint: 127.0.0.1:63084
TpTrace Information: 0 : 14420, 13, 2023/02/27, 21:36:42.797, 5196865704533, vstest.console.dll, SocketServer.Stop: Cancellation requested. Stopping message loop.
TpTrace Information: 0 : 14420, 13, 2023/02/27, 21:36:42.797, 5196865704929, vstest.console.dll, Closing the connection
TpTrace Verbose: 0 : 14420, 13, 2023/02/27, 21:36:42.797, 5196865707182, vstest.console.dll, ProxyDataCollectionManager.InvokeDataCollectionServiceAction: Starting.
TpTrace Information: 0 : 14420, 13, 2023/02/27, 21:36:42.797, 5196865707575, vstest.console.dll, ProxyDataCollectionManager.AfterTestRunEnd: Get attachment set and invoked data collectors processId: 7492 port: 63081
TpTrace Verbose: 0 : 14420, 13, 2023/02/27, 21:36:42.797, 5196865707983, vstest.console.dll, DataCollectionRequestSender.SendAfterTestRunStartAndGetResult: Send AfterTestRunEnd message with isCancelled: False
TpTrace Verbose: 0 : 14420, 13, 2023/02/27, 21:36:42.806, 5196865795629, vstest.console.dll, DataCollectionRequestSender.SendAfterTestRunStartAndGetResult: Received message: (DataCollection.AfterTestRunEndResult) -> {"MessageType":"DataCollection.AfterTestRunEndResult","Payload":{"AttachmentSets":[],"InvokedDataCollectors":[{"Uri":"datacollector://Microsoft/TestPlatform/Extensions/Blame/v1","FriendlyName":"Blame","AssemblyQualifiedName":"Microsoft.TestPlatform.Extensions.BlameDataCollector.BlameCollector, Microsoft.TestPlatform.Extensions.BlameDataCollector, Version=15.0.0.0, Culture=neutral, PublicKeyToken=b03f5f7f11d50a3a","FilePath":"C:\\Program Files\\dotnet\\sdk\\7.0.102\\Extensions\\Microsoft.TestPlatform.Extensions.BlameDataCollector.dll","HasAttachmentProcessor":false}],"Metrics":{}}}
TpTrace Information: 0 : 14420, 13, 2023/02/27, 21:36:42.811, 5196865852281, vstest.console.dll, ProxyDataCollectionManager.InvokeDataCollectionServiceAction: Completed.
TpTrace Warning: 0 : 14420, 9, 2023/02/27, 21:36:42.812, 5196865857222, vstest.console.dll, DataCollectionLauncher.ErrorReceivedCallback datacollector standard error line: 
TpTrace Information: 0 : 14420, 9, 2023/02/27, 21:36:42.819, 5196865932543, vstest.console.dll, DataCollectionLauncher.ExitCallBack: Data collector exited with exitcode: 0 error: ''
TpTrace Verbose: 0 : 14420, 13, 2023/02/27, 21:36:42.849, 5196866224145, vstest.console.dll, TestRunRequest:SendTestRunStatsChange: Starting.
TpTrace Verbose: 0 : 14420, 13, 2023/02/27, 21:36:42.849, 5196866225993, vstest.console.dll, MulticastDelegateUtilities.SafeInvoke: TestRun.RunStatsChanged: Invoking callbacks was skipped because there are no subscribers.
TpTrace Information: 0 : 14420, 13, 2023/02/27, 21:36:42.849, 5196866226290, vstest.console.dll, TestRunRequest:SendTestRunStatsChange: Completed.
TpTrace Verbose: 0 : 14420, 4, 2023/02/27, 21:36:42.849, 5196866227674, vstest.console.dll, MulticastDelegateUtilities.SafeInvoke: InternalTestLoggerEvents.SendTestResult: Invoking callback 1/1 for Microsoft.VisualStudio.TestPlatform.CommandLine.Internal.ConsoleLogger., took 0 ms.
TpTrace Verbose: 0 : 14420, 4, 2023/02/27, 21:36:42.849, 5196866228690, vstest.console.dll, MulticastDelegateUtilities.SafeInvoke: InternalTestLoggerEvents.SendTestResult: Invoking callback 1/1 for Microsoft.VisualStudio.TestPlatform.CommandLine.Internal.ConsoleLogger., took 0 ms.
TpTrace Verbose: 0 : 14420, 4, 2023/02/27, 21:36:42.849, 5196866229085, vstest.console.dll, MulticastDelegateUtilities.SafeInvoke: InternalTestLoggerEvents.SendTestResult: Invoking callback 1/1 for Microsoft.VisualStudio.TestPlatform.CommandLine.Internal.ConsoleLogger., took 0 ms.
TpTrace Verbose: 0 : 14420, 4, 2023/02/27, 21:36:42.849, 5196866229363, vstest.console.dll, MulticastDelegateUtilities.SafeInvoke: InternalTestLoggerEvents.SendTestResult: Invoking callback 1/1 for Microsoft.VisualStudio.TestPlatform.CommandLine.Internal.ConsoleLogger., took 0 ms.
TpTrace Verbose: 0 : 14420, 4, 2023/02/27, 21:36:42.849, 5196866229666, vstest.console.dll, MulticastDelegateUtilities.SafeInvoke: InternalTestLoggerEvents.SendTestResult: Invoking callback 1/1 for Microsoft.VisualStudio.TestPlatform.CommandLine.Internal.ConsoleLogger., took 0 ms.
TpTrace Verbose: 0 : 14420, 13, 2023/02/27, 21:36:42.849, 5196866231113, vstest.console.dll, ParallelProxyExecutionManager: HandlePartialRunComplete: Total completed clients = 1, Run complete = True, Run canceled: False.
TpTrace Verbose: 0 : 14420, 4, 2023/02/27, 21:36:42.862, 5196866358101, vstest.console.dll, MulticastDelegateUtilities.SafeInvoke: InternalTestLoggerEvents.SendTestRunComplete: Invoking callback 1/2 for Microsoft.TestPlatform.Extensions.BlameDataCollector.BlameLogger., took 0 ms.
TpTrace Verbose: 0 : 14420, 4, 2023/02/27, 21:36:42.871, 5196866444594, vstest.console.dll, MulticastDelegateUtilities.SafeInvoke: InternalTestLoggerEvents.SendTestRunComplete: Invoking callback 2/2 for Microsoft.VisualStudio.TestPlatform.CommandLine.Internal.ConsoleLogger., took 8 ms.
TpTrace Verbose: 0 : 14420, 13, 2023/02/27, 21:36:42.871, 5196866448418, vstest.console.dll, TestRunRequest:TestRunComplete: Starting. IsAborted:False IsCanceled:False.
TpTrace Verbose: 0 : 14420, 13, 2023/02/27, 21:36:42.872, 5196866462853, vstest.console.dll, TestLoggerManager.HandleTestRunComplete: Ignoring as the object is disposed.
TpTrace Verbose: 0 : 14420, 13, 2023/02/27, 21:36:42.873, 5196866465567, vstest.console.dll, MulticastDelegateUtilities.SafeInvoke: TestRun.TestRunComplete: Invoking callback 1/2 for Microsoft.VisualStudio.TestPlatform.CommandLine.TestRunResultAggregator., took 0 ms.
TpTrace Verbose: 0 : 14420, 13, 2023/02/27, 21:36:42.873, 5196866467354, vstest.console.dll, MulticastDelegateUtilities.SafeInvoke: TestRun.TestRunComplete: Invoking callback 2/2 for Microsoft.VisualStudio.TestPlatform.CommandLine.Processors.RunTestsArgumentExecutor+TestRunRequestEventsRegistrar., took 0 ms.
TpTrace Information: 0 : 14420, 13, 2023/02/27, 21:36:42.873, 5196866468749, vstest.console.dll, TestRunRequest:TestRunComplete: Completed.
TpTrace Verbose: 0 : 14420, 13, 2023/02/27, 21:36:42.873, 5196866469190, vstest.console.dll, TestRequestSender.SetOperationComplete: Setting operation complete.
TpTrace Information: 0 : 14420, 13, 2023/02/27, 21:36:42.873, 5196866469580, vstest.console.dll, SocketServer.Stop: Stop server endPoint: 127.0.0.1:63084
TpTrace Information: 0 : 14420, 13, 2023/02/27, 21:36:42.873, 5196866469781, vstest.console.dll, SocketServer.Stop: Cancellation requested. Stopping message loop.
TpTrace Verbose: 0 : 14420, 1, 2023/02/27, 21:36:42.873, 5196866469887, vstest.console.dll, TestRunRequest.Dispose: Starting.
TpTrace Verbose: 0 : 14420, 13, 2023/02/27, 21:36:42.873, 5196866470022, vstest.console.dll, MulticastDelegateUtilities.SafeInvoke: LengthPrefixCommunicationChannel: MessageReceived: Invoking callback 1/1 for Microsoft.VisualStudio.TestPlatform.CommunicationUtilities.TestRequestSender+<>c__DisplayClass31_0., took 116 ms.
TpTrace Information: 0 : 14420, 1, 2023/02/27, 21:36:42.873, 5196866471098, vstest.console.dll, TestRunRequest.Dispose: Completed.
TpTrace Information: 0 : 14420, 13, 2023/02/27, 21:36:42.873, 5196866471345, vstest.console.dll, SocketServer.PrivateStop: Stopping server endPoint: 127.0.0.1:63084 error: 
TpTrace Information: 0 : 14420, 1, 2023/02/27, 21:36:42.873, 5196866472082, vstest.console.dll, TestRequestManager.RunTests: run tests completed.
TpTrace Information: 0 : 14420, 1, 2023/02/27, 21:36:42.874, 5196866474398, vstest.console.dll, RunTestsArgumentProcessor:Execute: Test run is completed.
TpTrace Verbose: 0 : 14420, 13, 2023/02/27, 21:36:42.874, 5196866477066, vstest.console.dll, LengthPrefixCommunicationChannel.Dispose: Dispose reader and writer.
TpTrace Verbose: 0 : 14420, 1, 2023/02/27, 21:36:42.874, 5196866477288, vstest.console.dll, Executor.Execute: Exiting with exit code of 0
TpTrace Information: 0 : 14420, 13, 2023/02/27, 21:36:42.874, 5196866477990, vstest.console.dll, SocketServer.Stop: Raise disconnected event endPoint: 127.0.0.1:63084 error: 
TpTrace Verbose: 0 : 14420, 13, 2023/02/27, 21:36:42.874, 5196866479333, vstest.console.dll, TestRequestSender: OnTestRunAbort: Operation is already complete. Skip error message.
TpTrace Verbose: 0 : 14420, 13, 2023/02/27, 21:36:42.874, 5196866479843, vstest.console.dll, MulticastDelegateUtilities.SafeInvoke: SocketServer: ClientDisconnected: Invoking callback 1/1 for Microsoft.VisualStudio.TestPlatform.CommunicationUtilities.TestRequestSender., took 0 ms.
TpTrace Verbose: 0 : 14420, 13, 2023/02/27, 21:36:42.874, 5196866480084, vstest.console.dll, TcpClientExtensions.MessageLoopAsync: exiting MessageLoopAsync remoteEndPoint: 127.0.0.1:63085 localEndPoint: 127.0.0.1:63084
