<?xml version="1.0" encoding="utf-8"?>
<coverage line-rate="0.9418000000000001" branch-rate="0.9285" version="1.9" timestamp="1677530203" lines-covered="162" lines-valid="172" branches-covered="26" branches-valid="28">
  <sources>
    <source>C:\</source>
  </sources>
  <packages>
    <package name="MasterMind" line-rate="0.8965000000000001" branch-rate="0.9285" complexity="30">
      <classes>
        <class name="Program" filename="data\dev\MasterMind\MasterMind\Program.cs" line-rate="0" branch-rate="1" complexity="1">
          <methods>
            <method name="&lt;Main&gt;$" signature="(System.String[])" line-rate="0" branch-rate="1" complexity="1">
              <lines>
                <line number="3" hits="0" branch="False" />
              </lines>
            </method>
          </methods>
          <lines>
            <line number="3" hits="0" branch="False" />
          </lines>
        </class>
        <class name="MasterMind.SolutionWithDictionary" filename="data\dev\MasterMind\MasterMind\SolutionWithDictionary.cs" line-rate="1" branch-rate="1" complexity="9">
          <methods>
            <method name="PlayMastermindRound" signature="(MasterMind.Color[],MasterMind.Color[])" line-rate="1" branch-rate="1" complexity="4">
              <lines>
                <line number="6" hits="4" branch="False" />
                <line number="7" hits="4" branch="False" />
                <line number="8" hits="4" branch="False" />
                <line number="10" hits="4" branch="False" />
                <line number="12" hits="26" branch="True" condition-coverage="100% (2/2)">
                  <conditions>
                    <condition number="139" type="jump" coverage="100%" />
                  </conditions>
                </line>
                <line number="13" hits="7" branch="False" />
                <line number="14" hits="7" branch="False" />
                <line number="15" hits="7" branch="True" condition-coverage="100% (2/2)">
                  <conditions>
                    <condition number="65" type="jump" coverage="100%" />
                  </conditions>
                </line>
                <line number="16" hits="3" branch="False" />
                <line number="17" hits="3" branch="False" />
                <line number="18" hits="3" branch="False" />
                <line number="19" hits="3" branch="False" />
                <line number="20" hits="3" branch="False" />
                <line number="21" hits="7" branch="False" />
                <line number="23" hits="4" branch="False" />
                <line number="24" hits="4" branch="False" />
              </lines>
            </method>
            <method name="PopulateColorIndex" signature="(System.Collections.Generic.IReadOnlyList`1&lt;MasterMind.Color&gt;)" line-rate="1" branch-rate="1" complexity="4">
              <lines>
                <line number="27" hits="8" branch="False" />
                <line number="28" hits="8" branch="False" />
                <line number="30" hits="64" branch="True" condition-coverage="100% (2/2)">
                  <conditions>
                    <condition number="81" type="jump" coverage="100%" />
                  </conditions>
                </line>
                <line number="31" hits="24" branch="False" />
                <line number="32" hits="24" branch="False" />
                <line number="33" hits="24" branch="True" condition-coverage="100% (2/2)">
                  <conditions>
                    <condition number="45" type="jump" coverage="100%" />
                  </conditions>
                </line>
                <line number="34" hits="9" branch="False" />
                <line number="35" hits="9" branch="False" />
                <line number="36" hits="9" branch="False" />
                <line number="37" hits="24" branch="False" />
                <line number="39" hits="8" branch="False" />
                <line number="40" hits="8" branch="False" />
              </lines>
            </method>
            <method name="ComputeScorePerColor" signature="(System.Collections.Generic.IReadOnlyList`1&lt;System.Int32&gt;,System.Collections.Generic.IReadOnlyList`1&lt;System.Int32&gt;)" line-rate="1" branch-rate="1" complexity="1">
              <lines>
                <line number="44" hits="3" branch="False" />
                <line number="45" hits="3" branch="False" />
                <line number="47" hits="3" branch="False" />
                <line number="48" hits="3" branch="False" />
                <line number="50" hits="3" branch="False" />
                <line number="52" hits="3" branch="False" />
              </lines>
            </method>
          </methods>
          <lines>
            <line number="6" hits="4" branch="False" />
            <line number="7" hits="4" branch="False" />
            <line number="8" hits="4" branch="False" />
            <line number="10" hits="4" branch="False" />
            <line number="12" hits="26" branch="True" condition-coverage="100% (2/2)">
              <conditions>
                <condition number="139" type="jump" coverage="100%" />
              </conditions>
            </line>
            <line number="13" hits="7" branch="False" />
            <line number="14" hits="7" branch="False" />
            <line number="15" hits="7" branch="True" condition-coverage="100% (2/2)">
              <conditions>
                <condition number="65" type="jump" coverage="100%" />
              </conditions>
            </line>
            <line number="16" hits="3" branch="False" />
            <line number="17" hits="3" branch="False" />
            <line number="18" hits="3" branch="False" />
            <line number="19" hits="3" branch="False" />
            <line number="20" hits="3" branch="False" />
            <line number="21" hits="7" branch="False" />
            <line number="23" hits="4" branch="False" />
            <line number="24" hits="4" branch="False" />
            <line number="27" hits="8" branch="False" />
            <line number="28" hits="8" branch="False" />
            <line number="30" hits="64" branch="True" condition-coverage="100% (2/2)">
              <conditions>
                <condition number="81" type="jump" coverage="100%" />
              </conditions>
            </line>
            <line number="31" hits="24" branch="False" />
            <line number="32" hits="24" branch="False" />
            <line number="33" hits="24" branch="True" condition-coverage="100% (2/2)">
              <conditions>
                <condition number="45" type="jump" coverage="100%" />
              </conditions>
            </line>
            <line number="34" hits="9" branch="False" />
            <line number="35" hits="9" branch="False" />
            <line number="36" hits="9" branch="False" />
            <line number="37" hits="24" branch="False" />
            <line number="39" hits="8" branch="False" />
            <line number="40" hits="8" branch="False" />
            <line number="44" hits="3" branch="False" />
            <line number="45" hits="3" branch="False" />
            <line number="47" hits="3" branch="False" />
            <line number="48" hits="3" branch="False" />
            <line number="50" hits="3" branch="False" />
            <line number="52" hits="3" branch="False" />
          </lines>
        </class>
        <class name="MasterMind.SolutionWithDynamicListOfIndex" filename="data\dev\MasterMind\MasterMind\SolutionWithDynamicListOfIndex.cs" line-rate="1" branch-rate="1" complexity="10">
          <methods>
            <method name="PlayMastermindRound" signature="(MasterMind.Color[],MasterMind.Color[])" line-rate="1" branch-rate="1" complexity="10">
              <lines>
                <line number="6" hits="7" branch="False" />
                <line number="7" hits="7" branch="False" />
                <line number="8" hits="7" branch="False" />
                <line number="10" hits="56" branch="True" condition-coverage="100% (2/2)">
                  <conditions>
                    <condition number="161" type="jump" coverage="100%" />
                  </conditions>
                </line>
                <line number="11" hits="21" branch="False" />
                <line number="12" hits="21" branch="True" condition-coverage="100% (2/2)">
                  <conditions>
                    <condition number="34" type="jump" coverage="100%" />
                  </conditions>
                </line>
                <line number="13" hits="4" branch="False" />
                <line number="14" hits="4" branch="False" />
                <line number="15" hits="4" branch="False" />
                <line number="16" hits="4" branch="False" />
                <line number="18" hits="17" branch="False" />
                <line number="19" hits="116" branch="True" condition-coverage="100% (2/2)">
                  <conditions>
                    <condition number="143" type="jump" coverage="100%" />
                  </conditions>
                </line>
                <line number="20" hits="45" branch="False" />
                <line number="21" hits="45" branch="True" condition-coverage="100% (2/2)">
                  <conditions>
                    <condition number="82" type="jump" coverage="100%" />
                  </conditions>
                </line>
                <line number="22" hits="37" branch="False" />
                <line number="23" hits="37" branch="True" condition-coverage="100% (2/2)">
                  <conditions>
                    <condition number="98" type="jump" coverage="100%" />
                  </conditions>
                </line>
                <line number="24" hits="4" branch="False" />
                <line number="25" hits="4" branch="False" />
                <line number="26" hits="4" branch="False" />
                <line number="27" hits="4" branch="False" />
                <line number="29" hits="33" branch="False" />
                <line number="30" hits="41" branch="False" />
                <line number="31" hits="17" branch="False" />
                <line number="32" hits="21" branch="False" />
                <line number="34" hits="7" branch="False" />
                <line number="35" hits="7" branch="False" />
              </lines>
            </method>
          </methods>
          <lines>
            <line number="6" hits="7" branch="False" />
            <line number="7" hits="7" branch="False" />
            <line number="8" hits="7" branch="False" />
            <line number="10" hits="56" branch="True" condition-coverage="100% (2/2)">
              <conditions>
                <condition number="161" type="jump" coverage="100%" />
              </conditions>
            </line>
            <line number="11" hits="21" branch="False" />
            <line number="12" hits="21" branch="True" condition-coverage="100% (2/2)">
              <conditions>
                <condition number="34" type="jump" coverage="100%" />
              </conditions>
            </line>
            <line number="13" hits="4" branch="False" />
            <line number="14" hits="4" branch="False" />
            <line number="15" hits="4" branch="False" />
            <line number="16" hits="4" branch="False" />
            <line number="18" hits="17" branch="False" />
            <line number="19" hits="116" branch="True" condition-coverage="100% (2/2)">
              <conditions>
                <condition number="143" type="jump" coverage="100%" />
              </conditions>
            </line>
            <line number="20" hits="45" branch="False" />
            <line number="21" hits="45" branch="True" condition-coverage="100% (2/2)">
              <conditions>
                <condition number="82" type="jump" coverage="100%" />
              </conditions>
            </line>
            <line number="22" hits="37" branch="False" />
            <line number="23" hits="37" branch="True" condition-coverage="100% (2/2)">
              <conditions>
                <condition number="98" type="jump" coverage="100%" />
              </conditions>
            </line>
            <line number="24" hits="4" branch="False" />
            <line number="25" hits="4" branch="False" />
            <line number="26" hits="4" branch="False" />
            <line number="27" hits="4" branch="False" />
            <line number="29" hits="33" branch="False" />
            <line number="30" hits="41" branch="False" />
            <line number="31" hits="17" branch="False" />
            <line number="32" hits="21" branch="False" />
            <line number="34" hits="7" branch="False" />
            <line number="35" hits="7" branch="False" />
          </lines>
        </class>
        <class name="MasterMind.SolutionWithFixedListOfIndexes" filename="data\dev\MasterMind\MasterMind\SolutionWithFixedListOfIndexes.cs" line-rate="0.6923" branch-rate="0.8" complexity="10">
          <methods>
            <method name="PlayMastermindRound" signature="(MasterMind.Color[],MasterMind.Color[])" line-rate="0.6923" branch-rate="0.8" complexity="10">
              <lines>
                <line number="8" hits="1" branch="False" />
                <line number="9" hits="4" branch="False" />
                <line number="10" hits="1" branch="False" />
                <line number="12" hits="8" branch="True" condition-coverage="100% (2/2)">
                  <conditions>
                    <condition number="208" type="jump" coverage="100%" />
                  </conditions>
                </line>
                <line number="13" hits="3" branch="False" />
                <line number="14" hits="3" branch="True" condition-coverage="50% (1/2)">
                  <conditions>
                    <condition number="79" type="jump" coverage="50%" />
                  </conditions>
                </line>
                <line number="15" hits="0" branch="False" />
                <line number="16" hits="0" branch="False" />
                <line number="17" hits="0" branch="False" />
                <line number="18" hits="0" branch="False" />
                <line number="20" hits="3" branch="False" />
                <line number="21" hits="24" branch="True" condition-coverage="100% (2/2)">
                  <conditions>
                    <condition number="190" type="jump" coverage="100%" />
                  </conditions>
                </line>
                <line number="22" hits="9" branch="False" />
                <line number="23" hits="9" branch="True" condition-coverage="100% (2/2)">
                  <conditions>
                    <condition number="128" type="jump" coverage="100%" />
                  </conditions>
                </line>
                <line number="24" hits="9" branch="False" />
                <line number="25" hits="9" branch="True" condition-coverage="50% (1/2)">
                  <conditions>
                    <condition number="144" type="jump" coverage="50%" />
                  </conditions>
                </line>
                <line number="26" hits="0" branch="False" />
                <line number="27" hits="0" branch="False" />
                <line number="28" hits="0" branch="False" />
                <line number="29" hits="0" branch="False" />
                <line number="31" hits="9" branch="False" />
                <line number="32" hits="9" branch="False" />
                <line number="33" hits="3" branch="False" />
                <line number="34" hits="3" branch="False" />
                <line number="36" hits="1" branch="False" />
                <line number="37" hits="1" branch="False" />
              </lines>
            </method>
          </methods>
          <lines>
            <line number="8" hits="1" branch="False" />
            <line number="9" hits="4" branch="False" />
            <line number="10" hits="1" branch="False" />
            <line number="12" hits="8" branch="True" condition-coverage="100% (2/2)">
              <conditions>
                <condition number="208" type="jump" coverage="100%" />
              </conditions>
            </line>
            <line number="13" hits="3" branch="False" />
            <line number="14" hits="3" branch="True" condition-coverage="50% (1/2)">
              <conditions>
                <condition number="79" type="jump" coverage="50%" />
              </conditions>
            </line>
            <line number="15" hits="0" branch="False" />
            <line number="16" hits="0" branch="False" />
            <line number="17" hits="0" branch="False" />
            <line number="18" hits="0" branch="False" />
            <line number="20" hits="3" branch="False" />
            <line number="21" hits="24" branch="True" condition-coverage="100% (2/2)">
              <conditions>
                <condition number="190" type="jump" coverage="100%" />
              </conditions>
            </line>
            <line number="22" hits="9" branch="False" />
            <line number="23" hits="9" branch="True" condition-coverage="100% (2/2)">
              <conditions>
                <condition number="128" type="jump" coverage="100%" />
              </conditions>
            </line>
            <line number="24" hits="9" branch="False" />
            <line number="25" hits="9" branch="True" condition-coverage="50% (1/2)">
              <conditions>
                <condition number="144" type="jump" coverage="50%" />
              </conditions>
            </line>
            <line number="26" hits="0" branch="False" />
            <line number="27" hits="0" branch="False" />
            <line number="28" hits="0" branch="False" />
            <line number="29" hits="0" branch="False" />
            <line number="31" hits="9" branch="False" />
            <line number="32" hits="9" branch="False" />
            <line number="33" hits="3" branch="False" />
            <line number="34" hits="3" branch="False" />
            <line number="36" hits="1" branch="False" />
            <line number="37" hits="1" branch="False" />
          </lines>
        </class>
      </classes>
    </package>
    <package name="MasterMindTest" line-rate="0.9882" branch-rate="1" complexity="13">
      <classes>
        <class name="AutoGeneratedProgram" filename="Users\filippogentile\.nuget\packages\microsoft.net.test.sdk\17.3.2\build\netcoreapp2.1\Microsoft.NET.Test.Sdk.Program.cs" line-rate="0" branch-rate="1" complexity="1">
          <methods>
            <method name="Main" signature="(System.String[])" line-rate="0" branch-rate="1" complexity="1">
              <lines>
                <line number="4" hits="0" branch="False" />
              </lines>
            </method>
          </methods>
          <lines>
            <line number="4" hits="0" branch="False" />
          </lines>
        </class>
        <class name="MasterMindTest.SolutionWithDictionaryTests" filename="data\dev\MasterMind\MasterMindTest\SolutionWithDictionaryTests.cs" line-rate="1" branch-rate="1" complexity="4">
          <methods>
            <method name="No_Correct_Guessed_Color_ShouldReturn_0_0" signature="()" line-rate="1" branch-rate="1" complexity="1">
              <lines>
                <line number="9" hits="1" branch="False" />
                <line number="11" hits="1" branch="False" />
                <line number="12" hits="1" branch="False" />
                <line number="15" hits="1" branch="False" />
                <line number="18" hits="1" branch="False" />
                <line number="19" hits="1" branch="False" />
                <line number="20" hits="1" branch="False" />
              </lines>
            </method>
            <method name="One_Correct_Guessed_Color_ShouldReturn_0_1" signature="()" line-rate="1" branch-rate="1" complexity="1">
              <lines>
                <line number="24" hits="1" branch="False" />
                <line number="26" hits="1" branch="False" />
                <line number="27" hits="1" branch="False" />
                <line number="30" hits="1" branch="False" />
                <line number="33" hits="1" branch="False" />
                <line number="34" hits="1" branch="False" />
                <line number="35" hits="1" branch="False" />
              </lines>
            </method>
            <method name="One_Correct_Guessed_Color_With_Position_ShouldReturn_1_0" signature="()" line-rate="1" branch-rate="1" complexity="1">
              <lines>
                <line number="39" hits="1" branch="False" />
                <line number="41" hits="1" branch="False" />
                <line number="42" hits="1" branch="False" />
                <line number="45" hits="1" branch="False" />
                <line number="48" hits="1" branch="False" />
                <line number="49" hits="1" branch="False" />
                <line number="50" hits="1" branch="False" />
              </lines>
            </method>
            <method name="One_Correct_Guessed_Color_With_Position_And_One_Guessed_Color_ShouldReturn_1_1" signature="()" line-rate="1" branch-rate="1" complexity="1">
              <lines>
                <line number="54" hits="1" branch="False" />
                <line number="56" hits="1" branch="False" />
                <line number="57" hits="1" branch="False" />
                <line number="60" hits="1" branch="False" />
                <line number="63" hits="1" branch="False" />
                <line number="64" hits="1" branch="False" />
                <line number="65" hits="1" branch="False" />
              </lines>
            </method>
          </methods>
          <lines>
            <line number="9" hits="1" branch="False" />
            <line number="11" hits="1" branch="False" />
            <line number="12" hits="1" branch="False" />
            <line number="15" hits="1" branch="False" />
            <line number="18" hits="1" branch="False" />
            <line number="19" hits="1" branch="False" />
            <line number="20" hits="1" branch="False" />
            <line number="24" hits="1" branch="False" />
            <line number="26" hits="1" branch="False" />
            <line number="27" hits="1" branch="False" />
            <line number="30" hits="1" branch="False" />
            <line number="33" hits="1" branch="False" />
            <line number="34" hits="1" branch="False" />
            <line number="35" hits="1" branch="False" />
            <line number="39" hits="1" branch="False" />
            <line number="41" hits="1" branch="False" />
            <line number="42" hits="1" branch="False" />
            <line number="45" hits="1" branch="False" />
            <line number="48" hits="1" branch="False" />
            <line number="49" hits="1" branch="False" />
            <line number="50" hits="1" branch="False" />
            <line number="54" hits="1" branch="False" />
            <line number="56" hits="1" branch="False" />
            <line number="57" hits="1" branch="False" />
            <line number="60" hits="1" branch="False" />
            <line number="63" hits="1" branch="False" />
            <line number="64" hits="1" branch="False" />
            <line number="65" hits="1" branch="False" />
          </lines>
        </class>
        <class name="MasterMindTest.SolutionWithDynamicListTests" filename="data\dev\MasterMind\MasterMindTest\SolutionWithDynamicListTests.cs" line-rate="1" branch-rate="1" complexity="4">
          <methods>
            <method name="No_Correct_Guessed_Color_ShouldReturn_0_0" signature="()" line-rate="1" branch-rate="1" complexity="1">
              <lines>
                <line number="9" hits="1" branch="False" />
                <line number="11" hits="1" branch="False" />
                <line number="12" hits="1" branch="False" />
                <line number="15" hits="1" branch="False" />
                <line number="18" hits="1" branch="False" />
                <line number="19" hits="1" branch="False" />
                <line number="20" hits="1" branch="False" />
              </lines>
            </method>
            <method name="One_Correct_Guessed_Color_ShouldReturn_0_1" signature="()" line-rate="1" branch-rate="1" complexity="1">
              <lines>
                <line number="24" hits="1" branch="False" />
                <line number="26" hits="1" branch="False" />
                <line number="27" hits="1" branch="False" />
                <line number="30" hits="1" branch="False" />
                <line number="33" hits="1" branch="False" />
                <line number="34" hits="1" branch="False" />
                <line number="35" hits="1" branch="False" />
              </lines>
            </method>
            <method name="One_Correct_Guessed_Color_With_Position_ShouldReturn_1_0" signature="()" line-rate="1" branch-rate="1" complexity="1">
              <lines>
                <line number="39" hits="1" branch="False" />
                <line number="41" hits="1" branch="False" />
                <line number="42" hits="1" branch="False" />
                <line number="45" hits="1" branch="False" />
                <line number="48" hits="1" branch="False" />
                <line number="49" hits="1" branch="False" />
                <line number="50" hits="1" branch="False" />
              </lines>
            </method>
            <method name="One_Correct_Guessed_Color_With_Position_And_One_Guessed_Color_ShouldReturn_1_1" signature="()" line-rate="1" branch-rate="1" complexity="1">
              <lines>
                <line number="54" hits="1" branch="False" />
                <line number="56" hits="1" branch="False" />
                <line number="57" hits="1" branch="False" />
                <line number="60" hits="1" branch="False" />
                <line number="63" hits="1" branch="False" />
                <line number="64" hits="1" branch="False" />
                <line number="65" hits="1" branch="False" />
              </lines>
            </method>
          </methods>
          <lines>
            <line number="9" hits="1" branch="False" />
            <line number="11" hits="1" branch="False" />
            <line number="12" hits="1" branch="False" />
            <line number="15" hits="1" branch="False" />
            <line number="18" hits="1" branch="False" />
            <line number="19" hits="1" branch="False" />
            <line number="20" hits="1" branch="False" />
            <line number="24" hits="1" branch="False" />
            <line number="26" hits="1" branch="False" />
            <line number="27" hits="1" branch="False" />
            <line number="30" hits="1" branch="False" />
            <line number="33" hits="1" branch="False" />
            <line number="34" hits="1" branch="False" />
            <line number="35" hits="1" branch="False" />
            <line number="39" hits="1" branch="False" />
            <line number="41" hits="1" branch="False" />
            <line number="42" hits="1" branch="False" />
            <line number="45" hits="1" branch="False" />
            <line number="48" hits="1" branch="False" />
            <line number="49" hits="1" branch="False" />
            <line number="50" hits="1" branch="False" />
            <line number="54" hits="1" branch="False" />
            <line number="56" hits="1" branch="False" />
            <line number="57" hits="1" branch="False" />
            <line number="60" hits="1" branch="False" />
            <line number="63" hits="1" branch="False" />
            <line number="64" hits="1" branch="False" />
            <line number="65" hits="1" branch="False" />
          </lines>
        </class>
        <class name="MasterMindTest.SolutionWithFixedListTests" filename="data\dev\MasterMind\MasterMindTest\SolutionWithFixedListTests.cs" line-rate="1" branch-rate="1" complexity="4">
          <methods>
            <method name="No_Correct_Guessed_Color_ShouldReturn_0_0" signature="()" line-rate="1" branch-rate="1" complexity="1">
              <lines>
                <line number="9" hits="1" branch="False" />
                <line number="11" hits="1" branch="False" />
                <line number="12" hits="1" branch="False" />
                <line number="15" hits="1" branch="False" />
                <line number="18" hits="1" branch="False" />
                <line number="19" hits="1" branch="False" />
                <line number="20" hits="1" branch="False" />
              </lines>
            </method>
            <method name="One_Correct_Guessed_Color_ShouldReturn_0_1" signature="()" line-rate="1" branch-rate="1" complexity="1">
              <lines>
                <line number="24" hits="1" branch="False" />
                <line number="26" hits="1" branch="False" />
                <line number="27" hits="1" branch="False" />
                <line number="30" hits="1" branch="False" />
                <line number="33" hits="1" branch="False" />
                <line number="34" hits="1" branch="False" />
                <line number="35" hits="1" branch="False" />
              </lines>
            </method>
            <method name="One_Correct_Guessed_Color_With_Position_ShouldReturn_1_0" signature="()" line-rate="1" branch-rate="1" complexity="1">
              <lines>
                <line number="39" hits="1" branch="False" />
                <line number="41" hits="1" branch="False" />
                <line number="42" hits="1" branch="False" />
                <line number="45" hits="1" branch="False" />
                <line number="48" hits="1" branch="False" />
                <line number="49" hits="1" branch="False" />
                <line number="50" hits="1" branch="False" />
              </lines>
            </method>
            <method name="One_Correct_Guessed_Color_With_Position_And_One_Guessed_Color_ShouldReturn_1_1" signature="()" line-rate="1" branch-rate="1" complexity="1">
              <lines>
                <line number="54" hits="1" branch="False" />
                <line number="56" hits="1" branch="False" />
                <line number="57" hits="1" branch="False" />
                <line number="60" hits="1" branch="False" />
                <line number="63" hits="1" branch="False" />
                <line number="64" hits="1" branch="False" />
                <line number="65" hits="1" branch="False" />
              </lines>
            </method>
          </methods>
          <lines>
            <line number="9" hits="1" branch="False" />
            <line number="11" hits="1" branch="False" />
            <line number="12" hits="1" branch="False" />
            <line number="15" hits="1" branch="False" />
            <line number="18" hits="1" branch="False" />
            <line number="19" hits="1" branch="False" />
            <line number="20" hits="1" branch="False" />
            <line number="24" hits="1" branch="False" />
            <line number="26" hits="1" branch="False" />
            <line number="27" hits="1" branch="False" />
            <line number="30" hits="1" branch="False" />
            <line number="33" hits="1" branch="False" />
            <line number="34" hits="1" branch="False" />
            <line number="35" hits="1" branch="False" />
            <line number="39" hits="1" branch="False" />
            <line number="41" hits="1" branch="False" />
            <line number="42" hits="1" branch="False" />
            <line number="45" hits="1" branch="False" />
            <line number="48" hits="1" branch="False" />
            <line number="49" hits="1" branch="False" />
            <line number="50" hits="1" branch="False" />
            <line number="54" hits="1" branch="False" />
            <line number="56" hits="1" branch="False" />
            <line number="57" hits="1" branch="False" />
            <line number="60" hits="1" branch="False" />
            <line number="63" hits="1" branch="False" />
            <line number="64" hits="1" branch="False" />
            <line number="65" hits="1" branch="False" />
          </lines>
        </class>
      </classes>
    </package>
  </packages>
</coverage>