<?xml version="1.0" encoding="utf-8"?>
<!DOCTYPE coverage SYSTEM "http://cobertura.sourceforge.net/xml/coverage-04.dtd">
<coverage line-rate="0.956204379562044" branch-rate="0.928571428571429" lines-covered="131" lines-valid="137" branches-covered="26" branches-valid="28" complexity="45" version="0" timestamp="1677539176">
  <sources>
    <source>C:\</source>
  </sources>
  <packages>
    <package name="MasterMind" line-rate="0.891304347826087" branch-rate="0.928571428571429" complexity="29">
      <classes>
        <class name="MasterMind.SolutionWithDictionary" filename="C:\data\dev\MasterMind\MasterMind\SolutionWithDictionary.cs" line-rate="1" branch-rate="1" complexity="9">
          <methods>
            <method name="PlayMastermindRound" signature="(...)" line-rate="1" branch-rate="1" complexity="4">
              <lines>
                <line number="7" hits="5" branch="false" />
                <line number="8" hits="5" branch="false" />
                <line number="10" hits="5" branch="false" />
                <line number="12" hits="28" branch="true" condition-coverage="100% (2/2)" />
                <line number="14" hits="9" branch="false" />
                <line number="15" hits="9" branch="true" condition-coverage="100% (2/2)" />
                <line number="17" hits="5" branch="false" />
                <line number="18" hits="5" branch="false" />
                <line number="19" hits="5" branch="false" />
                <line number="23" hits="5" branch="false" />
              </lines>
            </method>
            <method name="PopulateColorIndex" signature="(...)" line-rate="1" branch-rate="1" complexity="4">
              <lines>
                <line number="28" hits="10" branch="false" />
                <line number="30" hits="84" branch="true" condition-coverage="100% (2/2)" />
                <line number="32" hits="32" branch="false" />
                <line number="33" hits="32" branch="true" condition-coverage="100% (2/2)" />
                <line number="35" hits="13" branch="false" />
                <line number="39" hits="10" branch="false" />
              </lines>
            </method>
            <method name="ComputeScorePerColor" signature="(...)" line-rate="1" branch-rate="1" complexity="1">
              <lines>
                <line number="45" hits="5" branch="false" />
                <line number="47" hits="5" branch="false" />
                <line number="48" hits="5" branch="false" />
                <line number="50" hits="5" branch="false" />
              </lines>
            </method>
          </methods>
          <lines>
            <line number="7" hits="5" branch="false" />
            <line number="8" hits="5" branch="false" />
            <line number="10" hits="5" branch="false" />
            <line number="12" hits="28" branch="true" condition-coverage="100% (2/2)" />
            <line number="14" hits="9" branch="false" />
            <line number="15" hits="9" branch="true" condition-coverage="100% (2/2)" />
            <line number="17" hits="5" branch="false" />
            <line number="18" hits="5" branch="false" />
            <line number="19" hits="5" branch="false" />
            <line number="23" hits="5" branch="false" />
            <line number="28" hits="10" branch="false" />
            <line number="30" hits="84" branch="true" condition-coverage="100% (2/2)" />
            <line number="32" hits="32" branch="false" />
            <line number="33" hits="32" branch="true" condition-coverage="100% (2/2)" />
            <line number="35" hits="13" branch="false" />
            <line number="39" hits="10" branch="false" />
            <line number="45" hits="5" branch="false" />
            <line number="47" hits="5" branch="false" />
            <line number="48" hits="5" branch="false" />
            <line number="50" hits="5" branch="false" />
          </lines>
        </class>
        <class name="MasterMind.SolutionWithDynamicListOfIndex" filename="C:\data\dev\MasterMind\MasterMind\SolutionWithDynamicListOfIndex.cs" line-rate="1" branch-rate="1" complexity="10">
          <methods>
            <method name="PlayMastermindRound" signature="(...)" line-rate="1" branch-rate="1" complexity="10">
              <lines>
                <line number="7" hits="9" branch="false" />
                <line number="8" hits="9" branch="false" />
                <line number="10" hits="76" branch="true" condition-coverage="100% (2/2)" />
                <line number="12" hits="29" branch="true" condition-coverage="100% (2/2)" />
                <line number="14" hits="8" branch="false" />
                <line number="15" hits="8" branch="false" />
                <line number="19" hits="144" branch="true" condition-coverage="100% (2/2)" />
                <line number="21" hits="59" branch="true" condition-coverage="100% (2/2)" />
                <line number="23" hits="43" branch="true" condition-coverage="100% (2/2)" />
                <line number="25" hits="8" branch="false" />
                <line number="26" hits="8" branch="false" />
                <line number="27" hits="8" branch="false" />
                <line number="34" hits="9" branch="false" />
              </lines>
            </method>
          </methods>
          <lines>
            <line number="7" hits="9" branch="false" />
            <line number="8" hits="9" branch="false" />
            <line number="10" hits="76" branch="true" condition-coverage="100% (2/2)" />
            <line number="12" hits="29" branch="true" condition-coverage="100% (2/2)" />
            <line number="14" hits="8" branch="false" />
            <line number="15" hits="8" branch="false" />
            <line number="19" hits="144" branch="true" condition-coverage="100% (2/2)" />
            <line number="21" hits="59" branch="true" condition-coverage="100% (2/2)" />
            <line number="23" hits="43" branch="true" condition-coverage="100% (2/2)" />
            <line number="25" hits="8" branch="false" />
            <line number="26" hits="8" branch="false" />
            <line number="27" hits="8" branch="false" />
            <line number="34" hits="9" branch="false" />
          </lines>
        </class>
        <class name="MasterMind.SolutionWithFixedListOfIndexes" filename="C:\data\dev\MasterMind\MasterMind\SolutionWithFixedListOfIndexes.cs" line-rate="0.615384615384615" branch-rate="0.8" complexity="10">
          <methods>
            <method name="PlayMastermindRound" signature="(...)" line-rate="0.615384615384615" branch-rate="0.8" complexity="10">
              <lines>
                <line number="7" hits="4" branch="false" />
                <line number="8" hits="1" branch="false" />
                <line number="10" hits="8" branch="true" condition-coverage="100% (2/2)" />
                <line number="12" hits="3" branch="true" condition-coverage="50% (1/2)" />
                <line number="14" hits="0" branch="false" />
                <line number="15" hits="0" branch="false" />
                <line number="19" hits="24" branch="true" condition-coverage="100% (2/2)" />
                <line number="21" hits="9" branch="true" condition-coverage="100% (2/2)" />
                <line number="23" hits="9" branch="true" condition-coverage="50% (1/2)" />
                <line number="25" hits="0" branch="false" />
                <line number="26" hits="0" branch="false" />
                <line number="27" hits="0" branch="false" />
                <line number="34" hits="1" branch="false" />
              </lines>
            </method>
          </methods>
          <lines>
            <line number="7" hits="4" branch="false" />
            <line number="8" hits="1" branch="false" />
            <line number="10" hits="8" branch="true" condition-coverage="100% (2/2)" />
            <line number="12" hits="3" branch="true" condition-coverage="50% (1/2)" />
            <line number="14" hits="0" branch="false" />
            <line number="15" hits="0" branch="false" />
            <line number="19" hits="24" branch="true" condition-coverage="100% (2/2)" />
            <line number="21" hits="9" branch="true" condition-coverage="100% (2/2)" />
            <line number="23" hits="9" branch="true" condition-coverage="50% (1/2)" />
            <line number="25" hits="0" branch="false" />
            <line number="26" hits="0" branch="false" />
            <line number="27" hits="0" branch="false" />
            <line number="34" hits="1" branch="false" />
          </lines>
        </class>
      </classes>
    </package>
    <package name="MasterMindTest" line-rate="0.989010989010989" branch-rate="1" complexity="16">
      <classes>
        <class name="AutoGeneratedProgram" filename="C:\Users\filippogentile\.nuget\packages\microsoft.net.test.sdk\17.3.2\build\netcoreapp2.1\Microsoft.NET.Test.Sdk.Program.cs" line-rate="0" branch-rate="1" complexity="1">
          <methods>
            <method name="Main" signature="(...)" line-rate="0" branch-rate="1" complexity="1">
              <lines>
                <line number="4" hits="0" branch="false" />
              </lines>
            </method>
          </methods>
          <lines>
            <line number="4" hits="0" branch="false" />
          </lines>
        </class>
        <class name="MasterMindTest.SolutionWithDictionaryTests" filename="C:\data\dev\MasterMind\MasterMindTest\SolutionWithDictionaryTests.cs" line-rate="1" branch-rate="1" complexity="5">
          <methods>
            <method name="No_Correct_Guessed_Color_ShouldReturn_0_0" signature="()" line-rate="1" branch-rate="1" complexity="1">
              <lines>
                <line number="12" hits="1" branch="false" />
                <line number="13" hits="1" branch="false" />
                <line number="16" hits="1" branch="false" />
                <line number="19" hits="1" branch="false" />
                <line number="20" hits="1" branch="false" />
                <line number="21" hits="1" branch="false" />
              </lines>
            </method>
            <method name="One_Correct_Guessed_Color_ShouldReturn_0_1" signature="()" line-rate="1" branch-rate="1" complexity="1">
              <lines>
                <line number="27" hits="1" branch="false" />
                <line number="28" hits="1" branch="false" />
                <line number="31" hits="1" branch="false" />
                <line number="34" hits="1" branch="false" />
                <line number="35" hits="1" branch="false" />
                <line number="36" hits="1" branch="false" />
              </lines>
            </method>
            <method name="One_Correct_Guessed_Color_With_Position_ShouldReturn_1_0" signature="()" line-rate="1" branch-rate="1" complexity="1">
              <lines>
                <line number="42" hits="1" branch="false" />
                <line number="43" hits="1" branch="false" />
                <line number="46" hits="1" branch="false" />
                <line number="49" hits="1" branch="false" />
                <line number="50" hits="1" branch="false" />
                <line number="51" hits="1" branch="false" />
              </lines>
            </method>
            <method name="One_Correct_Guessed_Color_With_Position_And_One_Guessed_Color_ShouldReturn_1_1" signature="()" line-rate="1" branch-rate="1" complexity="1">
              <lines>
                <line number="57" hits="1" branch="false" />
                <line number="58" hits="1" branch="false" />
                <line number="61" hits="1" branch="false" />
                <line number="64" hits="1" branch="false" />
                <line number="65" hits="1" branch="false" />
                <line number="66" hits="1" branch="false" />
              </lines>
            </method>
            <method name="Two_Correct_Guessed_Color_With_Position_And_Two_Guessed_Color_ShouldReturn_2_2" signature="()" line-rate="1" branch-rate="1" complexity="1">
              <lines>
                <line number="72" hits="1" branch="false" />
                <line number="73" hits="1" branch="false" />
                <line number="76" hits="1" branch="false" />
                <line number="79" hits="1" branch="false" />
                <line number="80" hits="1" branch="false" />
                <line number="81" hits="1" branch="false" />
              </lines>
            </method>
          </methods>
          <lines>
            <line number="12" hits="1" branch="false" />
            <line number="13" hits="1" branch="false" />
            <line number="16" hits="1" branch="false" />
            <line number="19" hits="1" branch="false" />
            <line number="20" hits="1" branch="false" />
            <line number="21" hits="1" branch="false" />
            <line number="27" hits="1" branch="false" />
            <line number="28" hits="1" branch="false" />
            <line number="31" hits="1" branch="false" />
            <line number="34" hits="1" branch="false" />
            <line number="35" hits="1" branch="false" />
            <line number="36" hits="1" branch="false" />
            <line number="42" hits="1" branch="false" />
            <line number="43" hits="1" branch="false" />
            <line number="46" hits="1" branch="false" />
            <line number="49" hits="1" branch="false" />
            <line number="50" hits="1" branch="false" />
            <line number="51" hits="1" branch="false" />
            <line number="57" hits="1" branch="false" />
            <line number="58" hits="1" branch="false" />
            <line number="61" hits="1" branch="false" />
            <line number="64" hits="1" branch="false" />
            <line number="65" hits="1" branch="false" />
            <line number="66" hits="1" branch="false" />
            <line number="72" hits="1" branch="false" />
            <line number="73" hits="1" branch="false" />
            <line number="76" hits="1" branch="false" />
            <line number="79" hits="1" branch="false" />
            <line number="80" hits="1" branch="false" />
            <line number="81" hits="1" branch="false" />
          </lines>
        </class>
        <class name="MasterMindTest.SolutionWithDynamicListTests" filename="C:\data\dev\MasterMind\MasterMindTest\SolutionWithDynamicListTests.cs" line-rate="1" branch-rate="1" complexity="5">
          <methods>
            <method name="No_Correct_Guessed_Color_ShouldReturn_0_0" signature="()" line-rate="1" branch-rate="1" complexity="1">
              <lines>
                <line number="12" hits="1" branch="false" />
                <line number="13" hits="1" branch="false" />
                <line number="16" hits="1" branch="false" />
                <line number="19" hits="1" branch="false" />
                <line number="20" hits="1" branch="false" />
                <line number="21" hits="1" branch="false" />
              </lines>
            </method>
            <method name="One_Correct_Guessed_Color_ShouldReturn_0_1" signature="()" line-rate="1" branch-rate="1" complexity="1">
              <lines>
                <line number="27" hits="1" branch="false" />
                <line number="28" hits="1" branch="false" />
                <line number="31" hits="1" branch="false" />
                <line number="34" hits="1" branch="false" />
                <line number="35" hits="1" branch="false" />
                <line number="36" hits="1" branch="false" />
              </lines>
            </method>
            <method name="One_Correct_Guessed_Color_With_Position_ShouldReturn_1_0" signature="()" line-rate="1" branch-rate="1" complexity="1">
              <lines>
                <line number="42" hits="1" branch="false" />
                <line number="43" hits="1" branch="false" />
                <line number="46" hits="1" branch="false" />
                <line number="49" hits="1" branch="false" />
                <line number="50" hits="1" branch="false" />
                <line number="51" hits="1" branch="false" />
              </lines>
            </method>
            <method name="One_Correct_Guessed_Color_With_Position_And_One_Guessed_Color_ShouldReturn_1_1" signature="()" line-rate="1" branch-rate="1" complexity="1">
              <lines>
                <line number="57" hits="1" branch="false" />
                <line number="58" hits="1" branch="false" />
                <line number="61" hits="1" branch="false" />
                <line number="64" hits="1" branch="false" />
                <line number="65" hits="1" branch="false" />
                <line number="66" hits="1" branch="false" />
              </lines>
            </method>
            <method name="Two_Correct_Guessed_Color_With_Position_And_Two_Guessed_Color_ShouldReturn_2_2" signature="()" line-rate="1" branch-rate="1" complexity="1">
              <lines>
                <line number="72" hits="1" branch="false" />
                <line number="73" hits="1" branch="false" />
                <line number="76" hits="1" branch="false" />
                <line number="79" hits="1" branch="false" />
                <line number="80" hits="1" branch="false" />
                <line number="81" hits="1" branch="false" />
              </lines>
            </method>
          </methods>
          <lines>
            <line number="12" hits="1" branch="false" />
            <line number="13" hits="1" branch="false" />
            <line number="16" hits="1" branch="false" />
            <line number="19" hits="1" branch="false" />
            <line number="20" hits="1" branch="false" />
            <line number="21" hits="1" branch="false" />
            <line number="27" hits="1" branch="false" />
            <line number="28" hits="1" branch="false" />
            <line number="31" hits="1" branch="false" />
            <line number="34" hits="1" branch="false" />
            <line number="35" hits="1" branch="false" />
            <line number="36" hits="1" branch="false" />
            <line number="42" hits="1" branch="false" />
            <line number="43" hits="1" branch="false" />
            <line number="46" hits="1" branch="false" />
            <line number="49" hits="1" branch="false" />
            <line number="50" hits="1" branch="false" />
            <line number="51" hits="1" branch="false" />
            <line number="57" hits="1" branch="false" />
            <line number="58" hits="1" branch="false" />
            <line number="61" hits="1" branch="false" />
            <line number="64" hits="1" branch="false" />
            <line number="65" hits="1" branch="false" />
            <line number="66" hits="1" branch="false" />
            <line number="72" hits="1" branch="false" />
            <line number="73" hits="1" branch="false" />
            <line number="76" hits="1" branch="false" />
            <line number="79" hits="1" branch="false" />
            <line number="80" hits="1" branch="false" />
            <line number="81" hits="1" branch="false" />
          </lines>
        </class>
        <class name="MasterMindTest.SolutionWithFixedListTests" filename="C:\data\dev\MasterMind\MasterMindTest\SolutionWithFixedListTests.cs" line-rate="1" branch-rate="1" complexity="5">
          <methods>
            <method name="No_Correct_Guessed_Color_ShouldReturn_0_0" signature="()" line-rate="1" branch-rate="1" complexity="1">
              <lines>
                <line number="12" hits="1" branch="false" />
                <line number="13" hits="1" branch="false" />
                <line number="16" hits="1" branch="false" />
                <line number="19" hits="1" branch="false" />
                <line number="20" hits="1" branch="false" />
                <line number="21" hits="1" branch="false" />
              </lines>
            </method>
            <method name="One_Correct_Guessed_Color_ShouldReturn_0_1" signature="()" line-rate="1" branch-rate="1" complexity="1">
              <lines>
                <line number="27" hits="1" branch="false" />
                <line number="28" hits="1" branch="false" />
                <line number="31" hits="1" branch="false" />
                <line number="34" hits="1" branch="false" />
                <line number="35" hits="1" branch="false" />
                <line number="36" hits="1" branch="false" />
              </lines>
            </method>
            <method name="One_Correct_Guessed_Color_With_Position_ShouldReturn_1_0" signature="()" line-rate="1" branch-rate="1" complexity="1">
              <lines>
                <line number="42" hits="1" branch="false" />
                <line number="43" hits="1" branch="false" />
                <line number="46" hits="1" branch="false" />
                <line number="49" hits="1" branch="false" />
                <line number="50" hits="1" branch="false" />
                <line number="51" hits="1" branch="false" />
              </lines>
            </method>
            <method name="One_Correct_Guessed_Color_With_Position_And_One_Guessed_Color_ShouldReturn_1_1" signature="()" line-rate="1" branch-rate="1" complexity="1">
              <lines>
                <line number="57" hits="1" branch="false" />
                <line number="58" hits="1" branch="false" />
                <line number="61" hits="1" branch="false" />
                <line number="64" hits="1" branch="false" />
                <line number="65" hits="1" branch="false" />
                <line number="66" hits="1" branch="false" />
              </lines>
            </method>
            <method name="Two_Correct_Guessed_Color_With_Position_And_Two_Guessed_Color_ShouldReturn_2_2" signature="()" line-rate="1" branch-rate="1" complexity="1">
              <lines>
                <line number="72" hits="1" branch="false" />
                <line number="73" hits="1" branch="false" />
                <line number="76" hits="1" branch="false" />
                <line number="79" hits="1" branch="false" />
                <line number="80" hits="1" branch="false" />
                <line number="81" hits="1" branch="false" />
              </lines>
            </method>
          </methods>
          <lines>
            <line number="12" hits="1" branch="false" />
            <line number="13" hits="1" branch="false" />
            <line number="16" hits="1" branch="false" />
            <line number="19" hits="1" branch="false" />
            <line number="20" hits="1" branch="false" />
            <line number="21" hits="1" branch="false" />
            <line number="27" hits="1" branch="false" />
            <line number="28" hits="1" branch="false" />
            <line number="31" hits="1" branch="false" />
            <line number="34" hits="1" branch="false" />
            <line number="35" hits="1" branch="false" />
            <line number="36" hits="1" branch="false" />
            <line number="42" hits="1" branch="false" />
            <line number="43" hits="1" branch="false" />
            <line number="46" hits="1" branch="false" />
            <line number="49" hits="1" branch="false" />
            <line number="50" hits="1" branch="false" />
            <line number="51" hits="1" branch="false" />
            <line number="57" hits="1" branch="false" />
            <line number="58" hits="1" branch="false" />
            <line number="61" hits="1" branch="false" />
            <line number="64" hits="1" branch="false" />
            <line number="65" hits="1" branch="false" />
            <line number="66" hits="1" branch="false" />
            <line number="72" hits="1" branch="false" />
            <line number="73" hits="1" branch="false" />
            <line number="76" hits="1" branch="false" />
            <line number="79" hits="1" branch="false" />
            <line number="80" hits="1" branch="false" />
            <line number="81" hits="1" branch="false" />
          </lines>
        </class>
      </classes>
    </package>
  </packages>
</coverage>