TpTrace Verbose: 0 : 36804, 1, 2023/02/27, 23:06:13.853, 5250576268424, vstest.console.dll, Version: 17.4.0-release-20221019-01 Current process architecture: X64
TpTrace Verbose: 0 : 36804, 1, 2023/02/27, 23:06:13.855, 5250576286397, vstest.console.dll, Runtime location: C:\Program Files\dotnet\shared\Microsoft.NETCore.App\7.0.2
TpTrace Verbose: 0 : 36804, 1, 2023/02/27, 23:06:13.858, 5250576313051, vstest.console.dll, ArtifactProcessingPostProcessModeProcessorExecutor.Initialize: ArtifactProcessingMode.Collect
TpTrace Verbose: 0 : 36804, 1, 2023/02/27, 23:06:13.858, 5250576314370, vstest.console.dll, TestSessionCorrelationIdProcessorModeProcessorExecutor.Initialize: TestSessionCorrelationId '21744_cfb0a73d-a393-401d-afe5-0eecd63ed9a8'
TpTrace Information: 0 : 36804, 1, 2023/02/27, 23:06:13.867, 5250576410822, vstest.console.dll, FilePatternParser: The given file C:\data\dev\MasterMind\MasterMindTest\bin\Release\net6.0\fine-code-coverage\build-output\MasterMindTest.dll is a full path.
TpTrace Verbose: 0 : 36804, 1, 2023/02/27, 23:06:13.873, 5250576465776, vstest.console.dll, TestPluginCache.DiscoverTestExtensions: finding test extensions in assemblies ends with: RuntimeProvider.dll TPluginInfo: Microsoft.VisualStudio.TestPlatform.Common.ExtensionFramework.Utilities.TestRuntimePluginInformation TExtension: Microsoft.VisualStudio.TestPlatform.ObjectModel.Host.ITestRuntimeProvider
TpTrace Verbose: 0 : 36804, 1, 2023/02/27, 23:06:13.873, 5250576467983, vstest.console.dll, TestPluginCache.GetExtensionPaths: Filtered extension paths: 
TpTrace Verbose: 0 : 36804, 1, 2023/02/27, 23:06:13.873, 5250576468789, vstest.console.dll, TestPluginCache.GetExtensionPaths: Added default extension paths: C:\Program Files\dotnet\sdk\7.0.102\Extensions\Microsoft.Diagnostics.NETCore.Client.dll
C:\Program Files\dotnet\sdk\7.0.102\Extensions\Microsoft.TestPlatform.Extensions.BlameDataCollector.dll
C:\Program Files\dotnet\sdk\7.0.102\Extensions\Microsoft.TestPlatform.Extensions.EventLogCollector.dll
C:\Program Files\dotnet\sdk\7.0.102\Extensions\Microsoft.TestPlatform.TestHostRuntimeProvider.dll
C:\Program Files\dotnet\sdk\7.0.102\Extensions\Microsoft.VisualStudio.TestPlatform.Extensions.Html.TestLogger.dll
C:\Program Files\dotnet\sdk\7.0.102\Extensions\Microsoft.VisualStudio.TestPlatform.Extensions.Trx.TestLogger.dll
TpTrace Verbose: 0 : 36804, 1, 2023/02/27, 23:06:13.873, 5250576469132, vstest.console.dll, TestPluginCache.GetExtensionPaths: Added unfilterableExtensionPaths: 
TpTrace Information: 0 : 36804, 1, 2023/02/27, 23:06:13.874, 5250576475572, vstest.console.dll, AssemblyResolver.ctor: Creating AssemblyResolver with searchDirectories C:\Program Files\dotnet\sdk\7.0.102\Extensions,C:\Program Files\dotnet\sdk\7.0.102
TpTrace Verbose: 0 : 36804, 1, 2023/02/27, 23:06:13.875, 5250576487890, vstest.console.dll, TestPluginCache.DiscoverTestExtensions: Discovering the extensions using extension path.
TpTrace Verbose: 0 : 36804, 1, 2023/02/27, 23:06:13.875, 5250576489187, vstest.console.dll, TestPluginCache.GetExtensionPaths: Filtered extension paths: 
TpTrace Verbose: 0 : 36804, 1, 2023/02/27, 23:06:13.875, 5250576489565, vstest.console.dll, TestPluginCache.GetExtensionPaths: Added default extension paths: C:\Program Files\dotnet\sdk\7.0.102\Extensions\Microsoft.Diagnostics.NETCore.Client.dll
C:\Program Files\dotnet\sdk\7.0.102\Extensions\Microsoft.TestPlatform.Extensions.BlameDataCollector.dll
C:\Program Files\dotnet\sdk\7.0.102\Extensions\Microsoft.TestPlatform.Extensions.EventLogCollector.dll
C:\Program Files\dotnet\sdk\7.0.102\Extensions\Microsoft.TestPlatform.TestHostRuntimeProvider.dll
C:\Program Files\dotnet\sdk\7.0.102\Extensions\Microsoft.VisualStudio.TestPlatform.Extensions.Html.TestLogger.dll
C:\Program Files\dotnet\sdk\7.0.102\Extensions\Microsoft.VisualStudio.TestPlatform.Extensions.Trx.TestLogger.dll
TpTrace Verbose: 0 : 36804, 1, 2023/02/27, 23:06:13.875, 5250576489886, vstest.console.dll, TestPluginCache.GetExtensionPaths: Added unfilterableExtensionPaths: 
TpTrace Verbose: 0 : 36804, 1, 2023/02/27, 23:06:13.875, 5250576490652, vstest.console.dll, TestPluginCache.DiscoverTestExtensions: Discovering the extensions using allExtensionPaths: C:\Program Files\dotnet\sdk\7.0.102\Extensions\Microsoft.Diagnostics.NETCore.Client.dll
C:\Program Files\dotnet\sdk\7.0.102\Extensions\Microsoft.TestPlatform.Extensions.BlameDataCollector.dll
C:\Program Files\dotnet\sdk\7.0.102\Extensions\Microsoft.TestPlatform.Extensions.EventLogCollector.dll
C:\Program Files\dotnet\sdk\7.0.102\Extensions\Microsoft.TestPlatform.TestHostRuntimeProvider.dll
C:\Program Files\dotnet\sdk\7.0.102\Extensions\Microsoft.VisualStudio.TestPlatform.Extensions.Html.TestLogger.dll
C:\Program Files\dotnet\sdk\7.0.102\Extensions\Microsoft.VisualStudio.TestPlatform.Extensions.Trx.TestLogger.dll
TpTrace Information: 0 : 36804, 1, 2023/02/27, 23:06:13.875, 5250576492105, vstest.console.dll, AssemblyResolver.AddSearchDirectories: Adding more searchDirectories C:\Program Files\dotnet\sdk\7.0.102\Extensions,C:\Program Files\dotnet\sdk\7.0.102
TpTrace Information: 0 : 36804, 1, 2023/02/27, 23:06:13.875, 5250576492611, vstest.console.dll, AssemblyResolver.AddSearchDirectories: Adding more searchDirectories C:\Program Files\dotnet\sdk\7.0.102\Extensions,C:\Program Files\dotnet\sdk\7.0.102
TpTrace Information: 0 : 36804, 1, 2023/02/27, 23:06:13.875, 5250576492919, vstest.console.dll, AssemblyResolver.AddSearchDirectories: Adding more searchDirectories C:\Program Files\dotnet\sdk\7.0.102\Extensions,C:\Program Files\dotnet\sdk\7.0.102
TpTrace Information: 0 : 36804, 1, 2023/02/27, 23:06:13.876, 5250576493158, vstest.console.dll, AssemblyResolver.AddSearchDirectories: Adding more searchDirectories C:\Program Files\dotnet\sdk\7.0.102\Extensions,C:\Program Files\dotnet\sdk\7.0.102
TpTrace Information: 0 : 36804, 1, 2023/02/27, 23:06:13.876, 5250576493389, vstest.console.dll, AssemblyResolver.AddSearchDirectories: Adding more searchDirectories C:\Program Files\dotnet\sdk\7.0.102\Extensions,C:\Program Files\dotnet\sdk\7.0.102
TpTrace Information: 0 : 36804, 1, 2023/02/27, 23:06:13.876, 5250576493617, vstest.console.dll, AssemblyResolver.AddSearchDirectories: Adding more searchDirectories C:\Program Files\dotnet\sdk\7.0.102\Extensions,C:\Program Files\dotnet\sdk\7.0.102
TpTrace Information: 0 : 36804, 1, 2023/02/27, 23:06:13.876, 5250576497542, vstest.console.dll, AssemblyResolver.OnResolve: Microsoft.Diagnostics.NETCore.Client: Resolving assembly.
TpTrace Information: 0 : 36804, 1, 2023/02/27, 23:06:13.876, 5250576498170, vstest.console.dll, AssemblyResolver.OnResolve: Microsoft.Diagnostics.NETCore.Client: Searching in: 'C:\Program Files\dotnet\sdk\7.0.102\Extensions'.
TpTrace Information: 0 : 36804, 1, 2023/02/27, 23:06:13.884, 5250576582451, vstest.console.dll, AssemblyResolver.OnResolve: Microsoft.Diagnostics.NETCore.Client: Loading assembly 'C:\Program Files\dotnet\sdk\7.0.102\Extensions\Microsoft.Diagnostics.NETCore.Client.dll'.
TpTrace Information: 0 : 36804, 1, 2023/02/27, 23:06:13.885, 5250576591025, vstest.console.dll, AssemblyResolver.OnResolve: Resolved assembly: Microsoft.Diagnostics.NETCore.Client, from path: C:\Program Files\dotnet\sdk\7.0.102\Extensions\Microsoft.Diagnostics.NETCore.Client.dll
TpTrace Verbose: 0 : 36804, 1, 2023/02/27, 23:06:13.887, 5250576603513, vstest.console.dll, MetadataReaderExtensionsHelper: Discovering extensions inside assembly 'Microsoft.Diagnostics.NETCore.Client, Version=0.2.6.42401, Culture=neutral, PublicKeyToken=31bf3856ad364e35' file path 'C:\Program Files\dotnet\sdk\7.0.102\Extensions\Microsoft.Diagnostics.NETCore.Client.dll'
TpTrace Information: 0 : 36804, 1, 2023/02/27, 23:06:13.891, 5250576645448, vstest.console.dll, AssemblyResolver.OnResolve: Microsoft.Bcl.AsyncInterfaces: Resolving assembly.
TpTrace Information: 0 : 36804, 1, 2023/02/27, 23:06:13.891, 5250576647032, vstest.console.dll, AssemblyResolver.OnResolve: Microsoft.Bcl.AsyncInterfaces: Searching in: 'C:\Program Files\dotnet\sdk\7.0.102\Extensions'.
TpTrace Information: 0 : 36804, 1, 2023/02/27, 23:06:13.891, 5250576648535, vstest.console.dll, AssemblyResolver.OnResolve: Microsoft.Bcl.AsyncInterfaces: Assembly path does not exist: 'C:\Program Files\dotnet\sdk\7.0.102\Extensions\Microsoft.Bcl.AsyncInterfaces.dll', returning.
TpTrace Information: 0 : 36804, 1, 2023/02/27, 23:06:13.891, 5250576649756, vstest.console.dll, AssemblyResolver.OnResolve: Microsoft.Bcl.AsyncInterfaces: Assembly path does not exist: 'C:\Program Files\dotnet\sdk\7.0.102\Extensions\Microsoft.Bcl.AsyncInterfaces.exe', returning.
TpTrace Information: 0 : 36804, 1, 2023/02/27, 23:06:13.891, 5250576650314, vstest.console.dll, AssemblyResolver.OnResolve: Microsoft.Bcl.AsyncInterfaces: Searching in: 'C:\Program Files\dotnet\sdk\7.0.102'.
TpTrace Information: 0 : 36804, 1, 2023/02/27, 23:06:13.891, 5250576651069, vstest.console.dll, AssemblyResolver.OnResolve: Microsoft.Bcl.AsyncInterfaces: Assembly path does not exist: 'C:\Program Files\dotnet\sdk\7.0.102\Microsoft.Bcl.AsyncInterfaces.dll', returning.
TpTrace Information: 0 : 36804, 1, 2023/02/27, 23:06:13.891, 5250576651582, vstest.console.dll, AssemblyResolver.OnResolve: Microsoft.Bcl.AsyncInterfaces: Assembly path does not exist: 'C:\Program Files\dotnet\sdk\7.0.102\Microsoft.Bcl.AsyncInterfaces.exe', returning.
TpTrace Information: 0 : 36804, 1, 2023/02/27, 23:06:13.891, 5250576651841, vstest.console.dll, AssemblyResolver.OnResolve: Microsoft.Bcl.AsyncInterfaces: Failed to load assembly.
TpTrace Verbose: 0 : 36804, 1, 2023/02/27, 23:06:13.891, 5250576652170, vstest.console.dll, CurrentDomainAssemblyResolve: Resolving assembly 'Microsoft.Bcl.AsyncInterfaces'.
TpTrace Information: 0 : 36804, 1, 2023/02/27, 23:06:13.891, 5250576652736, vstest.console.dll, AssemblyResolver.OnResolve: Microsoft.Bcl.AsyncInterfaces: Resolving assembly.
TpTrace Information: 0 : 36804, 1, 2023/02/27, 23:06:13.892, 5250576653082, vstest.console.dll, AssemblyResolver.OnResolve: Microsoft.Bcl.AsyncInterfaces: Resolved from cache.
TpTrace Verbose: 0 : 36804, 1, 2023/02/27, 23:06:13.892, 5250576653477, vstest.console.dll, CurrentDomainAssemblyResolve: Resolving assembly 'Microsoft.Bcl.AsyncInterfaces'.
TpTrace Verbose: 0 : 36804, 1, 2023/02/27, 23:06:13.892, 5250576653794, vstest.console.dll, CurrentDomainAssemblyResolve: Failed to resolve assembly 'Microsoft.Bcl.AsyncInterfaces'.
TpTrace Verbose: 0 : 36804, 1, 2023/02/27, 23:06:13.892, 5250576660454, vstest.console.dll, CurrentDomainAssemblyResolve: Failed to resolve assembly 'Microsoft.Bcl.AsyncInterfaces'.
TpTrace Warning: 0 : 36804, 1, 2023/02/27, 23:06:13.899, 5250576732129, vstest.console.dll, TestPluginDiscoverer: Failed to get types from assembly 'Microsoft.Diagnostics.NETCore.Client, Version=0.2.6.42401, Culture=neutral, PublicKeyToken=31bf3856ad364e35'. Error: System.Reflection.ReflectionTypeLoadException: Unable to load one or more of the requested types.
Could not load file or assembly 'Microsoft.Bcl.AsyncInterfaces, Version=1.0.0.0, Culture=neutral, PublicKeyToken=cc7b13ffcd2ddd51'. The system cannot find the file specified.
   at System.Reflection.RuntimeModule.GetTypes(RuntimeModule module)
   at System.Reflection.Assembly.GetTypes()
   at Microsoft.VisualStudio.TestPlatform.Common.ExtensionFramework.TestPluginDiscoverer.GetTestExtensionsFromAssembly[TPluginInfo,TExtension](Assembly assembly, Dictionary`2 pluginInfos, String filePath)
System.IO.FileNotFoundException: Could not load file or assembly 'Microsoft.Bcl.AsyncInterfaces, Version=1.0.0.0, Culture=neutral, PublicKeyToken=cc7b13ffcd2ddd51'. The system cannot find the file specified.
File name: 'Microsoft.Bcl.AsyncInterfaces, Version=1.0.0.0, Culture=neutral, PublicKeyToken=cc7b13ffcd2ddd51'
 ---> System.IO.FileNotFoundException: Could not load file or assembly 'Microsoft.Bcl.AsyncInterfaces, Culture=neutral, PublicKeyToken=null'. The system cannot find the file specified.
File name: 'Microsoft.Bcl.AsyncInterfaces, Culture=neutral, PublicKeyToken=null'
   at System.Reflection.RuntimeAssembly.InternalLoad(AssemblyName assemblyName, StackCrawlMark& stackMark, AssemblyLoadContext assemblyLoadContext, RuntimeAssembly requestingAssembly, Boolean throwOnFileNotFound)
   at System.Reflection.Assembly.Load(AssemblyName assemblyRef)
   at Microsoft.VisualStudio.TestPlatform.Common.ExtensionFramework.TestPluginCache.CurrentDomainAssemblyResolve(Object sender, AssemblyResolveEventArgs args)
   at System.Runtime.Loader.AssemblyLoadContext.GetFirstResolvedAssemblyFromResolvingEvent(AssemblyName assemblyName)
   at System.Runtime.Loader.AssemblyLoadContext.ResolveUsingEvent(AssemblyName assemblyName)
   at System.Runtime.Loader.AssemblyLoadContext.ResolveUsingResolvingEvent(IntPtr gchManagedAssemblyLoadContext, AssemblyName assemblyName)
TpTrace Warning: 0 : 36804, 1, 2023/02/27, 23:06:13.900, 5250576736588, vstest.console.dll, LoaderExceptions: System.IO.FileNotFoundException: Could not load file or assembly 'Microsoft.Bcl.AsyncInterfaces, Version=1.0.0.0, Culture=neutral, PublicKeyToken=cc7b13ffcd2ddd51'. The system cannot find the file specified.
File name: 'Microsoft.Bcl.AsyncInterfaces, Version=1.0.0.0, Culture=neutral, PublicKeyToken=cc7b13ffcd2ddd51'
 ---> System.IO.FileNotFoundException: Could not load file or assembly 'Microsoft.Bcl.AsyncInterfaces, Culture=neutral, PublicKeyToken=null'. The system cannot find the file specified.
File name: 'Microsoft.Bcl.AsyncInterfaces, Culture=neutral, PublicKeyToken=null'
   at System.Reflection.RuntimeAssembly.InternalLoad(AssemblyName assemblyName, StackCrawlMark& stackMark, AssemblyLoadContext assemblyLoadContext, RuntimeAssembly requestingAssembly, Boolean throwOnFileNotFound)
   at System.Reflection.Assembly.Load(AssemblyName assemblyRef)
   at Microsoft.VisualStudio.TestPlatform.Common.ExtensionFramework.TestPluginCache.CurrentDomainAssemblyResolve(Object sender, AssemblyResolveEventArgs args)
   at System.Runtime.Loader.AssemblyLoadContext.GetFirstResolvedAssemblyFromResolvingEvent(AssemblyName assemblyName)
   at System.Runtime.Loader.AssemblyLoadContext.ResolveUsingEvent(AssemblyName assemblyName)
   at System.Runtime.Loader.AssemblyLoadContext.ResolveUsingResolvingEvent(IntPtr gchManagedAssemblyLoadContext, AssemblyName assemblyName)
TpTrace Information: 0 : 36804, 1, 2023/02/27, 23:06:13.900, 5250576738706, vstest.console.dll, AssemblyResolver.OnResolve: Microsoft.TestPlatform.Extensions.BlameDataCollector: Resolving assembly.
TpTrace Information: 0 : 36804, 1, 2023/02/27, 23:06:13.900, 5250576739126, vstest.console.dll, AssemblyResolver.OnResolve: Microsoft.TestPlatform.Extensions.BlameDataCollector: Searching in: 'C:\Program Files\dotnet\sdk\7.0.102\Extensions'.
TpTrace Information: 0 : 36804, 1, 2023/02/27, 23:06:13.900, 5250576742582, vstest.console.dll, AssemblyResolver.OnResolve: Microsoft.TestPlatform.Extensions.BlameDataCollector: Loading assembly 'C:\Program Files\dotnet\sdk\7.0.102\Extensions\Microsoft.TestPlatform.Extensions.BlameDataCollector.dll'.
TpTrace Information: 0 : 36804, 1, 2023/02/27, 23:06:13.901, 5250576748809, vstest.console.dll, AssemblyResolver.OnResolve: Resolved assembly: Microsoft.TestPlatform.Extensions.BlameDataCollector, from path: C:\Program Files\dotnet\sdk\7.0.102\Extensions\Microsoft.TestPlatform.Extensions.BlameDataCollector.dll
TpTrace Verbose: 0 : 36804, 1, 2023/02/27, 23:06:13.901, 5250576749654, vstest.console.dll, MetadataReaderExtensionsHelper: Discovering extensions inside assembly 'Microsoft.TestPlatform.Extensions.BlameDataCollector, Version=15.0.0.0, Culture=neutral, PublicKeyToken=b03f5f7f11d50a3a' file path 'C:\Program Files\dotnet\sdk\7.0.102\Extensions\Microsoft.TestPlatform.Extensions.BlameDataCollector.dll'
TpTrace Information: 0 : 36804, 1, 2023/02/27, 23:06:13.903, 5250576763340, vstest.console.dll, AssemblyResolver.OnResolve: Microsoft.TestPlatform.Extensions.EventLogCollector: Resolving assembly.
TpTrace Information: 0 : 36804, 1, 2023/02/27, 23:06:13.903, 5250576763957, vstest.console.dll, AssemblyResolver.OnResolve: Microsoft.TestPlatform.Extensions.EventLogCollector: Searching in: 'C:\Program Files\dotnet\sdk\7.0.102\Extensions'.
TpTrace Information: 0 : 36804, 1, 2023/02/27, 23:06:13.903, 5250576766198, vstest.console.dll, AssemblyResolver.OnResolve: Microsoft.TestPlatform.Extensions.EventLogCollector: Loading assembly 'C:\Program Files\dotnet\sdk\7.0.102\Extensions\Microsoft.TestPlatform.Extensions.EventLogCollector.dll'.
TpTrace Information: 0 : 36804, 1, 2023/02/27, 23:06:13.903, 5250576770331, vstest.console.dll, AssemblyResolver.OnResolve: Resolved assembly: Microsoft.TestPlatform.Extensions.EventLogCollector, from path: C:\Program Files\dotnet\sdk\7.0.102\Extensions\Microsoft.TestPlatform.Extensions.EventLogCollector.dll
TpTrace Verbose: 0 : 36804, 1, 2023/02/27, 23:06:13.903, 5250576770998, vstest.console.dll, MetadataReaderExtensionsHelper: Discovering extensions inside assembly 'Microsoft.TestPlatform.Extensions.EventLogCollector, Version=15.0.0.0, Culture=neutral, PublicKeyToken=b03f5f7f11d50a3a' file path 'C:\Program Files\dotnet\sdk\7.0.102\Extensions\Microsoft.TestPlatform.Extensions.EventLogCollector.dll'
TpTrace Information: 0 : 36804, 1, 2023/02/27, 23:06:13.905, 5250576788499, vstest.console.dll, AssemblyResolver.OnResolve: Microsoft.TestPlatform.TestHostRuntimeProvider: Resolving assembly.
TpTrace Information: 0 : 36804, 1, 2023/02/27, 23:06:13.905, 5250576789183, vstest.console.dll, AssemblyResolver.OnResolve: Microsoft.TestPlatform.TestHostRuntimeProvider: Searching in: 'C:\Program Files\dotnet\sdk\7.0.102\Extensions'.
TpTrace Information: 0 : 36804, 1, 2023/02/27, 23:06:13.905, 5250576791329, vstest.console.dll, AssemblyResolver.OnResolve: Microsoft.TestPlatform.TestHostRuntimeProvider: Loading assembly 'C:\Program Files\dotnet\sdk\7.0.102\Extensions\Microsoft.TestPlatform.TestHostRuntimeProvider.dll'.
TpTrace Information: 0 : 36804, 1, 2023/02/27, 23:06:13.906, 5250576796200, vstest.console.dll, AssemblyResolver.OnResolve: Resolved assembly: Microsoft.TestPlatform.TestHostRuntimeProvider, from path: C:\Program Files\dotnet\sdk\7.0.102\Extensions\Microsoft.TestPlatform.TestHostRuntimeProvider.dll
TpTrace Verbose: 0 : 36804, 1, 2023/02/27, 23:06:13.906, 5250576796820, vstest.console.dll, MetadataReaderExtensionsHelper: Discovering extensions inside assembly 'Microsoft.TestPlatform.TestHostRuntimeProvider, Version=15.0.0.0, Culture=neutral, PublicKeyToken=b03f5f7f11d50a3a' file path 'C:\Program Files\dotnet\sdk\7.0.102\Extensions\Microsoft.TestPlatform.TestHostRuntimeProvider.dll'
TpTrace Information: 0 : 36804, 1, 2023/02/27, 23:06:13.907, 5250576812777, vstest.console.dll, GetTestExtensionFromType: Register extension with identifier data 'HostProvider://DefaultTestHost' and type 'Microsoft.VisualStudio.TestPlatform.CrossPlatEngine.Hosting.DefaultTestHostManager, Microsoft.TestPlatform.TestHostRuntimeProvider, Version=15.0.0.0, Culture=neutral, PublicKeyToken=b03f5f7f11d50a3a' inside file 'C:\Program Files\dotnet\sdk\7.0.102\Extensions\Microsoft.TestPlatform.TestHostRuntimeProvider.dll'
TpTrace Information: 0 : 36804, 1, 2023/02/27, 23:06:13.908, 5250576815313, vstest.console.dll, GetTestExtensionFromType: Register extension with identifier data 'HostProvider://DotnetTestHost' and type 'Microsoft.VisualStudio.TestPlatform.CrossPlatEngine.Hosting.DotnetTestHostManager, Microsoft.TestPlatform.TestHostRuntimeProvider, Version=15.0.0.0, Culture=neutral, PublicKeyToken=b03f5f7f11d50a3a' inside file 'C:\Program Files\dotnet\sdk\7.0.102\Extensions\Microsoft.TestPlatform.TestHostRuntimeProvider.dll'
TpTrace Information: 0 : 36804, 1, 2023/02/27, 23:06:13.908, 5250576816065, vstest.console.dll, AssemblyResolver.OnResolve: Microsoft.VisualStudio.TestPlatform.Extensions.Html.TestLogger: Resolving assembly.
TpTrace Information: 0 : 36804, 1, 2023/02/27, 23:06:13.908, 5250576816412, vstest.console.dll, AssemblyResolver.OnResolve: Microsoft.VisualStudio.TestPlatform.Extensions.Html.TestLogger: Searching in: 'C:\Program Files\dotnet\sdk\7.0.102\Extensions'.
TpTrace Information: 0 : 36804, 1, 2023/02/27, 23:06:13.908, 5250576819027, vstest.console.dll, AssemblyResolver.OnResolve: Microsoft.VisualStudio.TestPlatform.Extensions.Html.TestLogger: Loading assembly 'C:\Program Files\dotnet\sdk\7.0.102\Extensions\Microsoft.VisualStudio.TestPlatform.Extensions.Html.TestLogger.dll'.
TpTrace Information: 0 : 36804, 1, 2023/02/27, 23:06:13.909, 5250576824184, vstest.console.dll, AssemblyResolver.OnResolve: Resolved assembly: Microsoft.VisualStudio.TestPlatform.Extensions.Html.TestLogger, from path: C:\Program Files\dotnet\sdk\7.0.102\Extensions\Microsoft.VisualStudio.TestPlatform.Extensions.Html.TestLogger.dll
TpTrace Verbose: 0 : 36804, 1, 2023/02/27, 23:06:13.909, 5250576824828, vstest.console.dll, MetadataReaderExtensionsHelper: Discovering extensions inside assembly 'Microsoft.VisualStudio.TestPlatform.Extensions.Html.TestLogger, Version=15.0.0.0, Culture=neutral, PublicKeyToken=b03f5f7f11d50a3a' file path 'C:\Program Files\dotnet\sdk\7.0.102\Extensions\Microsoft.VisualStudio.TestPlatform.Extensions.Html.TestLogger.dll'
TpTrace Information: 0 : 36804, 1, 2023/02/27, 23:06:13.909, 5250576831672, vstest.console.dll, AssemblyResolver.OnResolve: Microsoft.VisualStudio.TestPlatform.Extensions.Trx.TestLogger: Resolving assembly.
TpTrace Information: 0 : 36804, 1, 2023/02/27, 23:06:13.909, 5250576832191, vstest.console.dll, AssemblyResolver.OnResolve: Microsoft.VisualStudio.TestPlatform.Extensions.Trx.TestLogger: Searching in: 'C:\Program Files\dotnet\sdk\7.0.102\Extensions'.
TpTrace Information: 0 : 36804, 1, 2023/02/27, 23:06:13.910, 5250576834491, vstest.console.dll, AssemblyResolver.OnResolve: Microsoft.VisualStudio.TestPlatform.Extensions.Trx.TestLogger: Loading assembly 'C:\Program Files\dotnet\sdk\7.0.102\Extensions\Microsoft.VisualStudio.TestPlatform.Extensions.Trx.TestLogger.dll'.
TpTrace Information: 0 : 36804, 1, 2023/02/27, 23:06:13.911, 5250576844398, vstest.console.dll, AssemblyResolver.OnResolve: Resolved assembly: Microsoft.VisualStudio.TestPlatform.Extensions.Trx.TestLogger, from path: C:\Program Files\dotnet\sdk\7.0.102\Extensions\Microsoft.VisualStudio.TestPlatform.Extensions.Trx.TestLogger.dll
TpTrace Verbose: 0 : 36804, 1, 2023/02/27, 23:06:13.911, 5250576845392, vstest.console.dll, MetadataReaderExtensionsHelper: Discovering extensions inside assembly 'Microsoft.VisualStudio.TestPlatform.Extensions.Trx.TestLogger, Version=15.0.0.0, Culture=neutral, PublicKeyToken=b03f5f7f11d50a3a' file path 'C:\Program Files\dotnet\sdk\7.0.102\Extensions\Microsoft.VisualStudio.TestPlatform.Extensions.Trx.TestLogger.dll'
TpTrace Verbose: 0 : 36804, 1, 2023/02/27, 23:06:13.912, 5250576857416, vstest.console.dll, TestPluginCache: Discovered the extensions using extension path ''.
TpTrace Verbose: 0 : 36804, 1, 2023/02/27, 23:06:13.912, 5250576858198, vstest.console.dll, TestPluginCache: Discoverers are ''.
TpTrace Verbose: 0 : 36804, 1, 2023/02/27, 23:06:13.912, 5250576858437, vstest.console.dll, TestPluginCache: Executors are ''.
TpTrace Verbose: 0 : 36804, 1, 2023/02/27, 23:06:13.912, 5250576858638, vstest.console.dll, TestPluginCache: Executors2 are ''.
TpTrace Verbose: 0 : 36804, 1, 2023/02/27, 23:06:13.912, 5250576858838, vstest.console.dll, TestPluginCache: Setting providers are ''.
TpTrace Verbose: 0 : 36804, 1, 2023/02/27, 23:06:13.912, 5250576859038, vstest.console.dll, TestPluginCache: Loggers are ''.
TpTrace Verbose: 0 : 36804, 1, 2023/02/27, 23:06:13.912, 5250576859738, vstest.console.dll, TestPluginCache: TestHosts are 'HostProvider://DefaultTestHost,HostProvider://DotnetTestHost'.
TpTrace Verbose: 0 : 36804, 1, 2023/02/27, 23:06:13.912, 5250576860024, vstest.console.dll, TestPluginCache: DataCollectors are ''.
TpTrace Information: 0 : 36804, 1, 2023/02/27, 23:06:13.923, 5250576965269, vstest.console.dll, RunTestsArgumentProcessor:Execute: Test run is starting.
TpTrace Verbose: 0 : 36804, 1, 2023/02/27, 23:06:13.923, 5250576966207, vstest.console.dll, RunTestsArgumentProcessor:Execute: Queuing Test run.
TpTrace Information: 0 : 36804, 1, 2023/02/27, 23:06:13.923, 5250576968683, vstest.console.dll, TestRequestManager.RunTests: run tests started.
TpTrace Information: 0 : 36804, 1, 2023/02/27, 23:06:13.924, 5250576980243, vstest.console.dll, AssemblyMetadataProvider.GetFrameworkName: Determined framework:'.NETCoreApp,Version=v6.0' for source: 'C:\data\dev\MasterMind\MasterMindTest\bin\Release\net6.0\fine-code-coverage\build-output\MasterMindTest.dll'
TpTrace Information: 0 : 36804, 1, 2023/02/27, 23:06:13.924, 5250576981844, vstest.console.dll, Determined framework for all sources: .NETCoreApp,Version=v6.0
TpTrace Verbose: 0 : 36804, 1, 2023/02/27, 23:06:13.925, 5250576985627, vstest.console.dll, TestRequestManager.UpdateRunSettingsIfRequired: Default architecture: X64 IsDefaultTargetArchitecture: True, Current process architecture: X64 OperatingSystem: Windows.
TpTrace Information: 0 : 36804, 1, 2023/02/27, 23:06:13.927, 5250577006561, vstest.console.dll, AssemblyMetadataProvider.GetArchitecture: Determined architecture:AnyCPU info for assembly: C:\data\dev\MasterMind\MasterMindTest\bin\Release\net6.0\fine-code-coverage\build-output\MasterMindTest.dll
TpTrace Information: 0 : 36804, 1, 2023/02/27, 23:06:13.927, 5250577007200, vstest.console.dll, Determined platform for source 'C:\data\dev\MasterMind\MasterMindTest\bin\Release\net6.0\fine-code-coverage\build-output\MasterMindTest.dll' was AnyCPU and it will use the default plaform X64.
TpTrace Information: 0 : 36804, 1, 2023/02/27, 23:06:13.927, 5250577007456, vstest.console.dll, None of the sources provided any runnable platform, using the default platform: X64
TpTrace Information: 0 : 36804, 1, 2023/02/27, 23:06:13.927, 5250577008380, vstest.console.dll, Platform was updated to 'X64'.
TpTrace Information: 0 : 36804, 1, 2023/02/27, 23:06:13.930, 5250577041045, vstest.console.dll, InferRunSettingsHelper.IsTestSettingsEnabled: Unable to navigate to RunSettings/MSTest. Current node: RunSettings
TpTrace Information: 0 : 36804, 1, 2023/02/27, 23:06:13.931, 5250577047473, vstest.console.dll, AssemblyResolver.OnResolve: Microsoft.VisualStudio.TestPlatform.Fakes: Resolving assembly.
TpTrace Information: 0 : 36804, 1, 2023/02/27, 23:06:13.931, 5250577048037, vstest.console.dll, AssemblyResolver.OnResolve: Microsoft.VisualStudio.TestPlatform.Fakes: Searching in: 'C:\Program Files\dotnet\sdk\7.0.102\Extensions'.
TpTrace Information: 0 : 36804, 1, 2023/02/27, 23:06:13.931, 5250577048737, vstest.console.dll, AssemblyResolver.OnResolve: Microsoft.VisualStudio.TestPlatform.Fakes: Assembly path does not exist: 'C:\Program Files\dotnet\sdk\7.0.102\Extensions\Microsoft.VisualStudio.TestPlatform.Fakes.dll', returning.
TpTrace Information: 0 : 36804, 1, 2023/02/27, 23:06:13.931, 5250577049249, vstest.console.dll, AssemblyResolver.OnResolve: Microsoft.VisualStudio.TestPlatform.Fakes: Assembly path does not exist: 'C:\Program Files\dotnet\sdk\7.0.102\Extensions\Microsoft.VisualStudio.TestPlatform.Fakes.exe', returning.
TpTrace Information: 0 : 36804, 1, 2023/02/27, 23:06:13.931, 5250577049482, vstest.console.dll, AssemblyResolver.OnResolve: Microsoft.VisualStudio.TestPlatform.Fakes: Searching in: 'C:\Program Files\dotnet\sdk\7.0.102'.
TpTrace Information: 0 : 36804, 1, 2023/02/27, 23:06:13.931, 5250577049921, vstest.console.dll, AssemblyResolver.OnResolve: Microsoft.VisualStudio.TestPlatform.Fakes: Assembly path does not exist: 'C:\Program Files\dotnet\sdk\7.0.102\Microsoft.VisualStudio.TestPlatform.Fakes.dll', returning.
TpTrace Information: 0 : 36804, 1, 2023/02/27, 23:06:13.931, 5250577050308, vstest.console.dll, AssemblyResolver.OnResolve: Microsoft.VisualStudio.TestPlatform.Fakes: Assembly path does not exist: 'C:\Program Files\dotnet\sdk\7.0.102\Microsoft.VisualStudio.TestPlatform.Fakes.exe', returning.
TpTrace Information: 0 : 36804, 1, 2023/02/27, 23:06:13.931, 5250577050573, vstest.console.dll, AssemblyResolver.OnResolve: Microsoft.VisualStudio.TestPlatform.Fakes: Failed to load assembly.
TpTrace Information: 0 : 36804, 1, 2023/02/27, 23:06:13.932, 5250577053093, vstest.console.dll, Failed to load assembly Microsoft.VisualStudio.TestPlatform.Fakes, Version=17.0.0.0, Culture=neutral. Reason:System.IO.FileNotFoundException: Could not load file or assembly 'Microsoft.VisualStudio.TestPlatform.Fakes, Version=17.0.0.0, Culture=neutral, PublicKeyToken=null'. The system cannot find the file specified.
File name: 'Microsoft.VisualStudio.TestPlatform.Fakes, Version=17.0.0.0, Culture=neutral, PublicKeyToken=null'
   at System.Reflection.RuntimeAssembly.InternalLoad(AssemblyName assemblyName, StackCrawlMark& stackMark, AssemblyLoadContext assemblyLoadContext, RuntimeAssembly requestingAssembly, Boolean throwOnFileNotFound)
   at System.Reflection.Assembly.Load(AssemblyName assemblyRef)
   at Microsoft.VisualStudio.TestPlatform.Common.Utilities.FakesUtilities.LoadTestPlatformAssembly()
TpTrace Verbose: 0 : 36804, 1, 2023/02/27, 23:06:13.935, 5250577088826, vstest.console.dll, TestPluginCache.DiscoverTestExtensions: finding test extensions in assemblies ends with: TestLogger.dll TPluginInfo: Microsoft.VisualStudio.TestPlatform.Common.ExtensionFramework.Utilities.TestLoggerPluginInformation TExtension: Microsoft.VisualStudio.TestPlatform.ObjectModel.Client.ITestLogger
TpTrace Verbose: 0 : 36804, 1, 2023/02/27, 23:06:13.935, 5250577089670, vstest.console.dll, TestPluginCache.GetExtensionPaths: Filtered extension paths: 
TpTrace Verbose: 0 : 36804, 1, 2023/02/27, 23:06:13.935, 5250577090020, vstest.console.dll, TestPluginCache.GetExtensionPaths: Added default extension paths: C:\Program Files\dotnet\sdk\7.0.102\Extensions\Microsoft.Diagnostics.NETCore.Client.dll
C:\Program Files\dotnet\sdk\7.0.102\Extensions\Microsoft.TestPlatform.Extensions.BlameDataCollector.dll
C:\Program Files\dotnet\sdk\7.0.102\Extensions\Microsoft.TestPlatform.Extensions.EventLogCollector.dll
C:\Program Files\dotnet\sdk\7.0.102\Extensions\Microsoft.TestPlatform.TestHostRuntimeProvider.dll
C:\Program Files\dotnet\sdk\7.0.102\Extensions\Microsoft.VisualStudio.TestPlatform.Extensions.Html.TestLogger.dll
C:\Program Files\dotnet\sdk\7.0.102\Extensions\Microsoft.VisualStudio.TestPlatform.Extensions.Trx.TestLogger.dll
TpTrace Verbose: 0 : 36804, 1, 2023/02/27, 23:06:13.935, 5250577090294, vstest.console.dll, TestPluginCache.GetExtensionPaths: Added unfilterableExtensionPaths: 
TpTrace Information: 0 : 36804, 1, 2023/02/27, 23:06:13.935, 5250577091335, vstest.console.dll, AssemblyResolver.AddSearchDirectories: Adding more searchDirectories C:\Program Files\dotnet\sdk\7.0.102\Extensions,C:\Program Files\dotnet\sdk\7.0.102
TpTrace Verbose: 0 : 36804, 1, 2023/02/27, 23:06:13.935, 5250577091719, vstest.console.dll, TestPluginCache.DiscoverTestExtensions: Discovering the extensions using extension path.
TpTrace Verbose: 0 : 36804, 1, 2023/02/27, 23:06:13.935, 5250577091984, vstest.console.dll, TestPluginCache.GetExtensionPaths: Filtered extension paths: 
TpTrace Verbose: 0 : 36804, 1, 2023/02/27, 23:06:13.935, 5250577092239, vstest.console.dll, TestPluginCache.GetExtensionPaths: Added default extension paths: C:\Program Files\dotnet\sdk\7.0.102\Extensions\Microsoft.Diagnostics.NETCore.Client.dll
C:\Program Files\dotnet\sdk\7.0.102\Extensions\Microsoft.TestPlatform.Extensions.BlameDataCollector.dll
C:\Program Files\dotnet\sdk\7.0.102\Extensions\Microsoft.TestPlatform.Extensions.EventLogCollector.dll
C:\Program Files\dotnet\sdk\7.0.102\Extensions\Microsoft.TestPlatform.TestHostRuntimeProvider.dll
C:\Program Files\dotnet\sdk\7.0.102\Extensions\Microsoft.VisualStudio.TestPlatform.Extensions.Html.TestLogger.dll
C:\Program Files\dotnet\sdk\7.0.102\Extensions\Microsoft.VisualStudio.TestPlatform.Extensions.Trx.TestLogger.dll
TpTrace Verbose: 0 : 36804, 1, 2023/02/27, 23:06:13.935, 5250577092467, vstest.console.dll, TestPluginCache.GetExtensionPaths: Added unfilterableExtensionPaths: 
TpTrace Verbose: 0 : 36804, 1, 2023/02/27, 23:06:13.935, 5250577092764, vstest.console.dll, TestPluginCache.DiscoverTestExtensions: Discovering the extensions using allExtensionPaths: C:\Program Files\dotnet\sdk\7.0.102\Extensions\Microsoft.Diagnostics.NETCore.Client.dll
C:\Program Files\dotnet\sdk\7.0.102\Extensions\Microsoft.TestPlatform.Extensions.BlameDataCollector.dll
C:\Program Files\dotnet\sdk\7.0.102\Extensions\Microsoft.TestPlatform.Extensions.EventLogCollector.dll
C:\Program Files\dotnet\sdk\7.0.102\Extensions\Microsoft.TestPlatform.TestHostRuntimeProvider.dll
C:\Program Files\dotnet\sdk\7.0.102\Extensions\Microsoft.VisualStudio.TestPlatform.Extensions.Html.TestLogger.dll
C:\Program Files\dotnet\sdk\7.0.102\Extensions\Microsoft.VisualStudio.TestPlatform.Extensions.Trx.TestLogger.dll
TpTrace Information: 0 : 36804, 1, 2023/02/27, 23:06:13.936, 5250577093679, vstest.console.dll, AssemblyResolver.AddSearchDirectories: Adding more searchDirectories C:\Program Files\dotnet\sdk\7.0.102\Extensions,C:\Program Files\dotnet\sdk\7.0.102
TpTrace Information: 0 : 36804, 1, 2023/02/27, 23:06:13.936, 5250577094060, vstest.console.dll, AssemblyResolver.AddSearchDirectories: Adding more searchDirectories C:\Program Files\dotnet\sdk\7.0.102\Extensions,C:\Program Files\dotnet\sdk\7.0.102
TpTrace Information: 0 : 36804, 1, 2023/02/27, 23:06:13.936, 5250577094295, vstest.console.dll, AssemblyResolver.AddSearchDirectories: Adding more searchDirectories C:\Program Files\dotnet\sdk\7.0.102\Extensions,C:\Program Files\dotnet\sdk\7.0.102
TpTrace Information: 0 : 36804, 1, 2023/02/27, 23:06:13.936, 5250577094519, vstest.console.dll, AssemblyResolver.AddSearchDirectories: Adding more searchDirectories C:\Program Files\dotnet\sdk\7.0.102\Extensions,C:\Program Files\dotnet\sdk\7.0.102
TpTrace Information: 0 : 36804, 1, 2023/02/27, 23:06:13.936, 5250577094784, vstest.console.dll, AssemblyResolver.AddSearchDirectories: Adding more searchDirectories C:\Program Files\dotnet\sdk\7.0.102\Extensions,C:\Program Files\dotnet\sdk\7.0.102
TpTrace Information: 0 : 36804, 1, 2023/02/27, 23:06:13.936, 5250577095009, vstest.console.dll, AssemblyResolver.AddSearchDirectories: Adding more searchDirectories C:\Program Files\dotnet\sdk\7.0.102\Extensions,C:\Program Files\dotnet\sdk\7.0.102
TpTrace Verbose: 0 : 36804, 1, 2023/02/27, 23:06:13.936, 5250577096005, vstest.console.dll, MetadataReaderExtensionsHelper: Discovering extensions inside assembly 'Microsoft.Diagnostics.NETCore.Client, Version=0.2.6.42401, Culture=neutral, PublicKeyToken=31bf3856ad364e35' file path 'C:\Program Files\dotnet\sdk\7.0.102\Extensions\Microsoft.Diagnostics.NETCore.Client.dll'
TpTrace Information: 0 : 36804, 1, 2023/02/27, 23:06:13.936, 5250577101971, vstest.console.dll, AssemblyResolver.OnResolve: Microsoft.Bcl.AsyncInterfaces: Resolving assembly.
TpTrace Information: 0 : 36804, 1, 2023/02/27, 23:06:13.936, 5250577102464, vstest.console.dll, AssemblyResolver.OnResolve: Microsoft.Bcl.AsyncInterfaces: Resolved from cache.
TpTrace Verbose: 0 : 36804, 1, 2023/02/27, 23:06:13.936, 5250577102702, vstest.console.dll, CurrentDomainAssemblyResolve: Resolving assembly 'Microsoft.Bcl.AsyncInterfaces'.
TpTrace Information: 0 : 36804, 1, 2023/02/27, 23:06:13.937, 5250577103115, vstest.console.dll, AssemblyResolver.OnResolve: Microsoft.Bcl.AsyncInterfaces: Resolving assembly.
TpTrace Information: 0 : 36804, 1, 2023/02/27, 23:06:13.937, 5250577103334, vstest.console.dll, AssemblyResolver.OnResolve: Microsoft.Bcl.AsyncInterfaces: Resolved from cache.
TpTrace Verbose: 0 : 36804, 1, 2023/02/27, 23:06:13.937, 5250577103619, vstest.console.dll, CurrentDomainAssemblyResolve: Resolving assembly 'Microsoft.Bcl.AsyncInterfaces'.
TpTrace Verbose: 0 : 36804, 1, 2023/02/27, 23:06:13.937, 5250577103841, vstest.console.dll, CurrentDomainAssemblyResolve: Failed to resolve assembly 'Microsoft.Bcl.AsyncInterfaces'.
TpTrace Verbose: 0 : 36804, 1, 2023/02/27, 23:06:13.937, 5250577105223, vstest.console.dll, CurrentDomainAssemblyResolve: Failed to resolve assembly 'Microsoft.Bcl.AsyncInterfaces'.
TpTrace Warning: 0 : 36804, 1, 2023/02/27, 23:06:13.937, 5250577108282, vstest.console.dll, TestPluginDiscoverer: Failed to get types from assembly 'Microsoft.Diagnostics.NETCore.Client, Version=0.2.6.42401, Culture=neutral, PublicKeyToken=31bf3856ad364e35'. Error: System.Reflection.ReflectionTypeLoadException: Unable to load one or more of the requested types.
Could not load file or assembly 'Microsoft.Bcl.AsyncInterfaces, Version=1.0.0.0, Culture=neutral, PublicKeyToken=cc7b13ffcd2ddd51'. The system cannot find the file specified.
   at System.Reflection.RuntimeModule.GetTypes(RuntimeModule module)
   at System.Reflection.Assembly.GetTypes()
   at Microsoft.VisualStudio.TestPlatform.Common.ExtensionFramework.TestPluginDiscoverer.GetTestExtensionsFromAssembly[TPluginInfo,TExtension](Assembly assembly, Dictionary`2 pluginInfos, String filePath)
System.IO.FileNotFoundException: Could not load file or assembly 'Microsoft.Bcl.AsyncInterfaces, Version=1.0.0.0, Culture=neutral, PublicKeyToken=cc7b13ffcd2ddd51'. The system cannot find the file specified.
File name: 'Microsoft.Bcl.AsyncInterfaces, Version=1.0.0.0, Culture=neutral, PublicKeyToken=cc7b13ffcd2ddd51'
 ---> System.IO.FileNotFoundException: Could not load file or assembly 'Microsoft.Bcl.AsyncInterfaces, Culture=neutral, PublicKeyToken=null'. The system cannot find the file specified.
File name: 'Microsoft.Bcl.AsyncInterfaces, Culture=neutral, PublicKeyToken=null'
   at System.Reflection.RuntimeAssembly.InternalLoad(AssemblyName assemblyName, StackCrawlMark& stackMark, AssemblyLoadContext assemblyLoadContext, RuntimeAssembly requestingAssembly, Boolean throwOnFileNotFound)
   at System.Reflection.Assembly.Load(AssemblyName assemblyRef)
   at Microsoft.VisualStudio.TestPlatform.Common.ExtensionFramework.TestPluginCache.CurrentDomainAssemblyResolve(Object sender, AssemblyResolveEventArgs args)
   at System.Runtime.Loader.AssemblyLoadContext.GetFirstResolvedAssemblyFromResolvingEvent(AssemblyName assemblyName)
   at System.Runtime.Loader.AssemblyLoadContext.ResolveUsingEvent(AssemblyName assemblyName)
   at System.Runtime.Loader.AssemblyLoadContext.ResolveUsingResolvingEvent(IntPtr gchManagedAssemblyLoadContext, AssemblyName assemblyName)
TpTrace Warning: 0 : 36804, 1, 2023/02/27, 23:06:13.937, 5250577110003, vstest.console.dll, LoaderExceptions: System.IO.FileNotFoundException: Could not load file or assembly 'Microsoft.Bcl.AsyncInterfaces, Version=1.0.0.0, Culture=neutral, PublicKeyToken=cc7b13ffcd2ddd51'. The system cannot find the file specified.
File name: 'Microsoft.Bcl.AsyncInterfaces, Version=1.0.0.0, Culture=neutral, PublicKeyToken=cc7b13ffcd2ddd51'
 ---> System.IO.FileNotFoundException: Could not load file or assembly 'Microsoft.Bcl.AsyncInterfaces, Culture=neutral, PublicKeyToken=null'. The system cannot find the file specified.
File name: 'Microsoft.Bcl.AsyncInterfaces, Culture=neutral, PublicKeyToken=null'
   at System.Reflection.RuntimeAssembly.InternalLoad(AssemblyName assemblyName, StackCrawlMark& stackMark, AssemblyLoadContext assemblyLoadContext, RuntimeAssembly requestingAssembly, Boolean throwOnFileNotFound)
   at System.Reflection.Assembly.Load(AssemblyName assemblyRef)
   at Microsoft.VisualStudio.TestPlatform.Common.ExtensionFramework.TestPluginCache.CurrentDomainAssemblyResolve(Object sender, AssemblyResolveEventArgs args)
   at System.Runtime.Loader.AssemblyLoadContext.GetFirstResolvedAssemblyFromResolvingEvent(AssemblyName assemblyName)
   at System.Runtime.Loader.AssemblyLoadContext.ResolveUsingEvent(AssemblyName assemblyName)
   at System.Runtime.Loader.AssemblyLoadContext.ResolveUsingResolvingEvent(IntPtr gchManagedAssemblyLoadContext, AssemblyName assemblyName)
TpTrace Verbose: 0 : 36804, 1, 2023/02/27, 23:06:13.937, 5250577110737, vstest.console.dll, MetadataReaderExtensionsHelper: Discovering extensions inside assembly 'Microsoft.TestPlatform.Extensions.BlameDataCollector, Version=15.0.0.0, Culture=neutral, PublicKeyToken=b03f5f7f11d50a3a' file path 'C:\Program Files\dotnet\sdk\7.0.102\Extensions\Microsoft.TestPlatform.Extensions.BlameDataCollector.dll'
TpTrace Information: 0 : 36804, 1, 2023/02/27, 23:06:13.938, 5250577114861, vstest.console.dll, GetTestExtensionFromType: Register extension with identifier data 'logger://Microsoft/TestPlatform/Extensions/Blame/v1' and type 'Microsoft.TestPlatform.Extensions.BlameDataCollector.BlameLogger, Microsoft.TestPlatform.Extensions.BlameDataCollector, Version=15.0.0.0, Culture=neutral, PublicKeyToken=b03f5f7f11d50a3a' inside file 'C:\Program Files\dotnet\sdk\7.0.102\Extensions\Microsoft.TestPlatform.Extensions.BlameDataCollector.dll'
TpTrace Verbose: 0 : 36804, 1, 2023/02/27, 23:06:13.938, 5250577115505, vstest.console.dll, MetadataReaderExtensionsHelper: Discovering extensions inside assembly 'Microsoft.TestPlatform.Extensions.EventLogCollector, Version=15.0.0.0, Culture=neutral, PublicKeyToken=b03f5f7f11d50a3a' file path 'C:\Program Files\dotnet\sdk\7.0.102\Extensions\Microsoft.TestPlatform.Extensions.EventLogCollector.dll'
TpTrace Verbose: 0 : 36804, 1, 2023/02/27, 23:06:13.938, 5250577118279, vstest.console.dll, MetadataReaderExtensionsHelper: Discovering extensions inside assembly 'Microsoft.TestPlatform.TestHostRuntimeProvider, Version=15.0.0.0, Culture=neutral, PublicKeyToken=b03f5f7f11d50a3a' file path 'C:\Program Files\dotnet\sdk\7.0.102\Extensions\Microsoft.TestPlatform.TestHostRuntimeProvider.dll'
TpTrace Verbose: 0 : 36804, 1, 2023/02/27, 23:06:13.938, 5250577120795, vstest.console.dll, MetadataReaderExtensionsHelper: Discovering extensions inside assembly 'Microsoft.VisualStudio.TestPlatform.Extensions.Html.TestLogger, Version=15.0.0.0, Culture=neutral, PublicKeyToken=b03f5f7f11d50a3a' file path 'C:\Program Files\dotnet\sdk\7.0.102\Extensions\Microsoft.VisualStudio.TestPlatform.Extensions.Html.TestLogger.dll'
TpTrace Information: 0 : 36804, 1, 2023/02/27, 23:06:13.939, 5250577125180, vstest.console.dll, GetTestExtensionFromType: Register extension with identifier data 'logger://Microsoft/TestPlatform/HtmlLogger/v1' and type 'Microsoft.VisualStudio.TestPlatform.Extensions.HtmlLogger.HtmlLogger, Microsoft.VisualStudio.TestPlatform.Extensions.Html.TestLogger, Version=15.0.0.0, Culture=neutral, PublicKeyToken=b03f5f7f11d50a3a' inside file 'C:\Program Files\dotnet\sdk\7.0.102\Extensions\Microsoft.VisualStudio.TestPlatform.Extensions.Html.TestLogger.dll'
TpTrace Verbose: 0 : 36804, 1, 2023/02/27, 23:06:13.939, 5250577125785, vstest.console.dll, MetadataReaderExtensionsHelper: Discovering extensions inside assembly 'Microsoft.VisualStudio.TestPlatform.Extensions.Trx.TestLogger, Version=15.0.0.0, Culture=neutral, PublicKeyToken=b03f5f7f11d50a3a' file path 'C:\Program Files\dotnet\sdk\7.0.102\Extensions\Microsoft.VisualStudio.TestPlatform.Extensions.Trx.TestLogger.dll'
TpTrace Information: 0 : 36804, 1, 2023/02/27, 23:06:13.939, 5250577128881, vstest.console.dll, GetTestExtensionFromType: Register extension with identifier data 'logger://Microsoft/TestPlatform/TrxLogger/v1' and type 'Microsoft.VisualStudio.TestPlatform.Extensions.TrxLogger.TrxLogger, Microsoft.VisualStudio.TestPlatform.Extensions.Trx.TestLogger, Version=15.0.0.0, Culture=neutral, PublicKeyToken=b03f5f7f11d50a3a' inside file 'C:\Program Files\dotnet\sdk\7.0.102\Extensions\Microsoft.VisualStudio.TestPlatform.Extensions.Trx.TestLogger.dll'
TpTrace Verbose: 0 : 36804, 1, 2023/02/27, 23:06:13.939, 5250577129661, vstest.console.dll, TestPluginCache: Discovered the extensions using extension path ''.
TpTrace Verbose: 0 : 36804, 1, 2023/02/27, 23:06:13.939, 5250577129935, vstest.console.dll, TestPluginCache: Discoverers are ''.
TpTrace Verbose: 0 : 36804, 1, 2023/02/27, 23:06:13.939, 5250577130144, vstest.console.dll, TestPluginCache: Executors are ''.
TpTrace Verbose: 0 : 36804, 1, 2023/02/27, 23:06:13.939, 5250577130337, vstest.console.dll, TestPluginCache: Executors2 are ''.
TpTrace Verbose: 0 : 36804, 1, 2023/02/27, 23:06:13.939, 5250577130528, vstest.console.dll, TestPluginCache: Setting providers are ''.
TpTrace Verbose: 0 : 36804, 1, 2023/02/27, 23:06:13.939, 5250577131096, vstest.console.dll, TestPluginCache: Loggers are 'logger://Microsoft/TestPlatform/Extensions/Blame/v1,logger://Microsoft/TestPlatform/HtmlLogger/v1,logger://Microsoft/TestPlatform/TrxLogger/v1'.
TpTrace Verbose: 0 : 36804, 1, 2023/02/27, 23:06:13.939, 5250577131391, vstest.console.dll, TestPluginCache: TestHosts are 'HostProvider://DefaultTestHost,HostProvider://DotnetTestHost'.
TpTrace Verbose: 0 : 36804, 1, 2023/02/27, 23:06:13.939, 5250577131597, vstest.console.dll, TestPluginCache: DataCollectors are ''.
TpTrace Information: 0 : 36804, 1, 2023/02/27, 23:06:13.940, 5250577139516, vstest.console.dll, TestPluginManager.CreateTestExtension: Attempting to load test extension: Microsoft.TestPlatform.Extensions.BlameDataCollector.BlameLogger
TpTrace Verbose: 0 : 36804, 1, 2023/02/27, 23:06:13.948, 5250577221008, vstest.console.dll, TestEngine: Initializing Parallel Execution as MaxCpuCount is set to: 1
TpTrace Information: 0 : 36804, 1, 2023/02/27, 23:06:13.950, 5250577237902, vstest.console.dll, TestPluginManager.CreateTestExtension: Attempting to load test extension: Microsoft.VisualStudio.TestPlatform.CrossPlatEngine.Hosting.DefaultTestHostManager
TpTrace Information: 0 : 36804, 1, 2023/02/27, 23:06:13.951, 5250577246754, vstest.console.dll, TestPluginManager.CreateTestExtension: Attempting to load test extension: Microsoft.VisualStudio.TestPlatform.CrossPlatEngine.Hosting.DotnetTestHostManager
TpTrace Information: 0 : 36804, 1, 2023/02/27, 23:06:13.951, 5250577252855, vstest.console.dll, InferRunSettingsHelper.IsTestSettingsEnabled: Unable to navigate to RunSettings/MSTest. Current node: RunSettings
TpTrace Verbose: 0 : 36804, 1, 2023/02/27, 23:06:13.956, 5250577294404, vstest.console.dll, TestEngine.GetExecutionManager: Chosen execution manager 'Microsoft.VisualStudio.TestPlatform.CrossPlatEngine.Client.Parallel.ParallelProxyExecutionManager, Microsoft.TestPlatform.CrossPlatEngine, Version=15.0.0.0, Culture=neutral, PublicKeyToken=b03f5f7f11d50a3a' ParallelLevel '1'.
TpTrace Verbose: 0 : 36804, 1, 2023/02/27, 23:06:13.956, 5250577295884, vstest.console.dll, TestRunRequest.ExecuteAsync: Creating test run request.
TpTrace Verbose: 0 : 36804, 1, 2023/02/27, 23:06:13.956, 5250577298174, vstest.console.dll, TestRunRequest.ExecuteAsync: Starting.
TpTrace Information: 0 : 36804, 1, 2023/02/27, 23:06:13.957, 5250577303728, vstest.console.dll, TestRunRequest.ExecuteAsync: Starting run with settings:TestRunCriteria:
   KeepAlive=False,FrequencyOfRunStatsChangeEvent=10,RunStatsChangeEventTimeout=00:00:01.5000000,TestCaseFilter=,TestExecutorLauncher=
   Settingsxml=<RunSettings>
  <RunConfiguration>
    <ResultsDirectory>C:\data\dev\MasterMind\MasterMindTest\bin\Release\net6.0\fine-code-coverage\coverage-tool-output</ResultsDirectory>
    <TargetPlatform>X64</TargetPlatform>
    <TargetFrameworkVersion>.NETCoreApp,Version=v6.0</TargetFrameworkVersion>
    <DesignMode>False</DesignMode>
    <CollectSourceInformation>False</CollectSourceInformation>
  </RunConfiguration>
  <LoggerRunSettings>
    <Loggers>
      <Logger friendlyName="blame" enabled="True" />
      <Logger friendlyName="Console" uri="logger://microsoft/TestPlatform/ConsoleLogger/v1" assemblyQualifiedName="Microsoft.VisualStudio.TestPlatform.CommandLine.Internal.ConsoleLogger, vstest.console, Version=15.0.0.0, Culture=neutral, PublicKeyToken=b03f5f7f11d50a3a" codeBase="C:\Program Files\dotnet\sdk\7.0.102\vstest.console.dll" enabled="True" />
    </Loggers>
  </LoggerRunSettings>
  <DataCollectionRunSettings>
    <DataCollectors>
      <DataCollector friendlyName="blame" enabled="True">
        <Configuration>
          <ResultsDirectory>C:\data\dev\MasterMind\MasterMindTest\bin\Release\net6.0\fine-code-coverage\coverage-tool-output</ResultsDirectory>
        </Configuration>
      </DataCollector>
    </DataCollectors>
  </DataCollectionRunSettings>
</RunSettings>

TpTrace Verbose: 0 : 36804, 1, 2023/02/27, 23:06:13.957, 5250577304468, vstest.console.dll, TestRunRequest.ExecuteAsync: Wait for the first run request is over.
TpTrace Verbose: 0 : 36804, 1, 2023/02/27, 23:06:13.957, 5250577307494, vstest.console.dll, MulticastDelegateUtilities.SafeInvoke: TestRun.TestRunStart: Invoking callbacks was skipped because there are no subscribers.
TpTrace Verbose: 0 : 36804, 4, 2023/02/27, 23:06:13.957, 5250577311364, vstest.console.dll, MulticastDelegateUtilities.SafeInvoke: InternalTestLoggerEvents.SendTestRunStart: Invoking callback 1/1 for Microsoft.VisualStudio.TestPlatform.CommandLine.Internal.ConsoleLogger., took 0 ms.
TpTrace Verbose: 0 : 36804, 1, 2023/02/27, 23:06:13.958, 5250577319272, vstest.console.dll, ParallelProxyExecutionManager: Start execution. Total sources: 1
TpTrace Verbose: 0 : 36804, 1, 2023/02/27, 23:06:13.960, 5250577335840, vstest.console.dll, TestRequestSender is acting as server.
TpTrace Verbose: 0 : 36804, 1, 2023/02/27, 23:06:13.961, 5250577348856, vstest.console.dll, DataCollectionRequestSender.InitializeCommunication : Initialize communication. 
TpTrace Information: 0 : 36804, 1, 2023/02/27, 23:06:13.966, 5250577400072, vstest.console.dll, Listening on Endpoint : 127.0.0.1:65524
TpTrace Verbose: 0 : 36804, 1, 2023/02/27, 23:06:13.974, 5250577482231, vstest.console.dll, DotnetDataCollectionLauncher: Adding  --runtimeconfig "C:\Program Files\dotnet\sdk\7.0.102\datacollector.runtimeconfig.json" in args
TpTrace Verbose: 0 : 36804, 1, 2023/02/27, 23:06:13.975, 5250577483818, vstest.console.dll, DotnetDataCollectionLauncher: Adding  --depsfile "C:\Program Files\dotnet\sdk\7.0.102\datacollector.deps.json" in args
TpTrace Verbose: 0 : 36804, 1, 2023/02/27, 23:06:13.975, 5250577486023, vstest.console.dll, DotnetDataCollectionLauncher: Full path of dotnet.exe is C:\Program Files\dotnet\dotnet.exe
TpTrace Information: 0 : 36804, 1, 2023/02/27, 23:06:13.984, 5250577574000, vstest.console.dll, ProxyDataCollectionManager.Initialize: Launched datacollector processId: 27352 port: 65524
TpTrace Information: 0 : 36804, 1, 2023/02/27, 23:06:13.984, 5250577575847, vstest.console.dll, ProxyDataCollectionManager.Initialize: waiting for connection with timeout: 90 seconds
TpTrace Verbose: 0 : 36804, 1, 2023/02/27, 23:06:13.984, 5250577576384, vstest.console.dll, DataCollectionRequestSender.WaitForRequestHandlerConnection : Waiting for connection with timeout: 90000
TpTrace Information: 0 : 36804, 7, 2023/02/27, 23:06:14.157, 5250579303525, vstest.console.dll, Using the buffer size of 16384 bytes
TpTrace Verbose: 0 : 36804, 1, 2023/02/27, 23:06:14.157, 5250579303591, vstest.console.dll, SocketCommunicationManager.WaitForClientConnection took: 172 ms, with 90000 ms timeout, and finished with True.
TpTrace Information: 0 : 36804, 7, 2023/02/27, 23:06:14.157, 5250579304754, vstest.console.dll, Accepted Client request and set the flag
TpTrace Verbose: 0 : 36804, 1, 2023/02/27, 23:06:14.157, 5250579305807, vstest.console.dll, ProxyDataCollectionManager.InvokeDataCollectionServiceAction: Starting.
TpTrace Information: 0 : 36804, 1, 2023/02/27, 23:06:14.157, 5250579307059, vstest.console.dll, ProxyDataCollectionManager.BeforeTestRunStart: Get environment variable and port for datacollector processId: 27352 port: 65524
TpTrace Verbose: 0 : 36804, 1, 2023/02/27, 23:06:14.157, 5250579308565, vstest.console.dll, DataCollectionRequestSender.SendBeforeTestRunStartAndGetResult: Send BeforeTestRunStart message with settingsXml <RunSettings><RunConfiguration><ResultsDirectory>C:\data\dev\MasterMind\MasterMindTest\bin\Release\net6.0\fine-code-coverage\coverage-tool-output</ResultsDirectory><TargetPlatform>X64</TargetPlatform><TargetFrameworkVersion>.NETCoreApp,Version=v6.0</TargetFrameworkVersion><DesignMode>False</DesignMode><CollectSourceInformation>False</CollectSourceInformation><TestAdaptersPaths>C:\Program Files\dotnet\sdk\7.0.102\Extensions</TestAdaptersPaths></RunConfiguration><LoggerRunSettings><Loggers><Logger friendlyName="blame" enabled="True" /><Logger friendlyName="Console" uri="logger://microsoft/TestPlatform/ConsoleLogger/v1" assemblyQualifiedName="Microsoft.VisualStudio.TestPlatform.CommandLine.Internal.ConsoleLogger, vstest.console, Version=15.0.0.0, Culture=neutral, PublicKeyToken=b03f5f7f11d50a3a" codeBase="C:\Program Files\dotnet\sdk\7.0.102\vstest.console.dll" enabled="True" /></Loggers></LoggerRunSettings><DataCollectionRunSettings><DataCollectors><DataCollector friendlyName="blame" enabled="True"><Configuration><ResultsDirectory>C:\data\dev\MasterMind\MasterMindTest\bin\Release\net6.0\fine-code-coverage\coverage-tool-output</ResultsDirectory></Configuration></DataCollector></DataCollectors></DataCollectionRunSettings></RunSettings> and sources System.Collections.Generic.List`1[System.String]: 
TpTrace Verbose: 0 : 36804, 1, 2023/02/27, 23:06:14.242, 5250580161759, vstest.console.dll, DataCollectionRequestSender.SendBeforeTestRunStartAndGetResult: Received message: (DataCollection.SendMessage) -> {"MessageType":"DataCollection.SendMessage","Payload":{"FriendlyName":null,"Uri":null,"TestCaseId":"00000000-0000-0000-0000-000000000000","Message":"Logging DataCollector Diagnostics in file: C:\\data\\dev\\MasterMind\\MasterMindTest\\bin\\Release\\net6.0\\fine-code-coverage\\coverage-tool-output\\diagnostics.datacollector.23-02-27_23-06-13_97452_1.log","Level":0}}
TpTrace Verbose: 0 : 36804, 1, 2023/02/27, 23:06:14.321, 5250580946316, vstest.console.dll, DataCollectionRequestSender.SendBeforeTestRunStartAndGetResult: Received message: (DataCollection.BeforeTestRunStartResult) -> {"MessageType":"DataCollection.BeforeTestRunStartResult","Payload":{"EnvironmentVariables":{},"DataCollectionEventsPort":65526}}
TpTrace Information: 0 : 36804, 1, 2023/02/27, 23:06:14.326, 5250580994959, vstest.console.dll, ProxyDataCollectionManager.BeforeTestRunStart: SendBeforeTestRunStartAndGetResult successful, env variable from datacollector:   and testhost port: 65526
TpTrace Information: 0 : 36804, 1, 2023/02/27, 23:06:14.326, 5250580995986, vstest.console.dll, ProxyDataCollectionManager.InvokeDataCollectionServiceAction: Completed.
TpTrace Verbose: 0 : 36804, 1, 2023/02/27, 23:06:14.326, 5250580997569, vstest.console.dll, ProxyParallelExecutionManager: No sources available for execution.
TpTrace Information: 0 : 36804, 1, 2023/02/27, 23:06:14.326, 5250580998118, vstest.console.dll, TestRunRequest.ExecuteAsync: Started.
TpTrace Verbose: 0 : 36804, 7, 2023/02/27, 23:06:14.326, 5250580998192, vstest.console.dll, ParallelProxyExecutionManager: Execution started. Started clients: 1
TpTrace Verbose: 0 : 36804, 1, 2023/02/27, 23:06:14.326, 5250580998812, vstest.console.dll, TestRunRequest.WaitForCompletion: Waiting with timeout -1.
TpTrace Verbose: 0 : 36804, 7, 2023/02/27, 23:06:14.326, 5250581001327, vstest.console.dll, TestRunRequest:SendTestRunMessage: Starting.
TpTrace Verbose: 0 : 36804, 7, 2023/02/27, 23:06:14.326, 5250581002841, vstest.console.dll, MulticastDelegateUtilities.SafeInvoke: TestRun.LogMessages: Invoking callback 1/1 for Microsoft.VisualStudio.TestPlatform.CommandLine.TestRunResultAggregator., took 0 ms.
TpTrace Information: 0 : 36804, 7, 2023/02/27, 23:06:14.327, 5250581003193, vstest.console.dll, TestRunRequest:SendTestRunMessage: Completed.
TpTrace Verbose: 0 : 36804, 7, 2023/02/27, 23:06:14.327, 5250581004780, vstest.console.dll, ProxyExecutionManager: Test host is always Lazy initialize.
TpTrace Verbose: 0 : 36804, 4, 2023/02/27, 23:06:14.327, 5250581004961, vstest.console.dll, MulticastDelegateUtilities.SafeInvoke: InternalTestLoggerEvents.SendTestRunMessage: Invoking callback 1/1 for Microsoft.VisualStudio.TestPlatform.CommandLine.Internal.ConsoleLogger., took 0 ms.
TpTrace Verbose: 0 : 36804, 7, 2023/02/27, 23:06:14.327, 5250581007089, vstest.console.dll, TestRequestSender.InitializeCommunication: initialize communication. 
TpTrace Information: 0 : 36804, 7, 2023/02/27, 23:06:14.327, 5250581011940, vstest.console.dll, SocketServer.Start: Listening on endpoint : 127.0.0.1:65527
TpTrace Verbose: 0 : 36804, 7, 2023/02/27, 23:06:14.328, 5250581022521, vstest.console.dll, DotnetTestHostmanager.GetTestHostProcessStartInfo: Platform environment 'X64' target architecture 'X64' framework '.NETCoreApp,Version=v6.0' OS 'Windows'
TpTrace Verbose: 0 : 36804, 7, 2023/02/27, 23:06:14.329, 5250581024928, vstest.console.dll, DotnetTestHostmanager: Adding  --runtimeconfig "C:\data\dev\MasterMind\MasterMindTest\bin\Release\net6.0\fine-code-coverage\build-output\MasterMindTest.runtimeconfig.json" in args
TpTrace Verbose: 0 : 36804, 7, 2023/02/27, 23:06:14.329, 5250581025922, vstest.console.dll, DotnetTestHostmanager: Adding  --depsfile "C:\data\dev\MasterMind\MasterMindTest\bin\Release\net6.0\fine-code-coverage\build-output\MasterMindTest.deps.json" in args
TpTrace Verbose: 0 : 36804, 7, 2023/02/27, 23:06:14.329, 5250581027608, vstest.console.dll, DotnetTestHostmanager.IsWinOnArm: Current PROCESSOR_ARCHITECTURE from environment variable 'AMD64'
TpTrace Verbose: 0 : 36804, 7, 2023/02/27, 23:06:14.329, 5250581028355, vstest.console.dll, DotnetTestHostmanager.IsWinOnArm: Is Windows on ARM 'False'
TpTrace Verbose: 0 : 36804, 7, 2023/02/27, 23:06:14.329, 5250581029263, vstest.console.dll, DotnetTestHostManager: testhost.exe found at path: C:\data\dev\MasterMind\MasterMindTest\bin\Release\net6.0\fine-code-coverage\build-output\testhost.exe
TpTrace Verbose: 0 : 36804, 7, 2023/02/27, 23:06:14.329, 5250581029655, vstest.console.dll, DotnetTestHostmanager: Full path of host exe is C:\data\dev\MasterMind\MasterMindTest\bin\Release\net6.0\fine-code-coverage\build-output\testhost.exe
TpTrace Verbose: 0 : 36804, 7, 2023/02/27, 23:06:14.329, 5250581030823, vstest.console.dll, DotnetTestHostmanager.LaunchTestHostAsync: Found 'VSTEST_WINAPPHOST_DOTNET_ROOT' in env variables, value 'C:\Program Files\dotnet', forwarding to 'DOTNET_ROOT'
TpTrace Verbose: 0 : 36804, 7, 2023/02/27, 23:06:14.329, 5250581032580, vstest.console.dll, DotnetTestHostManager: Starting process 'C:\data\dev\MasterMind\MasterMindTest\bin\Release\net6.0\fine-code-coverage\build-output\testhost.exe' with command line ' --runtimeconfig "C:\data\dev\MasterMind\MasterMindTest\bin\Release\net6.0\fine-code-coverage\build-output\MasterMindTest.runtimeconfig.json" --depsfile "C:\data\dev\MasterMind\MasterMindTest\bin\Release\net6.0\fine-code-coverage\build-output\MasterMindTest.deps.json" --port 65527 --endpoint 127.0.0.1:065527 --role client --parentprocessid 36804 --diag "C:\data\dev\MasterMind\MasterMindTest\bin\Release\net6.0\fine-code-coverage\coverage-tool-output\diagnostics.host.23-02-27_23-06-14_32836_7.log" --tracelevel 4 --datacollectionport 65526 --telemetryoptedin false'
TpTrace Verbose: 0 : 36804, 7, 2023/02/27, 23:06:14.339, 5250581124981, vstest.console.dll, MulticastDelegateUtilities.SafeInvoke: HostProviderEvents.OnHostLaunched: Invoking callback 1/2 for Microsoft.VisualStudio.TestPlatform.CrossPlatEngine.Client.ProxyExecutionManagerWithDataCollection., took 1 ms.
TpTrace Verbose: 0 : 36804, 7, 2023/02/27, 23:06:14.339, 5250581128497, vstest.console.dll, Test Runtime launched
TpTrace Verbose: 0 : 36804, 7, 2023/02/27, 23:06:14.339, 5250581129561, vstest.console.dll, MulticastDelegateUtilities.SafeInvoke: HostProviderEvents.OnHostLaunched: Invoking callback 2/2 for Microsoft.VisualStudio.TestPlatform.CrossPlatEngine.Client.ProxyOperationManager., took 0 ms.
TpTrace Verbose: 0 : 36804, 7, 2023/02/27, 23:06:14.339, 5250581131351, vstest.console.dll, TestRequestSender.WaitForRequestHandlerConnection: waiting for connection with timeout: 90000.
TpTrace Verbose: 0 : 36804, 12, 2023/02/27, 23:06:14.515, 5250582886975, vstest.console.dll, MulticastDelegateUtilities.SafeInvoke: SocketServer: ClientConnected: Invoking callback 1/1 for Microsoft.VisualStudio.TestPlatform.CommunicationUtilities.TestRequestSender., took 0 ms.
TpTrace Verbose: 0 : 36804, 12, 2023/02/27, 23:06:14.515, 5250582888142, vstest.console.dll, SocketServer.OnClientConnected: Client connected for endPoint: 127.0.0.1:65527, starting MessageLoopAsync:
TpTrace Verbose: 0 : 36804, 7, 2023/02/27, 23:06:14.515, 5250582887249, vstest.console.dll, TestRequestSender.WaitForRequestHandlerConnection: waiting took 175 ms, with timeout 90000 ms, and result 0, which is success.
TpTrace Verbose: 0 : 36804, 12, 2023/02/27, 23:06:14.515, 5250582891408, vstest.console.dll, TcpClientExtensions.MessageLoopAsync: Polling on remoteEndPoint: 127.0.0.1:65528 localEndPoint: 127.0.0.1:65527
TpTrace Verbose: 0 : 36804, 7, 2023/02/27, 23:06:14.516, 5250582898208, vstest.console.dll, TestRequestSender.CheckVersionWithTestHost: Sending check version message: {"MessageType":"ProtocolVersion","Payload":7}
TpTrace Verbose: 0 : 36804, 12, 2023/02/27, 23:06:14.655, 5250584290716, vstest.console.dll, TcpClientExtensions.MessageLoopAsync: NotifyDataAvailable remoteEndPoint: 127.0.0.1:65528 localEndPoint: 127.0.0.1:65527
TpTrace Verbose: 0 : 36804, 12, 2023/02/27, 23:06:14.656, 5250584293457, vstest.console.dll, TestRequestSender.CheckVersionWithTestHost: onMessageReceived received message: (ProtocolVersion) -> {"MessageType":"ProtocolVersion","Payload":7}
TpTrace Verbose: 0 : 36804, 12, 2023/02/27, 23:06:14.656, 5250584302722, vstest.console.dll, MulticastDelegateUtilities.SafeInvoke: LengthPrefixCommunicationChannel: MessageReceived: Invoking callback 1/1 for Microsoft.VisualStudio.TestPlatform.CommunicationUtilities.TestRequestSender+<>c__DisplayClass26_0., took 0 ms.
TpTrace Verbose: 0 : 36804, 12, 2023/02/27, 23:06:14.657, 5250584304866, vstest.console.dll, TcpClientExtensions.MessageLoopAsync: Polling on remoteEndPoint: 127.0.0.1:65528 localEndPoint: 127.0.0.1:65527
TpTrace Verbose: 0 : 36804, 7, 2023/02/27, 23:06:14.657, 5250584306343, vstest.console.dll, TestPluginCache.GetExtensionPaths: Filtered extension paths: 
TpTrace Verbose: 0 : 36804, 7, 2023/02/27, 23:06:14.657, 5250584307337, vstest.console.dll, TestPluginCache.GetExtensionPaths: Added default extension paths: C:\Program Files\dotnet\sdk\7.0.102\Extensions\Microsoft.Diagnostics.NETCore.Client.dll
C:\Program Files\dotnet\sdk\7.0.102\Extensions\Microsoft.TestPlatform.Extensions.BlameDataCollector.dll
C:\Program Files\dotnet\sdk\7.0.102\Extensions\Microsoft.TestPlatform.Extensions.EventLogCollector.dll
C:\Program Files\dotnet\sdk\7.0.102\Extensions\Microsoft.TestPlatform.TestHostRuntimeProvider.dll
C:\Program Files\dotnet\sdk\7.0.102\Extensions\Microsoft.VisualStudio.TestPlatform.Extensions.Html.TestLogger.dll
C:\Program Files\dotnet\sdk\7.0.102\Extensions\Microsoft.VisualStudio.TestPlatform.Extensions.Trx.TestLogger.dll
TpTrace Verbose: 0 : 36804, 7, 2023/02/27, 23:06:14.657, 5250584307932, vstest.console.dll, TestPluginCache.GetExtensionPaths: Added unfilterableExtensionPaths: 
TpTrace Verbose: 0 : 36804, 7, 2023/02/27, 23:06:14.660, 5250584339186, vstest.console.dll, TestRequestSender.InitializeExecution: Sending initialize execution with message: {"Version":7,"MessageType":"TestExecution.Initialize","Payload":["C:\\data\\dev\\MasterMind\\MasterMindTest\\bin\\Release\\net6.0\\fine-code-coverage\\build-output\\xunit.runner.visualstudio.dotnetcore.testadapter.dll"]}
TpTrace Warning: 0 : 36804, 7, 2023/02/27, 23:06:14.661, 5250584344489, vstest.console.dll, InferRunSettingsHelper.MakeRunsettingsCompatible: Removing the following settings: TargetPlatform from RunSettings file. To use those settings please move to latest version of Microsoft.NET.Test.Sdk
TpTrace Verbose: 0 : 36804, 12, 2023/02/27, 23:06:14.664, 5250584374016, vstest.console.dll, TcpClientExtensions.MessageLoopAsync: NotifyDataAvailable remoteEndPoint: 127.0.0.1:65528 localEndPoint: 127.0.0.1:65527
TpTrace Verbose: 0 : 36804, 12, 2023/02/27, 23:06:14.664, 5250584378317, vstest.console.dll, TestRequestSender.OnExecutionMessageReceived: Received message: {"Version":7,"MessageType":"TestSession.Message","Payload":{"MessageLevel":0,"Message":"Logging TestHost Diagnostics in file: C:\\data\\dev\\MasterMind\\MasterMindTest\\bin\\Release\\net6.0\\fine-code-coverage\\coverage-tool-output\\diagnostics.host.23-02-27_23-06-14_32836_7.log"}}
TpTrace Verbose: 0 : 36804, 12, 2023/02/27, 23:06:14.667, 5250584409164, vstest.console.dll, TestRunRequest:SendTestRunMessage: Starting.
TpTrace Verbose: 0 : 36804, 12, 2023/02/27, 23:06:14.667, 5250584411491, vstest.console.dll, MulticastDelegateUtilities.SafeInvoke: TestRun.LogMessages: Invoking callback 1/1 for Microsoft.VisualStudio.TestPlatform.CommandLine.TestRunResultAggregator., took 0 ms.
TpTrace Information: 0 : 36804, 12, 2023/02/27, 23:06:14.667, 5250584412230, vstest.console.dll, TestRunRequest:SendTestRunMessage: Completed.
TpTrace Verbose: 0 : 36804, 4, 2023/02/27, 23:06:14.667, 5250584411619, vstest.console.dll, MulticastDelegateUtilities.SafeInvoke: InternalTestLoggerEvents.SendTestRunMessage: Invoking callback 1/1 for Microsoft.VisualStudio.TestPlatform.CommandLine.Internal.ConsoleLogger., took 0 ms.
TpTrace Verbose: 0 : 36804, 12, 2023/02/27, 23:06:14.667, 5250584412838, vstest.console.dll, MulticastDelegateUtilities.SafeInvoke: LengthPrefixCommunicationChannel: MessageReceived: Invoking callback 1/1 for Microsoft.VisualStudio.TestPlatform.CommunicationUtilities.TestRequestSender+<>c__DisplayClass31_0., took 3 ms.
TpTrace Verbose: 0 : 36804, 12, 2023/02/27, 23:06:14.668, 5250584413831, vstest.console.dll, TcpClientExtensions.MessageLoopAsync: Polling on remoteEndPoint: 127.0.0.1:65528 localEndPoint: 127.0.0.1:65527
TpTrace Verbose: 0 : 36804, 7, 2023/02/27, 23:06:14.668, 5250584421933, vstest.console.dll, TestRequestSender.StartTestRun: Sending test run with message: {"Version":7,"MessageType":"TestExecution.StartWithSources","Payload":{"AdapterSourceMap":{"_none_":["C:\\data\\dev\\MasterMind\\MasterMindTest\\bin\\Release\\net6.0\\fine-code-coverage\\build-output\\MasterMindTest.dll"]},"RunSettings":"<RunSettings>\r\n  <RunConfiguration>\r\n    <ResultsDirectory>C:\\data\\dev\\MasterMind\\MasterMindTest\\bin\\Release\\net6.0\\fine-code-coverage\\coverage-tool-output</ResultsDirectory>\r\n    <TargetFrameworkVersion>.NETCoreApp,Version=v6.0</TargetFrameworkVersion>\r\n    <DesignMode>False</DesignMode>\r\n    <CollectSourceInformation>False</CollectSourceInformation>\r\n  </RunConfiguration>\r\n  <LoggerRunSettings>\r\n    <Loggers>\r\n      <Logger friendlyName=\"blame\" enabled=\"True\" />\r\n      <Logger friendlyName=\"Console\" uri=\"logger://microsoft/TestPlatform/ConsoleLogger/v1\" assemblyQualifiedName=\"Microsoft.VisualStudio.TestPlatform.CommandLine.Internal.ConsoleLogger, vstest.console, Version=15.0.0.0, Culture=neutral, PublicKeyToken=b03f5f7f11d50a3a\" codeBase=\"C:\\Program Files\\dotnet\\sdk\\7.0.102\\vstest.console.dll\" enabled=\"True\" />\r\n    </Loggers>\r\n  </LoggerRunSettings>\r\n  <DataCollectionRunSettings>\r\n    <DataCollectors>\r\n      <DataCollector friendlyName=\"blame\" enabled=\"True\">\r\n        <Configuration>\r\n          <ResultsDirectory>C:\\data\\dev\\MasterMind\\MasterMindTest\\bin\\Release\\net6.0\\fine-code-coverage\\coverage-tool-output</ResultsDirectory>\r\n        </Configuration>\r\n      </DataCollector>\r\n    </DataCollectors>\r\n  </DataCollectionRunSettings>\r\n</RunSettings>","TestExecutionContext":{"FrequencyOfRunStatsChangeEvent":10,"RunStatsChangeEventTimeout":"00:00:01.5000000","InIsolation":false,"KeepAlive":false,"AreTestCaseLevelEventsRequired":false,"IsDebug":false,"TestCaseFilter":null,"FilterOptions":null},"Package":null}}
TpTrace Verbose: 0 : 36804, 12, 2023/02/27, 23:06:14.853, 5250586264450, vstest.console.dll, TcpClientExtensions.MessageLoopAsync: NotifyDataAvailable remoteEndPoint: 127.0.0.1:65528 localEndPoint: 127.0.0.1:65527
TpTrace Verbose: 0 : 36804, 12, 2023/02/27, 23:06:14.853, 5250586266354, vstest.console.dll, TestRequestSender.OnExecutionMessageReceived: Received message: {"Version":7,"MessageType":"TestSession.Message","Payload":{"MessageLevel":0,"Message":"[xUnit.net 00:00:00.00] xUnit.net VSTest Adapter v2.4.5+1caef2f33e (64-bit .NET 6.0.13)"}}
TpTrace Verbose: 0 : 36804, 12, 2023/02/27, 23:06:14.853, 5250586269055, vstest.console.dll, TestRunRequest:SendTestRunMessage: Starting.
TpTrace Verbose: 0 : 36804, 12, 2023/02/27, 23:06:14.853, 5250586269718, vstest.console.dll, MulticastDelegateUtilities.SafeInvoke: TestRun.LogMessages: Invoking callback 1/1 for Microsoft.VisualStudio.TestPlatform.CommandLine.TestRunResultAggregator., took 0 ms.
TpTrace Information: 0 : 36804, 12, 2023/02/27, 23:06:14.853, 5250586269951, vstest.console.dll, TestRunRequest:SendTestRunMessage: Completed.
TpTrace Verbose: 0 : 36804, 12, 2023/02/27, 23:06:14.853, 5250586270162, vstest.console.dll, MulticastDelegateUtilities.SafeInvoke: LengthPrefixCommunicationChannel: MessageReceived: Invoking callback 1/1 for Microsoft.VisualStudio.TestPlatform.CommunicationUtilities.TestRequestSender+<>c__DisplayClass31_0., took 0 ms.
TpTrace Verbose: 0 : 36804, 4, 2023/02/27, 23:06:14.853, 5250586270586, vstest.console.dll, MulticastDelegateUtilities.SafeInvoke: InternalTestLoggerEvents.SendTestRunMessage: Invoking callback 1/1 for Microsoft.VisualStudio.TestPlatform.CommandLine.Internal.ConsoleLogger., took 0 ms.
TpTrace Verbose: 0 : 36804, 12, 2023/02/27, 23:06:14.853, 5250586270940, vstest.console.dll, TcpClientExtensions.MessageLoopAsync: Polling on remoteEndPoint: 127.0.0.1:65528 localEndPoint: 127.0.0.1:65527
TpTrace Verbose: 0 : 36804, 12, 2023/02/27, 23:06:15.718, 5250594916112, vstest.console.dll, TcpClientExtensions.MessageLoopAsync: NotifyDataAvailable remoteEndPoint: 127.0.0.1:65528 localEndPoint: 127.0.0.1:65527
TpTrace Verbose: 0 : 36804, 12, 2023/02/27, 23:06:15.718, 5250594917776, vstest.console.dll, TestRequestSender.OnExecutionMessageReceived: Received message: {"Version":7,"MessageType":"TestSession.Message","Payload":{"MessageLevel":0,"Message":"[xUnit.net 00:00:00.87]   Discovering: MasterMindTest"}}
TpTrace Verbose: 0 : 36804, 12, 2023/02/27, 23:06:15.718, 5250594919197, vstest.console.dll, TestRunRequest:SendTestRunMessage: Starting.
TpTrace Verbose: 0 : 36804, 12, 2023/02/27, 23:06:15.718, 5250594919673, vstest.console.dll, MulticastDelegateUtilities.SafeInvoke: TestRun.LogMessages: Invoking callback 1/1 for Microsoft.VisualStudio.TestPlatform.CommandLine.TestRunResultAggregator., took 0 ms.
TpTrace Information: 0 : 36804, 12, 2023/02/27, 23:06:15.718, 5250594919860, vstest.console.dll, TestRunRequest:SendTestRunMessage: Completed.
TpTrace Verbose: 0 : 36804, 12, 2023/02/27, 23:06:15.718, 5250594920044, vstest.console.dll, MulticastDelegateUtilities.SafeInvoke: LengthPrefixCommunicationChannel: MessageReceived: Invoking callback 1/1 for Microsoft.VisualStudio.TestPlatform.CommunicationUtilities.TestRequestSender+<>c__DisplayClass31_0., took 0 ms.
TpTrace Verbose: 0 : 36804, 12, 2023/02/27, 23:06:15.718, 5250594920344, vstest.console.dll, TcpClientExtensions.MessageLoopAsync: Polling on remoteEndPoint: 127.0.0.1:65528 localEndPoint: 127.0.0.1:65527
TpTrace Verbose: 0 : 36804, 4, 2023/02/27, 23:06:15.718, 5250594920999, vstest.console.dll, MulticastDelegateUtilities.SafeInvoke: InternalTestLoggerEvents.SendTestRunMessage: Invoking callback 1/1 for Microsoft.VisualStudio.TestPlatform.CommandLine.Internal.ConsoleLogger., took 0 ms.
TpTrace Verbose: 0 : 36804, 12, 2023/02/27, 23:06:15.756, 5250595298188, vstest.console.dll, TcpClientExtensions.MessageLoopAsync: NotifyDataAvailable remoteEndPoint: 127.0.0.1:65528 localEndPoint: 127.0.0.1:65527
TpTrace Verbose: 0 : 36804, 12, 2023/02/27, 23:06:15.756, 5250595299729, vstest.console.dll, TestRequestSender.OnExecutionMessageReceived: Received message: {"Version":7,"MessageType":"TestSession.Message","Payload":{"MessageLevel":0,"Message":"[xUnit.net 00:00:00.91]   Discovered:  MasterMindTest"}}
TpTrace Verbose: 0 : 36804, 12, 2023/02/27, 23:06:15.756, 5250595301051, vstest.console.dll, TestRunRequest:SendTestRunMessage: Starting.
TpTrace Verbose: 0 : 36804, 12, 2023/02/27, 23:06:15.756, 5250595301525, vstest.console.dll, MulticastDelegateUtilities.SafeInvoke: TestRun.LogMessages: Invoking callback 1/1 for Microsoft.VisualStudio.TestPlatform.CommandLine.TestRunResultAggregator., took 0 ms.
TpTrace Information: 0 : 36804, 12, 2023/02/27, 23:06:15.756, 5250595301720, vstest.console.dll, TestRunRequest:SendTestRunMessage: Completed.
TpTrace Verbose: 0 : 36804, 12, 2023/02/27, 23:06:15.756, 5250595301900, vstest.console.dll, MulticastDelegateUtilities.SafeInvoke: LengthPrefixCommunicationChannel: MessageReceived: Invoking callback 1/1 for Microsoft.VisualStudio.TestPlatform.CommunicationUtilities.TestRequestSender+<>c__DisplayClass31_0., took 0 ms.
TpTrace Verbose: 0 : 36804, 12, 2023/02/27, 23:06:15.756, 5250595302213, vstest.console.dll, TcpClientExtensions.MessageLoopAsync: Polling on remoteEndPoint: 127.0.0.1:65528 localEndPoint: 127.0.0.1:65527
TpTrace Verbose: 0 : 36804, 4, 2023/02/27, 23:06:15.756, 5250595302844, vstest.console.dll, MulticastDelegateUtilities.SafeInvoke: InternalTestLoggerEvents.SendTestRunMessage: Invoking callback 1/1 for Microsoft.VisualStudio.TestPlatform.CommandLine.Internal.ConsoleLogger., took 0 ms.
TpTrace Verbose: 0 : 36804, 12, 2023/02/27, 23:06:15.758, 5250595319146, vstest.console.dll, TcpClientExtensions.MessageLoopAsync: NotifyDataAvailable remoteEndPoint: 127.0.0.1:65528 localEndPoint: 127.0.0.1:65527
TpTrace Verbose: 0 : 36804, 12, 2023/02/27, 23:06:15.758, 5250595320093, vstest.console.dll, TestRequestSender.OnExecutionMessageReceived: Received message: {"Version":7,"MessageType":"TestSession.Message","Payload":{"MessageLevel":0,"Message":"[xUnit.net 00:00:00.91]   Starting:    MasterMindTest"}}
TpTrace Verbose: 0 : 36804, 12, 2023/02/27, 23:06:15.758, 5250595321053, vstest.console.dll, TestRunRequest:SendTestRunMessage: Starting.
TpTrace Verbose: 0 : 36804, 12, 2023/02/27, 23:06:15.758, 5250595321457, vstest.console.dll, MulticastDelegateUtilities.SafeInvoke: TestRun.LogMessages: Invoking callback 1/1 for Microsoft.VisualStudio.TestPlatform.CommandLine.TestRunResultAggregator., took 0 ms.
TpTrace Information: 0 : 36804, 12, 2023/02/27, 23:06:15.758, 5250595321644, vstest.console.dll, TestRunRequest:SendTestRunMessage: Completed.
TpTrace Verbose: 0 : 36804, 12, 2023/02/27, 23:06:15.758, 5250595321874, vstest.console.dll, MulticastDelegateUtilities.SafeInvoke: LengthPrefixCommunicationChannel: MessageReceived: Invoking callback 1/1 for Microsoft.VisualStudio.TestPlatform.CommunicationUtilities.TestRequestSender+<>c__DisplayClass31_0., took 0 ms.
TpTrace Verbose: 0 : 36804, 12, 2023/02/27, 23:06:15.758, 5250595322292, vstest.console.dll, TcpClientExtensions.MessageLoopAsync: Polling on remoteEndPoint: 127.0.0.1:65528 localEndPoint: 127.0.0.1:65527
TpTrace Verbose: 0 : 36804, 4, 2023/02/27, 23:06:15.758, 5250595321933, vstest.console.dll, MulticastDelegateUtilities.SafeInvoke: InternalTestLoggerEvents.SendTestRunMessage: Invoking callback 1/1 for Microsoft.VisualStudio.TestPlatform.CommandLine.Internal.ConsoleLogger., took 0 ms.
TpTrace Verbose: 0 : 36804, 12, 2023/02/27, 23:06:15.911, 5250596845128, vstest.console.dll, TcpClientExtensions.MessageLoopAsync: NotifyDataAvailable remoteEndPoint: 127.0.0.1:65528 localEndPoint: 127.0.0.1:65527
TpTrace Verbose: 0 : 36804, 12, 2023/02/27, 23:06:15.911, 5250596847994, vstest.console.dll, TestRequestSender.OnExecutionMessageReceived: Received message: {"Version":7,"MessageType":"TestExecution.StatsChange","Payload":{"NewTestResults":[{"TestCase":{"Id":"6edb4e66-1bfa-cc20-bd90-9b741a790f73","FullyQualifiedName":"MasterMindTest.SolutionWithDynamicListTests.No_Correct_Guessed_Color_ShouldReturn_0_0","DisplayName":"MasterMindTest.SolutionWithDynamicListTests.No_Correct_Guessed_Color_ShouldReturn_0_0","ExecutorUri":"executor://xunit/VsTestRunner2/netcoreapp","Source":"C:\\data\\dev\\MasterMind\\MasterMindTest\\bin\\Release\\net6.0\\fine-code-coverage\\build-output\\MasterMindTest.dll","CodeFilePath":null,"LineNumber":0,"Properties":[]},"Attachments":[],"Outcome":1,"ErrorMessage":null,"ErrorStackTrace":null,"DisplayName":"MasterMindTest.SolutionWithDynamicListTests.No_Correct_Guessed_Color_ShouldReturn_0_0","Messages":[],"ComputerName":"LT-CH-221","Duration":"00:00:00.0076236","StartTime":"2023-02-27T22:06:15.8465561+00:00","EndTime":"2023-02-27T22:06:15.846577+00:00","Properties":[]},{"TestCase":{"Id":"92ec7598-a22b-96c1-5cc9-440ef2b4bb11","FullyQualifiedName":"MasterMindTest.SolutionWithDictionaryTests.Two_Correct_Guessed_Color_With_Position_And_Two_Guessed_Color_ShouldReturn_2_2","DisplayName":"MasterMindTest.SolutionWithDictionaryTests.Two_Correct_Guessed_Color_With_Position_And_Two_Guessed_Color_ShouldReturn_2_2","ExecutorUri":"executor://xunit/VsTestRunner2/netcoreapp","Source":"C:\\data\\dev\\MasterMind\\MasterMindTest\\bin\\Release\\net6.0\\fine-code-coverage\\build-output\\MasterMindTest.dll","CodeFilePath":null,"LineNumber":0,"Properties":[]},"Attachments":[],"Outcome":1,"ErrorMessage":null,"ErrorStackTrace":null,"DisplayName":"MasterMindTest.SolutionWithDictionaryTests.Two_Correct_Guessed_Color_With_Position_And_Two_Guessed_Color_ShouldReturn_2_2","Messages":[],"ComputerName":"LT-CH-221","Duration":"00:00:00.0098036","StartTime":"2023-02-27T22:06:15.8673814+00:00","EndTime":"2023-02-27T22:06:15.8673815+00:00","Properties":[]},{"TestCase":{"Id":"acbcc183-597f-f700-23df-de1b581643d4","FullyQualifiedName":"MasterMindTest.SolutionWithFixedListTests.No_Correct_Guessed_Color_ShouldReturn_0_0","DisplayName":"MasterMindTest.SolutionWithFixedListTests.No_Correct_Guessed_Color_ShouldReturn_0_0","ExecutorUri":"executor://xunit/VsTestRunner2/netcoreapp","Source":"C:\\data\\dev\\MasterMind\\MasterMindTest\\bin\\Release\\net6.0\\fine-code-coverage\\build-output\\MasterMindTest.dll","CodeFilePath":null,"LineNumber":0,"Properties":[]},"Attachments":[],"Outcome":1,"ErrorMessage":null,"ErrorStackTrace":null,"DisplayName":"MasterMindTest.SolutionWithFixedListTests.No_Correct_Guessed_Color_ShouldReturn_0_0","Messages":[],"ComputerName":"LT-CH-221","Duration":"00:00:00.0076001","StartTime":"2023-02-27T22:06:15.869432+00:00","EndTime":"2023-02-27T22:06:15.869432+00:00","Properties":[]},{"TestCase":{"Id":"d79f0d6d-9592-4b49-21ac-0ad5c5a4b211","FullyQualifiedName":"MasterMindTest.SolutionWithFixedListTests.One_Correct_Guessed_Color_ShouldReturn_0_1","DisplayName":"MasterMindTest.SolutionWithFixedListTests.One_Correct_Guessed_Color_ShouldReturn_0_1","ExecutorUri":"executor://xunit/VsTestRunner2/netcoreapp","Source":"C:\\data\\dev\\MasterMind\\MasterMindTest\\bin\\Release\\net6.0\\fine-code-coverage\\build-output\\MasterMindTest.dll","CodeFilePath":null,"LineNumber":0,"Properties":[]},"Attachments":[],"Outcome":1,"ErrorMessage":null,"ErrorStackTrace":null,"DisplayName":"MasterMindTest.SolutionWithFixedListTests.One_Correct_Guessed_Color_ShouldReturn_0_1","Messages":[],"ComputerName":"LT-CH-221","Duration":"00:00:00.0001418","StartTime":"2023-02-27T22:06:15.8744661+00:00","EndTime":"2023-02-27T22:06:15.8744661+00:00","Properties":[]},{"TestCase":{"Id":"e002f10a-60a6-5252-658d-828839f7a90f","FullyQualifiedName":"MasterMindTest.SolutionWithDictionaryTests.One_Correct_Guessed_Color_With_Position_ShouldReturn_1_0","DisplayName":"MasterMindTest.SolutionWithDictionaryTests.One_Correct_Guessed_Color_With_Position_ShouldReturn_1_0","ExecutorUri":"executor://xunit/VsTestRunner2/netcoreapp","Source":"C:\\data\\dev\\MasterMind\\MasterMindTest\\bin\\Release\\net6.0\\fine-code-coverage\\build-output\\MasterMindTest.dll","CodeFilePath":null,"LineNumber":0,"Properties":[]},"Attachments":[],"Outcome":1,"ErrorMessage":null,"ErrorStackTrace":null,"DisplayName":"MasterMindTest.SolutionWithDictionaryTests.One_Correct_Guessed_Color_With_Position_ShouldReturn_1_0","Messages":[],"ComputerName":"LT-CH-221","Duration":"00:00:00.0001848","StartTime":"2023-02-27T22:06:15.8768753+00:00","EndTime":"2023-02-27T22:06:15.8768753+00:00","Properties":[]},{"TestCase":{"Id":"eb5c7187-7d34-e84c-71e8-d3e230b3fbbb","FullyQualifiedName":"MasterMindTest.SolutionWithDynamicListTests.One_Correct_Guessed_Color_With_Position_ShouldReturn_1_0","DisplayName":"MasterMindTest.SolutionWithDynamicListTests.One_Correct_Guessed_Color_With_Position_ShouldReturn_1_0","ExecutorUri":"executor://xunit/VsTestRunner2/netcoreapp","Source":"C:\\data\\dev\\MasterMind\\MasterMindTest\\bin\\Release\\net6.0\\fine-code-coverage\\build-output\\MasterMindTest.dll","CodeFilePath":null,"LineNumber":0,"Properties":[]},"Attachments":[],"Outcome":1,"ErrorMessage":null,"ErrorStackTrace":null,"DisplayName":"MasterMindTest.SolutionWithDynamicListTests.One_Correct_Guessed_Color_With_Position_ShouldReturn_1_0","Messages":[],"ComputerName":"LT-CH-221","Duration":"00:00:00.0002190","StartTime":"2023-02-27T22:06:15.8789843+00:00","EndTime":"2023-02-27T22:06:15.8789844+00:00","Properties":[]},{"TestCase":{"Id":"abd32497-7cff-08a8-ce1a-1f778e0f6c07","FullyQualifiedName":"MasterMindTest.SolutionWithFixedListTests.One_Correct_Guessed_Color_With_Position_ShouldReturn_1_0","DisplayName":"MasterMindTest.SolutionWithFixedListTests.One_Correct_Guessed_Color_With_Position_ShouldReturn_1_0","ExecutorUri":"executor://xunit/VsTestRunner2/netcoreapp","Source":"C:\\data\\dev\\MasterMind\\MasterMindTest\\bin\\Release\\net6.0\\fine-code-coverage\\build-output\\MasterMindTest.dll","CodeFilePath":null,"LineNumber":0,"Properties":[]},"Attachments":[],"Outcome":1,"ErrorMessage":null,"ErrorStackTrace":null,"DisplayName":"MasterMindTest.SolutionWithFixedListTests.One_Correct_Guessed_Color_With_Position_ShouldReturn_1_0","Messages":[],"ComputerName":"LT-CH-221","Duration":"00:00:00.0000864","StartTime":"2023-02-27T22:06:15.881377+00:00","EndTime":"2023-02-27T22:06:15.8813771+00:00","Properties":[]}],"TestRunStatistics":{"ExecutedTests":7,"Stats":{"Passed":7}},"ActiveTests":[{"Id":"4bb28ba5-ada6-c571-e187-e900b263c040","FullyQualifiedName":"MasterMindTest.SolutionWithDictionaryTests.One_Correct_Guessed_Color_With_Position_And_One_Guessed_Color_ShouldReturn_1_1","DisplayName":"MasterMindTest.SolutionWithDictionaryTests.One_Correct_Guessed_Color_With_Position_And_One_Guessed_Color_ShouldReturn_1_1","ExecutorUri":"executor://xunit/VsTestRunner2/netcoreapp","Source":"C:\\data\\dev\\MasterMind\\MasterMindTest\\bin\\Release\\net6.0\\fine-code-coverage\\build-output\\MasterMindTest.dll","CodeFilePath":null,"LineNumber":0,"Properties":[]},{"Id":"8fb56aab-bb2e-c52f-eb11-9fab17eff1f2","FullyQualifiedName":"MasterMindTest.SolutionWithDynamicListTests.Two_Correct_Guessed_Color_With_Position_And_Two_Guessed_Color_ShouldReturn_2_2","DisplayName":"MasterMindTest.SolutionWithDynamicListTests.Two_Correct_Guessed_Color_With_Position_And_Two_Guessed_Color_ShouldReturn_2_2","ExecutorUri":"executor://xunit/VsTestRunner2/netcoreapp","Source":"C:\\data\\dev\\MasterMind\\MasterMindTest\\bin\\Release\\net6.0\\fine-code-coverage\\build-output\\MasterMindTest.dll","CodeFilePath":null,"LineNumber":0,"Properties":[]},{"Id":"f1c32401-a126-4fdf-dba8-cd94662520dd","FullyQualifiedName":"MasterMindTest.SolutionWithFixedListTests.One_Correct_Guessed_Color_With_Position_And_One_Guessed_Color_ShouldReturn_1_1","DisplayName":"MasterMindTest.SolutionWithFixedListTests.One_Correct_Guessed_Color_With_Position_And_One_Guessed_Color_ShouldReturn_1_1","ExecutorUri":"executor://xunit/VsTestRunner2/netcoreapp","Source":"C:\\data\\dev\\MasterMind\\MasterMindTest\\bin\\Release\\net6.0\\fine-code-coverage\\build-output\\MasterMindTest.dll","CodeFilePath":null,"LineNumber":0,"Properties":[]}]}}
TpTrace Verbose: 0 : 36804, 12, 2023/02/27, 23:06:15.938, 5250597113375, vstest.console.dll, TestRunRequest:SendTestRunStatsChange: Starting.
TpTrace Verbose: 0 : 36804, 12, 2023/02/27, 23:06:15.938, 5250597115243, vstest.console.dll, InProgress is MasterMindTest.SolutionWithDictionaryTests.One_Correct_Guessed_Color_With_Position_And_One_Guessed_Color_ShouldReturn_1_1
TpTrace Verbose: 0 : 36804, 12, 2023/02/27, 23:06:15.938, 5250597115526, vstest.console.dll, InProgress is MasterMindTest.SolutionWithDynamicListTests.Two_Correct_Guessed_Color_With_Position_And_Two_Guessed_Color_ShouldReturn_2_2
TpTrace Verbose: 0 : 36804, 12, 2023/02/27, 23:06:15.938, 5250597115714, vstest.console.dll, InProgress is MasterMindTest.SolutionWithFixedListTests.One_Correct_Guessed_Color_With_Position_And_One_Guessed_Color_ShouldReturn_1_1
TpTrace Verbose: 0 : 36804, 12, 2023/02/27, 23:06:15.938, 5250597118093, vstest.console.dll, MulticastDelegateUtilities.SafeInvoke: TestRun.RunStatsChanged: Invoking callbacks was skipped because there are no subscribers.
TpTrace Information: 0 : 36804, 12, 2023/02/27, 23:06:15.938, 5250597118400, vstest.console.dll, TestRunRequest:SendTestRunStatsChange: Completed.
TpTrace Verbose: 0 : 36804, 12, 2023/02/27, 23:06:15.938, 5250597118687, vstest.console.dll, MulticastDelegateUtilities.SafeInvoke: LengthPrefixCommunicationChannel: MessageReceived: Invoking callback 1/1 for Microsoft.VisualStudio.TestPlatform.CommunicationUtilities.TestRequestSender+<>c__DisplayClass31_0., took 27 ms.
TpTrace Verbose: 0 : 36804, 12, 2023/02/27, 23:06:15.938, 5250597119033, vstest.console.dll, TcpClientExtensions.MessageLoopAsync: Polling on remoteEndPoint: 127.0.0.1:65528 localEndPoint: 127.0.0.1:65527
TpTrace Verbose: 0 : 36804, 12, 2023/02/27, 23:06:15.938, 5250597119403, vstest.console.dll, TcpClientExtensions.MessageLoopAsync: NotifyDataAvailable remoteEndPoint: 127.0.0.1:65528 localEndPoint: 127.0.0.1:65527
TpTrace Verbose: 0 : 36804, 12, 2023/02/27, 23:06:15.938, 5250597119987, vstest.console.dll, TestRequestSender.OnExecutionMessageReceived: Received message: {"Version":7,"MessageType":"TestSession.Message","Payload":{"MessageLevel":0,"Message":"[xUnit.net 00:00:01.08]   Finished:    MasterMindTest"}}
TpTrace Verbose: 0 : 36804, 12, 2023/02/27, 23:06:15.938, 5250597120816, vstest.console.dll, TestRunRequest:SendTestRunMessage: Starting.
TpTrace Verbose: 0 : 36804, 12, 2023/02/27, 23:06:15.938, 5250597121285, vstest.console.dll, MulticastDelegateUtilities.SafeInvoke: TestRun.LogMessages: Invoking callback 1/1 for Microsoft.VisualStudio.TestPlatform.CommandLine.TestRunResultAggregator., took 0 ms.
TpTrace Information: 0 : 36804, 12, 2023/02/27, 23:06:15.938, 5250597121480, vstest.console.dll, TestRunRequest:SendTestRunMessage: Completed.
TpTrace Verbose: 0 : 36804, 12, 2023/02/27, 23:06:15.938, 5250597121666, vstest.console.dll, MulticastDelegateUtilities.SafeInvoke: LengthPrefixCommunicationChannel: MessageReceived: Invoking callback 1/1 for Microsoft.VisualStudio.TestPlatform.CommunicationUtilities.TestRequestSender+<>c__DisplayClass31_0., took 0 ms.
TpTrace Verbose: 0 : 36804, 12, 2023/02/27, 23:06:15.938, 5250597121948, vstest.console.dll, TcpClientExtensions.MessageLoopAsync: Polling on remoteEndPoint: 127.0.0.1:65528 localEndPoint: 127.0.0.1:65527
TpTrace Verbose: 0 : 36804, 4, 2023/02/27, 23:06:15.942, 5250597153760, vstest.console.dll, MulticastDelegateUtilities.SafeInvoke: InternalTestLoggerEvents.SendTestResult: Invoking callback 1/1 for Microsoft.VisualStudio.TestPlatform.CommandLine.Internal.ConsoleLogger., took 3 ms.
TpTrace Verbose: 0 : 36804, 4, 2023/02/27, 23:06:15.942, 5250597156828, vstest.console.dll, MulticastDelegateUtilities.SafeInvoke: InternalTestLoggerEvents.SendTestResult: Invoking callback 1/1 for Microsoft.VisualStudio.TestPlatform.CommandLine.Internal.ConsoleLogger., took 0 ms.
TpTrace Verbose: 0 : 36804, 4, 2023/02/27, 23:06:15.942, 5250597157514, vstest.console.dll, MulticastDelegateUtilities.SafeInvoke: InternalTestLoggerEvents.SendTestResult: Invoking callback 1/1 for Microsoft.VisualStudio.TestPlatform.CommandLine.Internal.ConsoleLogger., took 0 ms.
TpTrace Verbose: 0 : 36804, 4, 2023/02/27, 23:06:15.942, 5250597157785, vstest.console.dll, MulticastDelegateUtilities.SafeInvoke: InternalTestLoggerEvents.SendTestResult: Invoking callback 1/1 for Microsoft.VisualStudio.TestPlatform.CommandLine.Internal.ConsoleLogger., took 0 ms.
TpTrace Verbose: 0 : 36804, 4, 2023/02/27, 23:06:15.942, 5250597158052, vstest.console.dll, MulticastDelegateUtilities.SafeInvoke: InternalTestLoggerEvents.SendTestResult: Invoking callback 1/1 for Microsoft.VisualStudio.TestPlatform.CommandLine.Internal.ConsoleLogger., took 0 ms.
TpTrace Verbose: 0 : 36804, 4, 2023/02/27, 23:06:15.942, 5250597158322, vstest.console.dll, MulticastDelegateUtilities.SafeInvoke: InternalTestLoggerEvents.SendTestResult: Invoking callback 1/1 for Microsoft.VisualStudio.TestPlatform.CommandLine.Internal.ConsoleLogger., took 0 ms.
TpTrace Verbose: 0 : 36804, 4, 2023/02/27, 23:06:15.942, 5250597158570, vstest.console.dll, MulticastDelegateUtilities.SafeInvoke: InternalTestLoggerEvents.SendTestResult: Invoking callback 1/1 for Microsoft.VisualStudio.TestPlatform.CommandLine.Internal.ConsoleLogger., took 0 ms.
TpTrace Verbose: 0 : 36804, 4, 2023/02/27, 23:06:15.942, 5250597158847, vstest.console.dll, MulticastDelegateUtilities.SafeInvoke: InternalTestLoggerEvents.SendTestRunMessage: Invoking callback 1/1 for Microsoft.VisualStudio.TestPlatform.CommandLine.Internal.ConsoleLogger., took 0 ms.
TpTrace Verbose: 0 : 36804, 12, 2023/02/27, 23:06:15.946, 5250597193852, vstest.console.dll, TcpClientExtensions.MessageLoopAsync: NotifyDataAvailable remoteEndPoint: 127.0.0.1:65528 localEndPoint: 127.0.0.1:65527
TpTrace Verbose: 0 : 36804, 12, 2023/02/27, 23:06:15.946, 5250597196245, vstest.console.dll, TestRequestSender.OnExecutionMessageReceived: Received message: {"Version":7,"MessageType":"TestExecution.Completed","Payload":{"TestRunCompleteArgs":{"TestRunStatistics":{"ExecutedTests":15,"Stats":{"Passed":15}},"IsCanceled":false,"IsAborted":false,"Error":null,"AttachmentSets":[],"InvokedDataCollectors":[],"ElapsedTimeInRunningTests":"00:00:01.0950898","Metrics":{},"DiscoveredExtensions":{"TestDiscoverers":["Xunit.Runner.VisualStudio.VsTestRunner, xunit.runner.visualstudio.dotnetcore.testadapter, Version=2.4.0.0, Culture=neutral, PublicKeyToken=8d05b1bb7a6fdb6c"],"TestExecutors":["executor://xunit/VsTestRunner2/netcoreapp"],"TestExecutors2":[],"TestSettingsProviders":[]}},"LastRunTests":{"NewTestResults":[{"TestCase":{"Id":"f1c32401-a126-4fdf-dba8-cd94662520dd","FullyQualifiedName":"MasterMindTest.SolutionWithFixedListTests.One_Correct_Guessed_Color_With_Position_And_One_Guessed_Color_ShouldReturn_1_1","DisplayName":"MasterMindTest.SolutionWithFixedListTests.One_Correct_Guessed_Color_With_Position_And_One_Guessed_Color_ShouldReturn_1_1","ExecutorUri":"executor://xunit/VsTestRunner2/netcoreapp","Source":"C:\\data\\dev\\MasterMind\\MasterMindTest\\bin\\Release\\net6.0\\fine-code-coverage\\build-output\\MasterMindTest.dll","CodeFilePath":null,"LineNumber":0,"Properties":[]},"Attachments":[],"Outcome":1,"ErrorMessage":null,"ErrorStackTrace":null,"DisplayName":"MasterMindTest.SolutionWithFixedListTests.One_Correct_Guessed_Color_With_Position_And_One_Guessed_Color_ShouldReturn_1_1","Messages":[],"ComputerName":"LT-CH-221","Duration":"00:00:00.0000788","StartTime":"2023-02-27T22:06:15.9125786+00:00","EndTime":"2023-02-27T22:06:15.9125787+00:00","Properties":[]},{"TestCase":{"Id":"8fb56aab-bb2e-c52f-eb11-9fab17eff1f2","FullyQualifiedName":"MasterMindTest.SolutionWithDynamicListTests.Two_Correct_Guessed_Color_With_Position_And_Two_Guessed_Color_ShouldReturn_2_2","DisplayName":"MasterMindTest.SolutionWithDynamicListTests.Two_Correct_Guessed_Color_With_Position_And_Two_Guessed_Color_ShouldReturn_2_2","ExecutorUri":"executor://xunit/VsTestRunner2/netcoreapp","Source":"C:\\data\\dev\\MasterMind\\MasterMindTest\\bin\\Release\\net6.0\\fine-code-coverage\\build-output\\MasterMindTest.dll","CodeFilePath":null,"LineNumber":0,"Properties":[]},"Attachments":[],"Outcome":1,"ErrorMessage":null,"ErrorStackTrace":null,"DisplayName":"MasterMindTest.SolutionWithDynamicListTests.Two_Correct_Guessed_Color_With_Position_And_Two_Guessed_Color_ShouldReturn_2_2","Messages":[],"ComputerName":"LT-CH-221","Duration":"00:00:00.0001235","StartTime":"2023-02-27T22:06:15.9146951+00:00","EndTime":"2023-02-27T22:06:15.9146952+00:00","Properties":[]},{"TestCase":{"Id":"4bb28ba5-ada6-c571-e187-e900b263c040","FullyQualifiedName":"MasterMindTest.SolutionWithDictionaryTests.One_Correct_Guessed_Color_With_Position_And_One_Guessed_Color_ShouldReturn_1_1","DisplayName":"MasterMindTest.SolutionWithDictionaryTests.One_Correct_Guessed_Color_With_Position_And_One_Guessed_Color_ShouldReturn_1_1","ExecutorUri":"executor://xunit/VsTestRunner2/netcoreapp","Source":"C:\\data\\dev\\MasterMind\\MasterMindTest\\bin\\Release\\net6.0\\fine-code-coverage\\build-output\\MasterMindTest.dll","CodeFilePath":null,"LineNumber":0,"Properties":[]},"Attachments":[],"Outcome":1,"ErrorMessage":null,"ErrorStackTrace":null,"DisplayName":"MasterMindTest.SolutionWithDictionaryTests.One_Correct_Guessed_Color_With_Position_And_One_Guessed_Color_ShouldReturn_1_1","Messages":[],"ComputerName":"LT-CH-221","Duration":"00:00:00.0001524","StartTime":"2023-02-27T22:06:15.9156261+00:00","EndTime":"2023-02-27T22:06:15.9156261+00:00","Properties":[]},{"TestCase":{"Id":"ee3dcc1e-221b-17b3-4972-310f3b464115","FullyQualifiedName":"MasterMindTest.SolutionWithFixedListTests.Two_Correct_Guessed_Color_With_Position_And_Two_Guessed_Color_ShouldReturn_2_2","DisplayName":"MasterMindTest.SolutionWithFixedListTests.Two_Correct_Guessed_Color_With_Position_And_Two_Guessed_Color_ShouldReturn_2_2","ExecutorUri":"executor://xunit/VsTestRunner2/netcoreapp","Source":"C:\\data\\dev\\MasterMind\\MasterMindTest\\bin\\Release\\net6.0\\fine-code-coverage\\build-output\\MasterMindTest.dll","CodeFilePath":null,"LineNumber":0,"Properties":[]},"Attachments":[],"Outcome":1,"ErrorMessage":null,"ErrorStackTrace":null,"DisplayName":"MasterMindTest.SolutionWithFixedListTests.Two_Correct_Guessed_Color_With_Position_And_Two_Guessed_Color_ShouldReturn_2_2","Messages":[],"ComputerName":"LT-CH-221","Duration":"00:00:00.0000813","StartTime":"2023-02-27T22:06:15.9189515+00:00","EndTime":"2023-02-27T22:06:15.9189516+00:00","Properties":[]},{"TestCase":{"Id":"da0cab54-6354-57ab-ca61-72058c558f9d","FullyQualifiedName":"MasterMindTest.SolutionWithDynamicListTests.One_Correct_Guessed_Color_ShouldReturn_0_1","DisplayName":"MasterMindTest.SolutionWithDynamicListTests.One_Correct_Guessed_Color_ShouldReturn_0_1","ExecutorUri":"executor://xunit/VsTestRunner2/netcoreapp","Source":"C:\\data\\dev\\MasterMind\\MasterMindTest\\bin\\Release\\net6.0\\fine-code-coverage\\build-output\\MasterMindTest.dll","CodeFilePath":null,"LineNumber":0,"Properties":[]},"Attachments":[],"Outcome":1,"ErrorMessage":null,"ErrorStackTrace":null,"DisplayName":"MasterMindTest.SolutionWithDynamicListTests.One_Correct_Guessed_Color_ShouldReturn_0_1","Messages":[],"ComputerName":"LT-CH-221","Duration":"00:00:00.0001364","StartTime":"2023-02-27T22:06:15.919998+00:00","EndTime":"2023-02-27T22:06:15.9199981+00:00","Properties":[]},{"TestCase":{"Id":"952d601d-e3be-74e7-5cbd-29577d4ffb0e","FullyQualifiedName":"MasterMindTest.SolutionWithDictionaryTests.One_Correct_Guessed_Color_ShouldReturn_0_1","DisplayName":"MasterMindTest.SolutionWithDictionaryTests.One_Correct_Guessed_Color_ShouldReturn_0_1","ExecutorUri":"executor://xunit/VsTestRunner2/netcoreapp","Source":"C:\\data\\dev\\MasterMind\\MasterMindTest\\bin\\Release\\net6.0\\fine-code-coverage\\build-output\\MasterMindTest.dll","CodeFilePath":null,"LineNumber":0,"Properties":[]},"Attachments":[],"Outcome":1,"ErrorMessage":null,"ErrorStackTrace":null,"DisplayName":"MasterMindTest.SolutionWithDictionaryTests.One_Correct_Guessed_Color_ShouldReturn_0_1","Messages":[],"ComputerName":"LT-CH-221","Duration":"00:00:00.0001436","StartTime":"2023-02-27T22:06:15.9210487+00:00","EndTime":"2023-02-27T22:06:15.9210488+00:00","Properties":[]},{"TestCase":{"Id":"9e90e2fc-f343-d93b-bd2f-7d4d28b74db3","FullyQualifiedName":"MasterMindTest.SolutionWithDynamicListTests.One_Correct_Guessed_Color_With_Position_And_One_Guessed_Color_ShouldReturn_1_1","DisplayName":"MasterMindTest.SolutionWithDynamicListTests.One_Correct_Guessed_Color_With_Position_And_One_Guessed_Color_ShouldReturn_1_1","ExecutorUri":"executor://xunit/VsTestRunner2/netcoreapp","Source":"C:\\data\\dev\\MasterMind\\MasterMindTest\\bin\\Release\\net6.0\\fine-code-coverage\\build-output\\MasterMindTest.dll","CodeFilePath":null,"LineNumber":0,"Properties":[]},"Attachments":[],"Outcome":1,"ErrorMessage":null,"ErrorStackTrace":null,"DisplayName":"MasterMindTest.SolutionWithDynamicListTests.One_Correct_Guessed_Color_With_Position_And_One_Guessed_Color_ShouldReturn_1_1","Messages":[],"ComputerName":"LT-CH-221","Duration":"00:00:00.0001234","StartTime":"2023-02-27T22:06:15.9241023+00:00","EndTime":"2023-02-27T22:06:15.9241024+00:00","Properties":[]},{"TestCase":{"Id":"064d1b23-b3b2-fbf1-a972-1f46f5330254","FullyQualifiedName":"MasterMindTest.SolutionWithDictionaryTests.No_Correct_Guessed_Color_ShouldReturn_0_0","DisplayName":"MasterMindTest.SolutionWithDictionaryTests.No_Correct_Guessed_Color_ShouldReturn_0_0","ExecutorUri":"executor://xunit/VsTestRunner2/netcoreapp","Source":"C:\\data\\dev\\MasterMind\\MasterMindTest\\bin\\Release\\net6.0\\fine-code-coverage\\build-output\\MasterMindTest.dll","CodeFilePath":null,"LineNumber":0,"Properties":[]},"Attachments":[],"Outcome":1,"ErrorMessage":null,"ErrorStackTrace":null,"DisplayName":"MasterMindTest.SolutionWithDictionaryTests.No_Correct_Guessed_Color_ShouldReturn_0_0","Messages":[],"ComputerName":"LT-CH-221","Duration":"00:00:00.0001243","StartTime":"2023-02-27T22:06:15.9252306+00:00","EndTime":"2023-02-27T22:06:15.9252306+00:00","Properties":[]}],"TestRunStatistics":{"ExecutedTests":15,"Stats":{"Passed":15}},"ActiveTests":[]},"RunAttachments":[],"ExecutorUris":["executor://xunit/VsTestRunner2/netcoreapp"]}}
TpTrace Verbose: 0 : 36804, 12, 2023/02/27, 23:06:15.946, 5250597197658, vstest.console.dll, TestRequestSender.EndSession: Sending end session.
TpTrace Verbose: 0 : 36804, 12, 2023/02/27, 23:06:15.946, 5250597199447, vstest.console.dll, ProxyOperationManager.Close: waiting for test host to exit for 100 ms
TpTrace Warning: 0 : 36804, 11, 2023/02/27, 23:06:15.973, 5250597470373, vstest.console.dll, TestHostManagerCallbacks.ErrorReceivedCallback Test host standard error line: 
TpTrace Verbose: 0 : 36804, 11, 2023/02/27, 23:06:15.991, 5250597645855, vstest.console.dll, TestHostProvider.ExitCallBack: Host exited starting callback.
TpTrace Information: 0 : 36804, 11, 2023/02/27, 23:06:15.991, 5250597647938, vstest.console.dll, TestHostManagerCallbacks.ExitCallBack: Testhost processId: 39244 exited with exitcode: 0 error: ''
TpTrace Verbose: 0 : 36804, 11, 2023/02/27, 23:06:15.991, 5250597648342, vstest.console.dll, DotnetTestHostManager.OnHostExited: invoking OnHostExited callback
TpTrace Verbose: 0 : 36804, 11, 2023/02/27, 23:06:15.991, 5250597648816, vstest.console.dll, CrossPlatEngine.TestHostManagerHostExited: calling on client process exit callback.
TpTrace Information: 0 : 36804, 11, 2023/02/27, 23:06:15.991, 5250597649267, vstest.console.dll, TestRequestSender.OnClientProcessExit: Test host process exited. Standard error: 
TpTrace Information: 0 : 36804, 11, 2023/02/27, 23:06:15.991, 5250597649637, vstest.console.dll, SocketServer.Stop: Stop server endPoint: 127.0.0.1:65527
TpTrace Information: 0 : 36804, 11, 2023/02/27, 23:06:15.991, 5250597649958, vstest.console.dll, SocketServer.Stop: Cancellation requested. Stopping message loop.
TpTrace Information: 0 : 36804, 12, 2023/02/27, 23:06:15.991, 5250597650408, vstest.console.dll, SocketServer.Stop: Stop server endPoint: 127.0.0.1:65527
TpTrace Information: 0 : 36804, 12, 2023/02/27, 23:06:15.991, 5250597651052, vstest.console.dll, SocketServer.Stop: Cancellation requested. Stopping message loop.
TpTrace Verbose: 0 : 36804, 11, 2023/02/27, 23:06:15.991, 5250597651056, vstest.console.dll, MulticastDelegateUtilities.SafeInvoke: HostProviderEvents.OnHostExited: Invoking callback 1/1 for Microsoft.VisualStudio.TestPlatform.CrossPlatEngine.Client.ProxyOperationManager., took 0 ms.
TpTrace Information: 0 : 36804, 12, 2023/02/27, 23:06:15.991, 5250597651920, vstest.console.dll, Closing the connection
TpTrace Verbose: 0 : 36804, 12, 2023/02/27, 23:06:15.992, 5250597654378, vstest.console.dll, ProxyDataCollectionManager.InvokeDataCollectionServiceAction: Starting.
TpTrace Information: 0 : 36804, 12, 2023/02/27, 23:06:15.992, 5250597654790, vstest.console.dll, ProxyDataCollectionManager.AfterTestRunEnd: Get attachment set and invoked data collectors processId: 27352 port: 65524
TpTrace Verbose: 0 : 36804, 12, 2023/02/27, 23:06:15.992, 5250597655163, vstest.console.dll, DataCollectionRequestSender.SendAfterTestRunStartAndGetResult: Send AfterTestRunEnd message with isCancelled: False
TpTrace Verbose: 0 : 36804, 12, 2023/02/27, 23:06:16.000, 5250597735390, vstest.console.dll, DataCollectionRequestSender.SendAfterTestRunStartAndGetResult: Received message: (DataCollection.AfterTestRunEndResult) -> {"MessageType":"DataCollection.AfterTestRunEndResult","Payload":{"AttachmentSets":[],"InvokedDataCollectors":[{"Uri":"datacollector://Microsoft/TestPlatform/Extensions/Blame/v1","FriendlyName":"Blame","AssemblyQualifiedName":"Microsoft.TestPlatform.Extensions.BlameDataCollector.BlameCollector, Microsoft.TestPlatform.Extensions.BlameDataCollector, Version=15.0.0.0, Culture=neutral, PublicKeyToken=b03f5f7f11d50a3a","FilePath":"C:\\Program Files\\dotnet\\sdk\\7.0.102\\Extensions\\Microsoft.TestPlatform.Extensions.BlameDataCollector.dll","HasAttachmentProcessor":false}],"Metrics":{}}}
TpTrace Information: 0 : 36804, 12, 2023/02/27, 23:06:16.006, 5250597795690, vstest.console.dll, ProxyDataCollectionManager.InvokeDataCollectionServiceAction: Completed.
TpTrace Warning: 0 : 36804, 9, 2023/02/27, 23:06:16.006, 5250597802992, vstest.console.dll, DataCollectionLauncher.ErrorReceivedCallback datacollector standard error line: 
TpTrace Information: 0 : 36804, 9, 2023/02/27, 23:06:16.015, 5250597889323, vstest.console.dll, DataCollectionLauncher.ExitCallBack: Data collector exited with exitcode: 0 error: ''
TpTrace Verbose: 0 : 36804, 12, 2023/02/27, 23:06:16.045, 5250598192135, vstest.console.dll, TestRunRequest:SendTestRunStatsChange: Starting.
TpTrace Verbose: 0 : 36804, 12, 2023/02/27, 23:06:16.046, 5250598193925, vstest.console.dll, MulticastDelegateUtilities.SafeInvoke: TestRun.RunStatsChanged: Invoking callbacks was skipped because there are no subscribers.
TpTrace Information: 0 : 36804, 12, 2023/02/27, 23:06:16.046, 5250598194238, vstest.console.dll, TestRunRequest:SendTestRunStatsChange: Completed.
TpTrace Verbose: 0 : 36804, 4, 2023/02/27, 23:06:16.046, 5250598194981, vstest.console.dll, MulticastDelegateUtilities.SafeInvoke: InternalTestLoggerEvents.SendTestResult: Invoking callback 1/1 for Microsoft.VisualStudio.TestPlatform.CommandLine.Internal.ConsoleLogger., took 0 ms.
TpTrace Verbose: 0 : 36804, 4, 2023/02/27, 23:06:16.046, 5250598195816, vstest.console.dll, MulticastDelegateUtilities.SafeInvoke: InternalTestLoggerEvents.SendTestResult: Invoking callback 1/1 for Microsoft.VisualStudio.TestPlatform.CommandLine.Internal.ConsoleLogger., took 0 ms.
TpTrace Verbose: 0 : 36804, 4, 2023/02/27, 23:06:16.046, 5250598196198, vstest.console.dll, MulticastDelegateUtilities.SafeInvoke: InternalTestLoggerEvents.SendTestResult: Invoking callback 1/1 for Microsoft.VisualStudio.TestPlatform.CommandLine.Internal.ConsoleLogger., took 0 ms.
TpTrace Verbose: 0 : 36804, 12, 2023/02/27, 23:06:16.046, 5250598198713, vstest.console.dll, ParallelProxyExecutionManager: HandlePartialRunComplete: Total completed clients = 1, Run complete = True, Run canceled: False.
TpTrace Verbose: 0 : 36804, 4, 2023/02/27, 23:06:16.047, 5250598205073, vstest.console.dll, MulticastDelegateUtilities.SafeInvoke: InternalTestLoggerEvents.SendTestResult: Invoking callback 1/1 for Microsoft.VisualStudio.TestPlatform.CommandLine.Internal.ConsoleLogger., took 0 ms.
TpTrace Verbose: 0 : 36804, 4, 2023/02/27, 23:06:16.047, 5250598205757, vstest.console.dll, MulticastDelegateUtilities.SafeInvoke: InternalTestLoggerEvents.SendTestResult: Invoking callback 1/1 for Microsoft.VisualStudio.TestPlatform.CommandLine.Internal.ConsoleLogger., took 0 ms.
TpTrace Verbose: 0 : 36804, 4, 2023/02/27, 23:06:16.047, 5250598206069, vstest.console.dll, MulticastDelegateUtilities.SafeInvoke: InternalTestLoggerEvents.SendTestResult: Invoking callback 1/1 for Microsoft.VisualStudio.TestPlatform.CommandLine.Internal.ConsoleLogger., took 0 ms.
TpTrace Verbose: 0 : 36804, 4, 2023/02/27, 23:06:16.047, 5250598206326, vstest.console.dll, MulticastDelegateUtilities.SafeInvoke: InternalTestLoggerEvents.SendTestResult: Invoking callback 1/1 for Microsoft.VisualStudio.TestPlatform.CommandLine.Internal.ConsoleLogger., took 0 ms.
TpTrace Verbose: 0 : 36804, 4, 2023/02/27, 23:06:16.047, 5250598206631, vstest.console.dll, MulticastDelegateUtilities.SafeInvoke: InternalTestLoggerEvents.SendTestResult: Invoking callback 1/1 for Microsoft.VisualStudio.TestPlatform.CommandLine.Internal.ConsoleLogger., took 0 ms.
TpTrace Verbose: 0 : 36804, 4, 2023/02/27, 23:06:16.056, 5250598300178, vstest.console.dll, MulticastDelegateUtilities.SafeInvoke: InternalTestLoggerEvents.SendTestRunComplete: Invoking callback 1/2 for Microsoft.TestPlatform.Extensions.BlameDataCollector.BlameLogger., took 0 ms.
TpTrace Verbose: 0 : 36804, 4, 2023/02/27, 23:06:16.063, 5250598363944, vstest.console.dll, MulticastDelegateUtilities.SafeInvoke: InternalTestLoggerEvents.SendTestRunComplete: Invoking callback 2/2 for Microsoft.VisualStudio.TestPlatform.CommandLine.Internal.ConsoleLogger., took 6 ms.
TpTrace Verbose: 0 : 36804, 12, 2023/02/27, 23:06:16.063, 5250598368927, vstest.console.dll, TestRunRequest:TestRunComplete: Starting. IsAborted:False IsCanceled:False.
TpTrace Verbose: 0 : 36804, 12, 2023/02/27, 23:06:16.064, 5250598380968, vstest.console.dll, TestLoggerManager.HandleTestRunComplete: Ignoring as the object is disposed.
TpTrace Verbose: 0 : 36804, 12, 2023/02/27, 23:06:16.065, 5250598383227, vstest.console.dll, MulticastDelegateUtilities.SafeInvoke: TestRun.TestRunComplete: Invoking callback 1/2 for Microsoft.VisualStudio.TestPlatform.CommandLine.TestRunResultAggregator., took 0 ms.
TpTrace Verbose: 0 : 36804, 12, 2023/02/27, 23:06:16.065, 5250598384628, vstest.console.dll, MulticastDelegateUtilities.SafeInvoke: TestRun.TestRunComplete: Invoking callback 2/2 for Microsoft.VisualStudio.TestPlatform.CommandLine.Processors.RunTestsArgumentExecutor+TestRunRequestEventsRegistrar., took 0 ms.
TpTrace Information: 0 : 36804, 12, 2023/02/27, 23:06:16.065, 5250598385510, vstest.console.dll, TestRunRequest:TestRunComplete: Completed.
TpTrace Verbose: 0 : 36804, 12, 2023/02/27, 23:06:16.065, 5250598385808, vstest.console.dll, TestRequestSender.SetOperationComplete: Setting operation complete.
TpTrace Information: 0 : 36804, 12, 2023/02/27, 23:06:16.065, 5250598386090, vstest.console.dll, SocketServer.Stop: Stop server endPoint: 127.0.0.1:65527
TpTrace Information: 0 : 36804, 12, 2023/02/27, 23:06:16.065, 5250598386275, vstest.console.dll, SocketServer.Stop: Cancellation requested. Stopping message loop.
TpTrace Verbose: 0 : 36804, 12, 2023/02/27, 23:06:16.065, 5250598386499, vstest.console.dll, MulticastDelegateUtilities.SafeInvoke: LengthPrefixCommunicationChannel: MessageReceived: Invoking callback 1/1 for Microsoft.VisualStudio.TestPlatform.CommunicationUtilities.TestRequestSender+<>c__DisplayClass31_0., took 119 ms.
TpTrace Information: 0 : 36804, 12, 2023/02/27, 23:06:16.065, 5250598387045, vstest.console.dll, SocketServer.PrivateStop: Stopping server endPoint: 127.0.0.1:65527 error: 
TpTrace Verbose: 0 : 36804, 1, 2023/02/27, 23:06:16.065, 5250598387256, vstest.console.dll, TestRunRequest.Dispose: Starting.
TpTrace Information: 0 : 36804, 1, 2023/02/27, 23:06:16.065, 5250598388097, vstest.console.dll, TestRunRequest.Dispose: Completed.
TpTrace Information: 0 : 36804, 1, 2023/02/27, 23:06:16.065, 5250598388437, vstest.console.dll, TestRequestManager.RunTests: run tests completed.
TpTrace Information: 0 : 36804, 1, 2023/02/27, 23:06:16.065, 5250598389535, vstest.console.dll, RunTestsArgumentProcessor:Execute: Test run is completed.
TpTrace Verbose: 0 : 36804, 1, 2023/02/27, 23:06:16.065, 5250598391487, vstest.console.dll, Executor.Execute: Exiting with exit code of 0
TpTrace Verbose: 0 : 36804, 12, 2023/02/27, 23:06:16.065, 5250598391514, vstest.console.dll, LengthPrefixCommunicationChannel.Dispose: Dispose reader and writer.
TpTrace Information: 0 : 36804, 12, 2023/02/27, 23:06:16.065, 5250598392412, vstest.console.dll, SocketServer.Stop: Raise disconnected event endPoint: 127.0.0.1:65527 error: 
TpTrace Verbose: 0 : 36804, 12, 2023/02/27, 23:06:16.066, 5250598393242, vstest.console.dll, TestRequestSender: OnTestRunAbort: Operation is already complete. Skip error message.
TpTrace Verbose: 0 : 36804, 12, 2023/02/27, 23:06:16.066, 5250598393522, vstest.console.dll, MulticastDelegateUtilities.SafeInvoke: SocketServer: ClientDisconnected: Invoking callback 1/1 for Microsoft.VisualStudio.TestPlatform.CommunicationUtilities.TestRequestSender., took 0 ms.
TpTrace Verbose: 0 : 36804, 12, 2023/02/27, 23:06:16.066, 5250598393783, vstest.console.dll, TcpClientExtensions.MessageLoopAsync: exiting MessageLoopAsync remoteEndPoint: 127.0.0.1:65528 localEndPoint: 127.0.0.1:65527
